{"label":"STARTUP","level":"info","message":"TransitOps Backend Server Started on port 5000","timestamp":"2026-07-14 00:01:31"}
{"label":"STARTUP","level":"info","message":"Railway MySQL Connected","timestamp":"2026-07-14 00:01:31"}
{"label":"STARTUP","level":"info","message":"TransitOps Backend Server Started on port 5000","timestamp":"2026-07-14 00:02:25"}
{"label":"STARTUP","level":"info","message":"Railway MySQL Connected","timestamp":"2026-07-14 00:02:25"}
{"label":"STARTUP","level":"info","message":"TransitOps Backend Server Started on port 5000","timestamp":"2026-07-14 00:03:30"}
{"label":"STARTUP","level":"info","message":"Railway MySQL Connected","timestamp":"2026-07-14 00:03:30"}
{"label":"STARTUP","level":"info","message":"TransitOps Backend Server Started on port 5000","timestamp":"2026-07-14 00:05:07"}
{"label":"STARTUP","level":"info","message":"Railway MySQL Connected","timestamp":"2026-07-14 00:05:07"}
{"label":"STARTUP","level":"info","message":"TransitOps Backend Server Started on port 5000","timestamp":"2026-07-14 00:06:32"}
{"label":"STARTUP","level":"info","message":"Railway MySQL Connected","timestamp":"2026-07-14 00:06:32"}
{"label":"STARTUP","level":"info","message":"TransitOps Backend Server Started on port 5000","timestamp":"2026-07-14 00:07:12"}
{"label":"STARTUP","level":"info","message":"Railway MySQL Connected","timestamp":"2026-07-14 00:07:12"}
{"label":"STARTUP","level":"info","message":"TransitOps Backend Server Started on port 5000","timestamp":"2026-07-14 00:09:18"}
{"label":"STARTUP","level":"info","message":"Railway MySQL Connected","timestamp":"2026-07-14 00:09:18"}
{"label":"STARTUP","level":"info","message":"TransitOps Backend Server Started on port 5000","timestamp":"2026-07-14 00:20:43"}
{"label":"STARTUP","level":"info","message":"Railway MySQL Connected","timestamp":"2026-07-14 00:20:43"}
{"label":"STARTUP","level":"info","message":"TransitOps Backend Server Started on port 5000","timestamp":"2026-07-14 00:20:55"}
{"label":"STARTUP","level":"info","message":"Railway MySQL Connected","timestamp":"2026-07-14 00:20:55"}
{"label":"STARTUP","level":"info","message":"TransitOps Backend Server Started on port 5000","timestamp":"2026-07-14 00:21:06"}
{"label":"STARTUP","level":"info","message":"Railway MySQL Connected","timestamp":"2026-07-14 00:21:06"}
{"label":"STARTUP","level":"info","message":"TransitOps Backend Server Started on port 5000","timestamp":"2026-07-14 00:21:15"}
{"label":"STARTUP","level":"info","message":"Railway MySQL Connected","timestamp":"2026-07-14 00:21:15"}
{"label":"STARTUP","level":"info","message":"TransitOps Backend Server Started on port 5000","timestamp":"2026-07-14 00:21:28"}
{"label":"STARTUP","level":"info","message":"Railway MySQL Connected","timestamp":"2026-07-14 00:21:28"}
{"label":"STARTUP","level":"info","message":"TransitOps Backend Server Started on port 5000","timestamp":"2026-07-14 00:21:37"}
{"label":"STARTUP","level":"info","message":"Railway MySQL Connected","timestamp":"2026-07-14 00:21:37"}
{"label":"STARTUP","level":"info","message":"TransitOps Backend Server Started on port 5000","timestamp":"2026-07-14 00:22:19"}
{"label":"STARTUP","level":"info","message":"Railway MySQL Connected","timestamp":"2026-07-14 00:22:19"}
{"label":"STARTUP","level":"info","message":"TransitOps Backend Server Started on port 5000","timestamp":"2026-07-14 00:46:57"}
{"label":"STARTUP","level":"info","message":"Railway MySQL Connected","timestamp":"2026-07-14 00:46:57"}
{"label":"STARTUP","level":"info","message":"TransitOps Backend Server Started on port 5000","timestamp":"2026-07-14 00:47:30"}
{"label":"STARTUP","level":"info","message":"Railway MySQL Connected","timestamp":"2026-07-14 00:47:30"}
{"label":"STARTUP","level":"info","message":"TransitOps Backend Server Started on port 5000","timestamp":"2026-07-14 00:47:42"}
{"label":"STARTUP","level":"info","message":"Railway MySQL Connected","timestamp":"2026-07-14 00:47:42"}
{"label":"STARTUP","level":"info","message":"TransitOps Backend Server Started on port 5000","timestamp":"2026-07-14 00:47:52"}
{"label":"STARTUP","level":"info","message":"Railway MySQL Connected","timestamp":"2026-07-14 00:47:52"}
{"label":"STARTUP","level":"info","message":"TransitOps Backend Server Started on port 5000","timestamp":"2026-07-14 00:48:04"}
{"label":"STARTUP","level":"info","message":"Railway MySQL Connected","timestamp":"2026-07-14 00:48:04"}
{"label":"STARTUP","level":"info","message":"TransitOps Backend Server Started on port 5000","timestamp":"2026-07-14 00:48:13"}
{"label":"STARTUP","level":"info","message":"Railway MySQL Connected","timestamp":"2026-07-14 00:48:13"}
{"label":"STARTUP","level":"info","message":"TransitOps Backend Server Started on port 5000","timestamp":"2026-07-14 00:48:36"}
{"label":"STARTUP","level":"info","message":"Railway MySQL Connected","timestamp":"2026-07-14 00:48:36"}
{"label":"STARTUP","level":"info","message":"TransitOps Backend Server Started on port 5000","timestamp":"2026-07-14 00:51:34"}
{"label":"STARTUP","level":"info","message":"Railway MySQL Connected","timestamp":"2026-07-14 00:51:34"}
{"label":"STARTUP","level":"info","message":"TransitOps Backend Server Started on port 5000","timestamp":"2026-07-14 00:51:45"}
{"label":"STARTUP","level":"info","message":"Railway MySQL Connected","timestamp":"2026-07-14 00:51:45"}
{"label":"STARTUP","level":"info","message":"TransitOps Backend Server Started on port 5000","timestamp":"2026-07-14 00:58:21"}
{"label":"STARTUP","level":"info","message":"Railway MySQL Connected","timestamp":"2026-07-14 00:58:21"}
{"label":"STARTUP","level":"info","message":"TransitOps Backend Server Started on port 5000","timestamp":"2026-07-14 00:58:30"}
{"label":"STARTUP","level":"info","message":"Railway MySQL Connected","timestamp":"2026-07-14 00:58:30"}
{"label":"STARTUP","level":"info","message":"TransitOps Backend Server Started on port 5000","timestamp":"2026-07-14 00:58:41"}
{"label":"STARTUP","level":"info","message":"Railway MySQL Connected","timestamp":"2026-07-14 00:58:41"}
{"label":"STARTUP","level":"info","message":"TransitOps Backend Server Started on port 5000","timestamp":"2026-07-14 00:58:52"}
{"label":"STARTUP","level":"info","message":"Railway MySQL Connected","timestamp":"2026-07-14 00:58:52"}
{"label":"STARTUP","level":"info","message":"TransitOps Backend Server Started on port 5000","timestamp":"2026-07-14 00:59:04"}
{"label":"STARTUP","level":"info","message":"Railway MySQL Connected","timestamp":"2026-07-14 00:59:04"}
{"label":"STARTUP","level":"info","message":"TransitOps Backend Server Started on port 5000","timestamp":"2026-07-14 00:59:14"}
{"label":"STARTUP","level":"info","message":"Railway MySQL Connected","timestamp":"2026-07-14 00:59:14"}
{"label":"STARTUP","level":"info","message":"TransitOps Backend Server Started on port 5000","timestamp":"2026-07-14 01:02:17"}
{"label":"STARTUP","level":"info","message":"Railway MySQL Connected","timestamp":"2026-07-14 01:02:17"}
{"label":"STARTUP","level":"info","message":"TransitOps Backend Server Started on port 5000","timestamp":"2026-07-14 01:02:46"}
{"label":"STARTUP","level":"info","message":"Railway MySQL Connected","timestamp":"2026-07-14 01:02:46"}
{"label":"STARTUP","level":"info","message":"TransitOps Backend Server Started on port 5000","timestamp":"2026-07-14 01:02:59"}
{"label":"STARTUP","level":"info","message":"Railway MySQL Connected","timestamp":"2026-07-14 01:02:59"}
{"label":"STARTUP","level":"info","message":"TransitOps Backend Server Started on port 5000","timestamp":"2026-07-14 01:04:09"}
{"label":"STARTUP","level":"info","message":"Railway MySQL Connected","timestamp":"2026-07-14 01:04:09"}
{"label":"STARTUP","level":"info","message":"TransitOps Backend Server Started on port 5000","timestamp":"2026-07-14 01:20:56"}
{"label":"STARTUP","level":"info","message":"Railway MySQL Connected","timestamp":"2026-07-14 01:20:56"}
{"label":"STARTUP","level":"info","message":"TransitOps Backend Server Started on port 5000","timestamp":"2026-07-14 01:21:11"}
{"label":"STARTUP","level":"info","message":"Railway MySQL Connected","timestamp":"2026-07-14 01:21:11"}
{"label":"STARTUP","level":"info","message":"TransitOps Backend Server Started on port 5000","timestamp":"2026-07-14 01:21:33"}
{"label":"STARTUP","level":"info","message":"Railway MySQL Connected","timestamp":"2026-07-14 01:21:33"}
{"label":"STARTUP","level":"info","message":"TransitOps Backend Server Started on port 5000","timestamp":"2026-07-14 01:55:17"}
{"label":"STARTUP","level":"info","message":"Railway MySQL Connected","timestamp":"2026-07-14 01:55:17"}
{"label":"STARTUP","level":"info","message":"TransitOps Backend Server Started on port 5000","timestamp":"2026-07-14 01:55:28"}
{"label":"STARTUP","level":"info","message":"Railway MySQL Connected","timestamp":"2026-07-14 01:55:28"}
{"label":"STARTUP","level":"info","message":"TransitOps Backend Server Started on port 5000","timestamp":"2026-07-14 01:59:25"}
{"label":"STARTUP","level":"info","message":"Railway MySQL Connected","timestamp":"2026-07-14 01:59:25"}
{"label":"STARTUP","level":"info","message":"TransitOps Backend Server Started on port 5000","timestamp":"2026-07-14 02:23:58"}
{"label":"STARTUP","level":"info","message":"Railway MySQL Connected","timestamp":"2026-07-14 02:23:58"}
{"errorName":"Error","ip":"::1","label":"AUTH","level":"warn","message":"JWT Error: Table 'railway.user_roles' doesn't exist","requestId":"b796f4eb-f159-469c-8c7f-f7267bf26f2c","timestamp":"2026-07-14 02:25:16"}
{"errorName":"Error","ip":"::1","label":"AUTH","level":"warn","message":"JWT Error: Table 'railway.user_roles' doesn't exist","requestId":"8774c0ec-36d3-47c1-b4fa-712d69b57a2c","timestamp":"2026-07-14 02:25:17"}
{"errorName":"Error","ip":"::1","label":"AUTH","level":"warn","message":"JWT Error: Table 'railway.user_roles' doesn't exist","requestId":"a4ea52c9-0c68-4b1a-b158-6ea494acdc0a","timestamp":"2026-07-14 02:29:10"}
{"errorName":"Error","ip":"::1","label":"AUTH","level":"warn","message":"JWT Error: Table 'railway.user_roles' doesn't exist","requestId":"5aa07cc8-4823-48a3-8c04-691110c91cf2","timestamp":"2026-07-14 02:29:10"}
{"errorName":"Error","ip":"::1","label":"AUTH","level":"warn","message":"JWT Error: Table 'railway.user_roles' doesn't exist","requestId":"3512806d-ac8f-4e94-907e-5328b09931f8","timestamp":"2026-07-14 02:29:39"}
{"errorName":"Error","ip":"::1","label":"AUTH","level":"warn","message":"JWT Error: Table 'railway.user_roles' doesn't exist","requestId":"fd928258-fe5f-4c7e-8314-0c82e76f618b","timestamp":"2026-07-14 02:29:39"}
{"label":"STARTUP","level":"info","message":"TransitOps Backend Server Started on port 5000","timestamp":"2026-07-14 02:33:31"}
{"label":"STARTUP","level":"info","message":"Railway MySQL Connected","timestamp":"2026-07-14 02:33:31"}
{"errorName":"Error","ip":"::1","label":"AUTH","level":"warn","message":"JWT Error: Table 'railway.user_roles' doesn't exist","requestId":"ef23dc55-32c8-4d9c-83ae-c15f43b057ff","timestamp":"2026-07-14 02:34:12"}
{"errorName":"Error","ip":"::1","label":"AUTH","level":"warn","message":"JWT Error: Table 'railway.user_roles' doesn't exist","requestId":"cfe6b9b2-f629-4fa0-9fb4-06f2253c6013","timestamp":"2026-07-14 02:34:13"}
{"label":"STARTUP","level":"info","message":"TransitOps Backend Server Started on port 5000","timestamp":"2026-07-14 02:36:45"}
{"label":"STARTUP","level":"info","message":"Railway MySQL Connected","timestamp":"2026-07-14 02:36:45"}
{"errorName":"TokenExpiredError","ip":"::1","label":"AUTH","level":"warn","message":"JWT Error: jwt expired","requestId":"812db1a0-0637-4b2a-a608-d00ca63dd179","timestamp":"2026-07-14 02:46:40"}
{"errorName":"TokenExpiredError","ip":"::1","label":"AUTH","level":"warn","message":"JWT Error: jwt expired","requestId":"da3d3c9c-eb2b-4067-8f84-8100f0994983","timestamp":"2026-07-14 02:46:40"}
{"label":"STARTUP","level":"info","message":"TransitOps Backend Server Started on port 5000","timestamp":"2026-07-14 02:56:06"}
{"label":"STARTUP","level":"info","message":"Railway MySQL Connected","timestamp":"2026-07-14 02:56:06"}
{"label":"STARTUP","level":"info","message":"TransitOps Backend Server Started on port 5000","timestamp":"2026-07-14 02:58:10"}
{"label":"STARTUP","level":"info","message":"Railway MySQL Connected","timestamp":"2026-07-14 02:58:10"}
{"label":"STARTUP","level":"info","message":"TransitOps Backend Server Started on port 5000","timestamp":"2026-07-14 02:58:25"}
{"label":"STARTUP","level":"info","message":"Railway MySQL Connected","timestamp":"2026-07-14 02:58:25"}
{"label":"STARTUP","level":"info","message":"TransitOps Backend Server Started on port 5000","timestamp":"2026-07-14 02:58:46"}
{"label":"STARTUP","level":"info","message":"Railway MySQL Connected","timestamp":"2026-07-14 02:58:46"}
{"label":"STARTUP","level":"info","message":"TransitOps Backend Server Started on port 5000","timestamp":"2026-07-14 02:59:40"}
{"label":"STARTUP","level":"info","message":"Railway MySQL Connected","timestamp":"2026-07-14 02:59:40"}
{"label":"STARTUP","level":"info","message":"TransitOps Backend Server Started on port 5000","timestamp":"2026-07-14 03:08:50"}
{"label":"STARTUP","level":"info","message":"Railway MySQL Connected","timestamp":"2026-07-14 03:08:50"}
{"errorName":"TokenExpiredError","ip":"::1","label":"AUTH","level":"warn","message":"JWT Error: jwt expired","requestId":"f912c780-85f8-4645-8440-bbd83597b77b","timestamp":"2026-07-14 03:12:02"}
{"errorName":"TokenExpiredError","ip":"::1","label":"AUTH","level":"warn","message":"JWT Error: jwt expired","requestId":"4f2547a1-b3db-45ec-9196-debe5a8399d0","timestamp":"2026-07-14 03:12:02"}
{"label":"STARTUP","level":"info","message":"TransitOps Backend Server Started on port 5000","timestamp":"2026-07-14 03:35:41"}
{"label":"STARTUP","level":"info","message":"Railway MySQL Connected","timestamp":"2026-07-14 03:35:41"}
{"label":"STARTUP","level":"info","message":"TransitOps Backend Server Started on port 5000","timestamp":"2026-07-14 03:36:09"}
{"label":"STARTUP","level":"info","message":"Railway MySQL Connected","timestamp":"2026-07-14 03:36:09"}
{"label":"STARTUP","level":"info","message":"TransitOps Backend Server Started on port 5000","timestamp":"2026-07-14 03:36:23"}
{"label":"STARTUP","level":"info","message":"Railway MySQL Connected","timestamp":"2026-07-14 03:36:23"}
{"errorName":"TokenExpiredError","ip":"::1","label":"AUTH","level":"warn","message":"JWT Error: jwt expired","requestId":"0d8ed943-2dde-4182-8e5e-d5b6fbb18989","timestamp":"2026-07-14 03:36:44"}
{"errorName":"TokenExpiredError","ip":"::1","label":"AUTH","level":"warn","message":"JWT Error: jwt expired","requestId":"7b44226c-4bab-4e14-95a8-62cfcca9ad9f","timestamp":"2026-07-14 03:36:44"}
{"errorName":"JsonWebTokenError","ip":"::1","label":"AUTH","level":"warn","message":"JWT Error: jwt malformed","requestId":"562ac938-7dd5-4385-9bfd-3042f92f1dc8","timestamp":"2026-07-14 03:44:11"}
{"label":"STARTUP","level":"info","message":"TransitOps Backend Server Started on port 5000","timestamp":"2026-07-14 03:57:29"}
{"label":"STARTUP","level":"info","message":"Railway MySQL Connected","timestamp":"2026-07-14 03:57:29"}
{"label":"STARTUP","level":"info","message":"TransitOps Backend Server Started on port 5000","timestamp":"2026-07-14 12:04:33"}
{"label":"STARTUP","level":"info","message":"Railway MySQL Connected","timestamp":"2026-07-14 12:04:33"}
{"label":"STARTUP","level":"info","message":"TransitOps Backend Server Started on port 5000","timestamp":"2026-07-14 12:14:51"}
{"label":"STARTUP","level":"info","message":"Railway MySQL Connected","timestamp":"2026-07-14 12:14:51"}
{"errorName":"TokenExpiredError","ip":"::1","label":"AUTH","level":"warn","message":"JWT Error: jwt expired","requestId":"6b95b39e-796d-4408-a045-0eae31473cef","timestamp":"2026-07-14 12:33:59"}
{"errorName":"TokenExpiredError","ip":"::1","label":"AUTH","level":"warn","message":"JWT Error: jwt expired","requestId":"3003ce53-621a-4fc0-8908-1b0c32737429","timestamp":"2026-07-14 12:33:59"}
{"errorName":"TokenExpiredError","ip":"::1","label":"AUTH","level":"warn","message":"JWT Error: jwt expired","requestId":"d362cfbf-638d-4e35-ae70-8d5f78821a7d","timestamp":"2026-07-14 12:55:26"}
{"errorName":"TokenExpiredError","ip":"::1","label":"AUTH","level":"warn","message":"JWT Error: jwt expired","requestId":"7146b7fb-79dd-48ce-a752-eee5c7dd3644","timestamp":"2026-07-14 12:55:26"}
{"errorName":"TokenExpiredError","ip":"::1","label":"AUTH","level":"warn","message":"JWT Error: jwt expired","requestId":"68b456b8-62b8-41ca-8ea1-b6c975303837","timestamp":"2026-07-14 13:13:29"}
{"label":"STARTUP","level":"info","message":"TransitOps Backend Server Started on port 5000","timestamp":"2026-07-14 13:17:15"}
{"label":"STARTUP","level":"info","message":"Railway MySQL Connected","timestamp":"2026-07-14 13:17:15"}
{"errorName":"TokenExpiredError","ip":"::1","label":"AUTH","level":"warn","message":"JWT Error: jwt expired","requestId":"9070d139-2958-42f2-a452-f15ed297507a","timestamp":"2026-07-14 14:28:43"}
{"errorName":"TokenExpiredError","ip":"::1","label":"AUTH","level":"warn","message":"JWT Error: jwt expired","requestId":"94aac4fe-ad0a-41d5-9205-fbc45927f565","timestamp":"2026-07-14 14:28:44"}
{"errorName":"TokenExpiredError","ip":"::1","label":"AUTH","level":"warn","message":"JWT Error: jwt expired","requestId":"95d0824f-cb97-417e-9ec7-07987350969b","timestamp":"2026-07-14 15:47:41"}
{"errorName":"TokenExpiredError","ip":"::1","label":"AUTH","level":"warn","message":"JWT Error: jwt expired","requestId":"435c1221-61e5-4015-b021-1f294ed75e2b","timestamp":"2026-07-14 15:47:41"}
{"label":"STARTUP","level":"info","message":"TransitOps Backend Server Started on port 5000","timestamp":"2026-07-14 23:51:23"}
{"label":"STARTUP","level":"info","message":"Railway MySQL Connected","timestamp":"2026-07-14 23:51:23"}
{"label":"STARTUP","level":"info","message":"TransitOps Backend Server Started on port 5000","timestamp":"2026-07-14 23:54:27"}
{"label":"STARTUP","level":"info","message":"Railway MySQL Connected","timestamp":"2026-07-14 23:54:27"}
