{"duration":"14ms","ip":"::1","label":"HTTP","level":"info","message":"HTTP GET /api/v1/auth/me - 401 [14ms]","method":"GET","requestId":"6d9a251a-5d54-4937-a706-820aeb9d207e","status":401,"timestamp":"2026-07-16 02:13:05","url":"/api/v1/auth/me","userId":null}
{"duration":"5ms","ip":"::1","label":"HTTP","level":"info","message":"HTTP GET /api/v1/auth/me - 401 [5ms]","method":"GET","requestId":"61dfbf95-f827-4ae0-97b6-8f9478f3a6ad","status":401,"timestamp":"2026-07-16 02:13:05","url":"/api/v1/auth/me","userId":null}
{"duration":"546ms","ip":"::1","label":"HTTP","level":"info","message":"HTTP POST /api/v1/auth/refresh - 200 [546ms]","method":"POST","requestId":"5a1e27c6-ac29-4f78-8112-89ebcb104a61","status":200,"timestamp":"2026-07-16 02:13:06","url":"/api/v1/auth/refresh","userId":null}
{"duration":"555ms","ip":"::1","label":"HTTP","level":"info","message":"HTTP GET /api/v1/auth/me - 200 [555ms]","method":"GET","requestId":"a8fc0c66-b2b8-4c73-94ac-a22fbaf30b60","status":200,"timestamp":"2026-07-16 02:13:07","url":"/api/v1/auth/me","userId":1}
{"duration":"544ms","ip":"::1","label":"HTTP","level":"info","message":"HTTP GET /api/v1/auth/me - 200 [544ms]","method":"GET","requestId":"f984108c-51b6-4772-8996-6ab18190b9d2","status":200,"timestamp":"2026-07-16 02:13:07","url":"/api/v1/auth/me","userId":1}
{"duration":"3725ms","ip":"::1","label":"HTTP","level":"info","message":"HTTP GET /api/v1/dashboard - 200 [3725ms]","method":"GET","requestId":"24e034d0-ca47-49e9-990d-f94769da440d","status":200,"timestamp":"2026-07-16 02:13:11","url":"/api/v1/dashboard","userId":1}
{"duration":"2578ms","ip":"::1","label":"HTTP","level":"info","message":"HTTP GET /api/v1/dashboard - 200 [2578ms]","method":"GET","requestId":"991baeb4-44ad-473e-bbcd-2f92a64f46ae","status":200,"timestamp":"2026-07-16 02:13:13","url":"/api/v1/dashboard","userId":1}
{"duration":"858ms","ip":"::1","label":"HTTP","level":"info","message":"HTTP GET /api/v1/vehicles?page=1&limit=10&search=&includeDeleted=false - 200 [858ms]","method":"GET","requestId":"b75ddc99-79b7-4d53-96a6-4bf03001381b","status":200,"timestamp":"2026-07-16 02:13:20","url":"/api/v1/vehicles?page=1&limit=10&search=&includeDeleted=false","userId":1}
{"duration":"837ms","ip":"::1","label":"HTTP","level":"info","message":"HTTP GET /api/v1/drivers?page=1&limit=10&search=&includeDeleted=false - 200 [837ms]","method":"GET","requestId":"1d198aef-e7af-4f91-a1e9-1b1f5afb2ac8","status":200,"timestamp":"2026-07-16 02:13:26","url":"/api/v1/drivers?page=1&limit=10&search=&includeDeleted=false","userId":1}
{"duration":"870ms","ip":"::1","label":"HTTP","level":"info","message":"HTTP GET /api/v1/vehicles?page=1&limit=10&search=&includeDeleted=false - 200 [870ms]","method":"GET","requestId":"f519f8b0-2951-41f1-805f-ebe052f02a3c","status":200,"timestamp":"2026-07-16 02:14:00","url":"/api/v1/vehicles?page=1&limit=10&search=&includeDeleted=false","userId":1}
{"duration":"1842ms","ip":"::1","label":"HTTP","level":"info","message":"HTTP GET /api/v1/drivers?page=1&limit=10&search=&includeDeleted=false - 200 [1842ms]","method":"GET","requestId":"5ee88fde-d76b-4f62-acb6-6134f93a8f63","status":200,"timestamp":"2026-07-16 02:14:01","url":"/api/v1/drivers?page=1&limit=10&search=&includeDeleted=false","userId":1}
{"duration":"2518ms","ip":"::1","label":"HTTP","level":"info","message":"HTTP GET /api/v1/dashboard - 200 [2518ms]","method":"GET","requestId":"c1c55422-a149-4077-adb7-846c5c41f7f9","status":200,"timestamp":"2026-07-16 02:14:05","url":"/api/v1/dashboard","userId":1}
{"duration":"2547ms","ip":"::1","label":"HTTP","level":"info","message":"HTTP GET /api/v1/dashboard - 200 [2547ms]","method":"GET","requestId":"5f6f81bb-df50-4496-b653-eec8850527ff","status":200,"timestamp":"2026-07-16 02:14:08","url":"/api/v1/dashboard","userId":1}
{"duration":"836ms","ip":"::1","label":"HTTP","level":"info","message":"HTTP GET /api/v1/drivers?page=1&limit=10&search=&includeDeleted=false - 200 [836ms]","method":"GET","requestId":"69ef0873-f5d8-45c0-816e-d987aaeaa365","status":200,"timestamp":"2026-07-16 02:14:09","url":"/api/v1/drivers?page=1&limit=10&search=&includeDeleted=false","userId":1}
{"duration":"971ms","ip":"::1","label":"HTTP","level":"info","message":"HTTP GET /api/v1/drivers?page=1&limit=10&search=&includeDeleted=false&status=Available - 200 [971ms]","method":"GET","requestId":"ccc4c5c2-dd4a-44b4-8be0-9d7fdc637f5f","status":200,"timestamp":"2026-07-16 02:14:12","url":"/api/v1/drivers?page=1&limit=10&search=&includeDeleted=false&status=Available","userId":1}
{"duration":"872ms","ip":"::1","label":"HTTP","level":"info","message":"HTTP GET /api/v1/drivers?page=1&limit=10&search=&includeDeleted=false&status=On+Trip - 200 [872ms]","method":"GET","requestId":"2de71a18-f715-4fa6-b16c-033406602995","status":200,"timestamp":"2026-07-16 02:14:15","url":"/api/v1/drivers?page=1&limit=10&search=&includeDeleted=false&status=On+Trip","userId":1}
{"duration":"841ms","ip":"::1","label":"HTTP","level":"info","message":"HTTP GET /api/v1/drivers?page=1&limit=10&search=&includeDeleted=false&status=Suspended - 200 [841ms]","method":"GET","requestId":"1611de5d-081a-4292-890a-606ff82cf13f","status":200,"timestamp":"2026-07-16 02:14:20","url":"/api/v1/drivers?page=1&limit=10&search=&includeDeleted=false&status=Suspended","userId":1}
{"duration":"908ms","ip":"::1","label":"HTTP","level":"info","message":"HTTP GET /api/v1/drivers?page=1&limit=10&search=&includeDeleted=false&status=Retired - 200 [908ms]","method":"GET","requestId":"0324976e-479b-4b07-8ffe-ad8201d27082","status":200,"timestamp":"2026-07-16 02:14:23","url":"/api/v1/drivers?page=1&limit=10&search=&includeDeleted=false&status=Retired","userId":1}
{"duration":"839ms","ip":"::1","label":"HTTP","level":"info","message":"HTTP GET /api/v1/drivers?page=1&limit=10&search=&includeDeleted=false - 200 [839ms]","method":"GET","requestId":"ae93caa8-92e1-4fcb-b9dd-3b6302e1251a","status":200,"timestamp":"2026-07-16 02:14:25","url":"/api/v1/drivers?page=1&limit=10&search=&includeDeleted=false","userId":1}
{"duration":"852ms","ip":"::1","label":"HTTP","level":"info","message":"HTTP GET /api/v1/drivers?page=1&limit=10&search=&includeDeleted=false - 200 [852ms]","method":"GET","requestId":"f13ca49a-9974-4be7-b709-79145754bbca","status":200,"timestamp":"2026-07-16 02:14:31","url":"/api/v1/drivers?page=1&limit=10&search=&includeDeleted=false","userId":1}
{"duration":"853ms","ip":"::1","label":"HTTP","level":"info","message":"HTTP GET /api/v1/drivers/16 - 200 [853ms]","method":"GET","requestId":"d52c6121-c197-4355-9fbe-779447491320","status":200,"timestamp":"2026-07-16 02:15:51","url":"/api/v1/drivers/16","userId":1}
{"duration":"852ms","ip":"::1","label":"HTTP","level":"info","message":"HTTP GET /api/v1/drivers/16 - 200 [852ms]","method":"GET","requestId":"2ef05567-b042-456b-aadb-5506b15f85f6","status":200,"timestamp":"2026-07-16 02:15:52","url":"/api/v1/drivers/16","userId":1}
{"duration":"875ms","ip":"::1","label":"HTTP","level":"info","message":"HTTP GET /api/v1/drivers?page=1&limit=10&search=&includeDeleted=false - 200 [875ms]","method":"GET","requestId":"8ce6a08b-0500-4835-aeaa-54448ea3cf0b","status":200,"timestamp":"2026-07-16 02:15:58","url":"/api/v1/drivers?page=1&limit=10&search=&includeDeleted=false","userId":1}
{"duration":"845ms","ip":"::1","label":"HTTP","level":"info","message":"HTTP GET /api/v1/drivers?page=1&limit=10&search=&includeDeleted=false - 200 [845ms]","method":"GET","requestId":"1b307a6f-1e29-42d2-83ef-c83a0b438a5e","status":200,"timestamp":"2026-07-16 02:18:53","url":"/api/v1/drivers?page=1&limit=10&search=&includeDeleted=false","userId":1}
{"duration":"878ms","ip":"::1","label":"HTTP","level":"info","message":"HTTP GET /api/v1/drivers?page=1&limit=10&search=&includeDeleted=false - 200 [878ms]","method":"GET","requestId":"a9f42719-7a58-457b-9828-1f3c742da2bd","status":200,"timestamp":"2026-07-16 02:19:36","url":"/api/v1/drivers?page=1&limit=10&search=&includeDeleted=false","userId":1}
{"duration":"845ms","ip":"::1","label":"HTTP","level":"info","message":"HTTP GET /api/v1/drivers?page=1&limit=10&search=&includeDeleted=false - 200 [845ms]","method":"GET","requestId":"90a7df80-6837-4f0d-892e-61c94b0a4991","status":200,"timestamp":"2026-07-16 02:19:53","url":"/api/v1/drivers?page=1&limit=10&search=&includeDeleted=false","userId":1}
{"duration":"1093ms","ip":"::1","label":"HTTP","level":"info","message":"HTTP GET /api/v1/drivers?page=1&limit=10&search=&includeDeleted=false - 200 [1093ms]","method":"GET","requestId":"5a6e9df2-b9b3-422f-92c6-0488f2367f1f","status":200,"timestamp":"2026-07-16 02:21:43","url":"/api/v1/drivers?page=1&limit=10&search=&includeDeleted=false","userId":1}
{"duration":"1197ms","ip":"::1","label":"HTTP","level":"info","message":"HTTP GET /api/v1/auth/me - 200 [1197ms]","method":"GET","requestId":"33f3c9ab-864d-47fd-9961-0fee99b4e32e","status":200,"timestamp":"2026-07-16 02:21:48","url":"/api/v1/auth/me","userId":1}
{"duration":"680ms","ip":"::1","label":"HTTP","level":"info","message":"HTTP GET /api/v1/auth/me - 200 [680ms]","method":"GET","requestId":"49a50a5a-8c40-4102-82c6-6a519326eca3","status":200,"timestamp":"2026-07-16 02:21:49","url":"/api/v1/auth/me","userId":1}
{"duration":"1264ms","ip":"::1","label":"HTTP","level":"info","message":"HTTP GET /api/v1/drivers?page=1&limit=10&search=&includeDeleted=false - 200 [1264ms]","method":"GET","requestId":"a1724321-b871-45fd-8375-2443d91e3bca","status":200,"timestamp":"2026-07-16 02:21:50","url":"/api/v1/drivers?page=1&limit=10&search=&includeDeleted=false","userId":1}
{"duration":"951ms","ip":"::1","label":"HTTP","level":"info","message":"HTTP GET /api/v1/trips?driver_id=16 - 403 [951ms]","method":"GET","requestId":"3f843851-d517-4b61-9a26-16fb6903e685","status":403,"timestamp":"2026-07-16 02:21:54","url":"/api/v1/trips?driver_id=16","userId":1}
{"duration":"1490ms","ip":"::1","label":"HTTP","level":"info","message":"HTTP GET /api/v1/drivers/16 - 200 [1490ms]","method":"GET","requestId":"bd559d0e-f6b9-4300-b90e-c49dbf2d1e3a","status":200,"timestamp":"2026-07-16 02:21:55","url":"/api/v1/drivers/16","userId":1}
{"duration":"807ms","ip":"::1","label":"HTTP","level":"info","message":"HTTP GET /api/v1/trips?driver_id=16 - 403 [807ms]","method":"GET","requestId":"e163a4d9-87a6-4b06-bd57-b789c5bafe13","status":403,"timestamp":"2026-07-16 02:21:55","url":"/api/v1/trips?driver_id=16","userId":1}
{"duration":"1941ms","ip":"::1","label":"HTTP","level":"info","message":"HTTP GET /api/v1/drivers/16 - 200 [1941ms]","method":"GET","requestId":"64a80a81-1ad6-413e-8b9b-e4209bcafe28","status":200,"timestamp":"2026-07-16 02:21:57","url":"/api/v1/drivers/16","userId":1}
{"duration":"2092ms","ip":"::1","label":"HTTP","level":"info","message":"HTTP GET /api/v1/drivers?page=1&limit=10&search=&includeDeleted=false - 200 [2092ms]","method":"GET","requestId":"634cd83a-db5d-4621-88d0-8d3b51250d9c","status":200,"timestamp":"2026-07-16 02:21:57","url":"/api/v1/drivers?page=1&limit=10&search=&includeDeleted=false","userId":1}
{"duration":"1094ms","ip":"::1","label":"HTTP","level":"info","message":"HTTP GET /api/v1/trips?driver_id=16 - 403 [1094ms]","method":"GET","requestId":"a9692d64-c77b-495b-a77b-a176b17a3386","status":403,"timestamp":"2026-07-16 02:22:02","url":"/api/v1/trips?driver_id=16","userId":1}
{"duration":"1480ms","ip":"::1","label":"HTTP","level":"info","message":"HTTP GET /api/v1/drivers/16 - 200 [1480ms]","method":"GET","requestId":"74a0883c-0bcf-4a0e-b472-a3c0b4d1a4ff","status":200,"timestamp":"2026-07-16 02:22:02","url":"/api/v1/drivers/16","userId":1}
{"duration":"862ms","ip":"::1","label":"HTTP","level":"info","message":"HTTP GET /api/v1/trips?driver_id=16 - 403 [862ms]","method":"GET","requestId":"99bce06a-ae3a-4d49-80c0-859551ccf575","status":403,"timestamp":"2026-07-16 02:22:02","url":"/api/v1/trips?driver_id=16","userId":1}
{"duration":"1745ms","ip":"::1","label":"HTTP","level":"info","message":"HTTP GET /api/v1/drivers/16 - 200 [1745ms]","method":"GET","requestId":"aa105d9c-dc00-4347-9f69-b6942cc8b7d9","status":200,"timestamp":"2026-07-16 02:22:04","url":"/api/v1/drivers/16","userId":1}
{"duration":"1612ms","ip":"::1","label":"HTTP","level":"info","message":"HTTP GET /api/v1/drivers?page=1&limit=10&search=&includeDeleted=false - 200 [1612ms]","method":"GET","requestId":"3148a5b3-f193-401f-b6e6-b72cf03e4d5e","status":200,"timestamp":"2026-07-16 02:22:04","url":"/api/v1/drivers?page=1&limit=10&search=&includeDeleted=false","userId":1}
{"duration":"544ms","ip":"::1","label":"HTTP","level":"info","message":"HTTP GET /api/v1/trips?driver_id=16 - 403 [544ms]","method":"GET","requestId":"3427ccb4-cbad-4729-8786-e8e91b2b375e","status":403,"timestamp":"2026-07-16 02:22:48","url":"/api/v1/trips?driver_id=16","userId":1}
{"duration":"792ms","ip":"::1","label":"HTTP","level":"info","message":"HTTP GET /api/v1/drivers/16 - 200 [792ms]","method":"GET","requestId":"ec36789f-1a25-4b4a-acf8-1c37cb210929","status":200,"timestamp":"2026-07-16 02:22:48","url":"/api/v1/drivers/16","userId":1}
{"duration":"541ms","ip":"::1","label":"HTTP","level":"info","message":"HTTP GET /api/v1/trips?driver_id=16 - 403 [541ms]","method":"GET","requestId":"dd774567-e7f1-43e7-a71d-6495fd389a78","status":403,"timestamp":"2026-07-16 02:22:49","url":"/api/v1/trips?driver_id=16","userId":1}
{"duration":"809ms","ip":"::1","label":"HTTP","level":"info","message":"HTTP GET /api/v1/drivers/16 - 200 [809ms]","method":"GET","requestId":"b01e3f60-cddc-4fb6-8e30-3a043ccd1875","status":200,"timestamp":"2026-07-16 02:22:49","url":"/api/v1/drivers/16","userId":1}
{"duration":"838ms","ip":"::1","label":"HTTP","level":"info","message":"HTTP GET /api/v1/drivers?page=1&limit=10&search=&includeDeleted=false - 200 [838ms]","method":"GET","requestId":"22172621-e5b6-41ce-9751-0f6dcd503038","status":200,"timestamp":"2026-07-16 02:22:49","url":"/api/v1/drivers?page=1&limit=10&search=&includeDeleted=false","userId":1}
{"duration":"1042ms","ip":"::1","label":"HTTP","level":"info","message":"HTTP GET /api/v1/drivers/16 - 200 [1042ms]","method":"GET","requestId":"466a9d50-5ea9-44ed-816e-0ac7f1794d0b","status":200,"timestamp":"2026-07-16 02:24:01","url":"/api/v1/drivers/16","userId":1}
{"duration":"871ms","ip":"::1","label":"HTTP","level":"info","message":"HTTP GET /api/v1/drivers/16 - 200 [871ms]","method":"GET","requestId":"9276d6ae-ecdf-4511-b713-1cd66d097601","status":200,"timestamp":"2026-07-16 02:24:02","url":"/api/v1/drivers/16","userId":1}
{"duration":"2725ms","ip":"::1","label":"HTTP","level":"info","message":"HTTP GET /api/v1/trips?driver_id=16 - 200 [2725ms]","method":"GET","requestId":"2c6b0c8a-e22e-424f-8e64-26903d168647","status":200,"timestamp":"2026-07-16 02:24:03","url":"/api/v1/trips?driver_id=16","userId":1}
{"duration":"845ms","ip":"::1","label":"HTTP","level":"info","message":"HTTP GET /api/v1/trips?driver_id=16 - 200 [845ms]","method":"GET","requestId":"d26937bf-ecb6-4648-b2dc-c2fd2fa29595","status":200,"timestamp":"2026-07-16 02:24:04","url":"/api/v1/trips?driver_id=16","userId":1}
{"duration":"843ms","ip":"::1","label":"HTTP","level":"info","message":"HTTP GET /api/v1/vehicles - 200 [843ms]","method":"GET","requestId":"4dc741e7-8b68-430f-be14-4d04be4bf262","status":200,"timestamp":"2026-07-16 02:24:23","url":"/api/v1/vehicles","userId":1}
{"duration":"1957ms","ip":"::1","label":"HTTP","level":"info","message":"HTTP GET /api/v1/drivers - 200 [1957ms]","method":"GET","requestId":"f6113d66-6ce2-4bf0-a12e-926f89b5040b","status":200,"timestamp":"2026-07-16 02:24:24","url":"/api/v1/drivers","userId":1}
{"duration":"1160ms","ip":"::1","label":"HTTP","level":"info","message":"HTTP GET /api/v1/vehicles - 200 [1160ms]","method":"GET","requestId":"3a5e3435-a993-47af-a417-80d900a60aeb","status":200,"timestamp":"2026-07-16 02:24:24","url":"/api/v1/vehicles","userId":1}
{"duration":"886ms","ip":"::1","label":"HTTP","level":"info","message":"HTTP GET /api/v1/drivers - 200 [886ms]","method":"GET","requestId":"c929270f-c2ce-4a1a-a2ef-e1c860abf906","status":200,"timestamp":"2026-07-16 02:24:25","url":"/api/v1/drivers","userId":1}
{"duration":"916ms","ip":"::1","label":"HTTP","level":"info","message":"HTTP GET /api/v1/drivers/16 - 200 [916ms]","method":"GET","requestId":"cac1cf54-412b-4a9e-a585-5301ce5fab89","status":200,"timestamp":"2026-07-16 02:24:30","url":"/api/v1/drivers/16","userId":1}
{"duration":"950ms","ip":"::1","label":"HTTP","level":"info","message":"HTTP GET /api/v1/trips?driver_id=16 - 200 [950ms]","method":"GET","requestId":"2b985c81-d29a-40cc-a520-7c6ac4b5f302","status":200,"timestamp":"2026-07-16 02:24:30","url":"/api/v1/trips?driver_id=16","userId":1}
{"duration":"982ms","ip":"::1","label":"HTTP","level":"info","message":"HTTP GET /api/v1/drivers/16 - 200 [982ms]","method":"GET","requestId":"bde6c127-09f8-4e49-844c-f3dd76c54944","status":200,"timestamp":"2026-07-16 02:24:31","url":"/api/v1/drivers/16","userId":1}
{"duration":"961ms","ip":"::1","label":"HTTP","level":"info","message":"HTTP GET /api/v1/trips?driver_id=16 - 200 [961ms]","method":"GET","requestId":"ab2f7c45-f6ee-415a-925b-afcf64657483","status":200,"timestamp":"2026-07-16 02:24:31","url":"/api/v1/trips?driver_id=16","userId":1}
{"duration":"21ms","ip":"::1","label":"HTTP","level":"info","message":"HTTP GET /api/v1/trips?page=1&limit=10&search= - 401 [21ms]","method":"GET","requestId":"522d0e18-1536-42d4-8a94-e017d7376b46","status":401,"timestamp":"2026-07-16 02:32:57","url":"/api/v1/trips?page=1&limit=10&search=","userId":null}
{"duration":"620ms","ip":"::1","label":"HTTP","level":"info","message":"HTTP POST /api/v1/auth/refresh - 200 [620ms]","method":"POST","requestId":"68a7f252-15d9-450e-973d-b09c89580cb2","status":200,"timestamp":"2026-07-16 02:32:58","url":"/api/v1/auth/refresh","userId":null}
{"duration":"1796ms","ip":"::1","label":"HTTP","level":"info","message":"HTTP GET /api/v1/trips?page=1&limit=10&search= - 200 [1796ms]","method":"GET","requestId":"22867c16-cde0-4373-bfbf-d4d99ad8fde0","status":200,"timestamp":"2026-07-16 02:33:00","url":"/api/v1/trips?page=1&limit=10&search=","userId":1}
{"duration":"893ms","ip":"::1","label":"HTTP","level":"info","message":"HTTP GET /api/v1/drivers?page=1&limit=10&search=&includeDeleted=false - 200 [893ms]","method":"GET","requestId":"ee746c78-a632-4060-8107-fea2b0010139","status":200,"timestamp":"2026-07-16 02:33:09","url":"/api/v1/drivers?page=1&limit=10&search=&includeDeleted=false","userId":1}
{"duration":"942ms","ip":"::1","label":"HTTP","level":"info","message":"HTTP GET /api/v1/trips?page=1&limit=10&search= - 200 [942ms]","method":"GET","requestId":"741fea76-52b0-4cc8-9b24-627c88f65c12","status":200,"timestamp":"2026-07-16 02:33:10","url":"/api/v1/trips?page=1&limit=10&search=","userId":1}
{"duration":"897ms","ip":"::1","label":"HTTP","level":"info","message":"HTTP GET /api/v1/drivers?page=1&limit=10&search=&includeDeleted=false - 200 [897ms]","method":"GET","requestId":"6ec31d75-bc88-4777-a324-d3f62dcb3545","status":200,"timestamp":"2026-07-16 02:33:12","url":"/api/v1/drivers?page=1&limit=10&search=&includeDeleted=false","userId":1}
{"duration":"1397ms","ip":"::1","label":"HTTP","level":"info","message":"HTTP GET /api/v1/trips?page=1&limit=10&search= - 200 [1397ms]","method":"GET","requestId":"7052ee13-57a9-464a-be04-6abc071f685b","status":200,"timestamp":"2026-07-16 02:33:18","url":"/api/v1/trips?page=1&limit=10&search=","userId":1}
{"duration":"577ms","ip":"::1","label":"HTTP","level":"info","message":"HTTP GET /api/v1/auth/me - 200 [577ms]","method":"GET","requestId":"c0f5a61e-7afe-41ef-940e-ddac7c15c6f5","status":200,"timestamp":"2026-07-16 02:36:53","url":"/api/v1/auth/me","userId":1}
{"duration":"564ms","ip":"::1","label":"HTTP","level":"info","message":"HTTP GET /api/v1/auth/me - 200 [564ms]","method":"GET","requestId":"733f29e4-ad6c-4654-af99-9ec6ecf7355e","status":200,"timestamp":"2026-07-16 02:36:54","url":"/api/v1/auth/me","userId":1}
{"duration":"2176ms","ip":"::1","label":"HTTP","level":"info","message":"HTTP GET /api/v1/trips?page=1&limit=10&search= - 200 [2176ms]","method":"GET","requestId":"a82e612c-d24b-4c40-a314-76eedfd1ed76","status":200,"timestamp":"2026-07-16 02:36:57","url":"/api/v1/trips?page=1&limit=10&search=","userId":1}
{"duration":"1261ms","ip":"::1","label":"HTTP","level":"info","message":"HTTP POST /api/v1/auth/login - 200 [1261ms]","method":"POST","requestId":"d876b8a6-39a7-4cf6-8bfa-3d41f428d83b","status":200,"timestamp":"2026-07-16 11:58:30","url":"/api/v1/auth/login","userId":null}
{"duration":"631ms","ip":"::1","label":"HTTP","level":"info","message":"HTTP GET /api/v1/auth/me - 200 [631ms]","method":"GET","requestId":"ad29f561-f009-4b94-8a6b-16f1754bcc49","status":200,"timestamp":"2026-07-16 11:58:30","url":"/api/v1/auth/me","userId":1}
{"duration":"3140ms","ip":"::1","label":"HTTP","level":"info","message":"HTTP GET /api/v1/dashboard - 200 [3140ms]","method":"GET","requestId":"830b892a-b402-4de3-b96a-0594d1603499","status":200,"timestamp":"2026-07-16 11:58:34","url":"/api/v1/dashboard","userId":1}
{"duration":"2780ms","ip":"::1","label":"HTTP","level":"info","message":"HTTP GET /api/v1/dashboard - 200 [2780ms]","method":"GET","requestId":"d4c67ec6-0793-4614-9308-708b1077dd92","status":200,"timestamp":"2026-07-16 11:58:37","url":"/api/v1/dashboard","userId":1}
{"duration":"2886ms","ip":"::1","label":"HTTP","level":"info","message":"HTTP GET /api/v1/trips?page=1&limit=10&search= - 200 [2886ms]","method":"GET","requestId":"6082fd3e-981a-4a3b-a1d7-48e96d12e211","status":200,"timestamp":"2026-07-16 11:58:47","url":"/api/v1/trips?page=1&limit=10&search=","userId":1}
{"duration":"585ms","ip":"::1","label":"HTTP","level":"info","message":"HTTP GET /api/v1/routes - 403 [585ms]","method":"GET","requestId":"a62750e7-2fd3-441f-a008-3594e7f40ec0","status":403,"timestamp":"2026-07-16 11:58:58","url":"/api/v1/routes","userId":1}
{"duration":"552ms","ip":"::1","label":"HTTP","level":"info","message":"HTTP GET /api/v1/routes - 403 [552ms]","method":"GET","requestId":"ee1ed6c4-65c5-469e-b35b-23e6ac482bce","status":403,"timestamp":"2026-07-16 11:58:58","url":"/api/v1/routes","userId":1}
{"duration":"1753ms","ip":"::1","label":"HTTP","level":"info","message":"HTTP GET /api/v1/vehicles - 200 [1753ms]","method":"GET","requestId":"39042359-b0d6-4d66-b60d-8defb78aedcd","status":200,"timestamp":"2026-07-16 11:58:59","url":"/api/v1/vehicles","userId":1}
{"duration":"1995ms","ip":"::1","label":"HTTP","level":"info","message":"HTTP GET /api/v1/drivers - 200 [1995ms]","method":"GET","requestId":"aa8add01-e0ca-4acb-b00b-083ed8a3b0bc","status":200,"timestamp":"2026-07-16 11:58:59","url":"/api/v1/drivers","userId":1}
{"duration":"856ms","ip":"::1","label":"HTTP","level":"info","message":"HTTP GET /api/v1/vehicles - 200 [856ms]","method":"GET","requestId":"c9ce3853-cc5e-4469-8289-625d63a8c136","status":200,"timestamp":"2026-07-16 11:59:00","url":"/api/v1/vehicles","userId":1}
{"duration":"892ms","ip":"::1","label":"HTTP","level":"info","message":"HTTP GET /api/v1/drivers - 200 [892ms]","method":"GET","requestId":"ee10e921-728b-4aca-bf14-f123d7e696d2","status":200,"timestamp":"2026-07-16 11:59:00","url":"/api/v1/drivers","userId":1}
{"duration":"1939ms","ip":"::1","label":"HTTP","level":"info","message":"HTTP GET /api/v1/trips?page=1&limit=10&search= - 200 [1939ms]","method":"GET","requestId":"e5ae46a6-ff4a-4c98-be3a-504495daf915","status":200,"timestamp":"2026-07-16 12:01:37","url":"/api/v1/trips?page=1&limit=10&search=","userId":1}
{"duration":"1042ms","ip":"::1","label":"HTTP","level":"info","message":"HTTP GET /api/v1/trips/26 - 200 [1042ms]","method":"GET","requestId":"fec25409-f1a9-418a-849d-a492d4ae92b4","status":200,"timestamp":"2026-07-16 12:02:00","url":"/api/v1/trips/26","userId":1}
{"duration":"947ms","ip":"::1","label":"HTTP","level":"info","message":"HTTP GET /api/v1/vehicles/undefined - 404 [947ms]","method":"GET","requestId":"fb11f8f2-b49d-48eb-a7c3-567f2b8f171c","status":404,"timestamp":"2026-07-16 12:02:01","url":"/api/v1/vehicles/undefined","userId":1}
{"duration":"981ms","ip":"::1","label":"HTTP","level":"info","message":"HTTP GET /api/v1/trips/26 - 200 [981ms]","method":"GET","requestId":"ee9a2077-61e0-48dc-9a91-5f0e99672942","status":200,"timestamp":"2026-07-16 12:02:01","url":"/api/v1/trips/26","userId":1}
{"duration":"908ms","ip":"::1","label":"HTTP","level":"info","message":"HTTP GET /api/v1/vehicles/undefined - 404 [908ms]","method":"GET","requestId":"d526438c-1ec1-47db-bef0-c63dc748a164","status":404,"timestamp":"2026-07-16 12:02:02","url":"/api/v1/vehicles/undefined","userId":1}
{"duration":"3176ms","ip":"::1","label":"HTTP","level":"info","message":"HTTP GET /api/v1/trips?page=1&limit=10&search= - 200 [3176ms]","method":"GET","requestId":"0e9cf5a3-e4b0-4f9e-85c1-02ea2d13b4ca","status":200,"timestamp":"2026-07-16 12:02:23","url":"/api/v1/trips?page=1&limit=10&search=","userId":1}
{"duration":"978ms","ip":"::1","label":"HTTP","level":"info","message":"HTTP GET /api/v1/vehicles?page=1&limit=10&search=&includeDeleted=false - 200 [978ms]","method":"GET","requestId":"cb12c915-43ed-4928-8124-155dbe578b3b","status":200,"timestamp":"2026-07-16 12:06:50","url":"/api/v1/vehicles?page=1&limit=10&search=&includeDeleted=false","userId":1}
{"duration":"953ms","ip":"::1","label":"HTTP","level":"info","message":"HTTP GET /api/v1/drivers?page=1&limit=10&search=&includeDeleted=false - 200 [953ms]","method":"GET","requestId":"8256bed4-df6c-4191-85d9-b85319dcb4da","status":200,"timestamp":"2026-07-16 12:06:55","url":"/api/v1/drivers?page=1&limit=10&search=&includeDeleted=false","userId":1}
{"duration":"956ms","ip":"::1","label":"HTTP","level":"info","message":"HTTP GET /api/v1/drivers?page=1&limit=10&search=&includeDeleted=false - 200 [956ms]","method":"GET","requestId":"cbd735c9-ac3f-4adf-b060-d2afa6fc7db9","status":200,"timestamp":"2026-07-16 12:07:02","url":"/api/v1/drivers?page=1&limit=10&search=&includeDeleted=false","userId":1}
{"duration":"957ms","ip":"::1","label":"HTTP","level":"info","message":"HTTP GET /api/v1/trips?page=1&limit=10&search= - 200 [957ms]","method":"GET","requestId":"d0543866-b02b-440b-8964-21a4f8b6bbdb","status":200,"timestamp":"2026-07-16 12:07:11","url":"/api/v1/trips?page=1&limit=10&search=","userId":1}
{"duration":"970ms","ip":"::1","label":"HTTP","level":"info","message":"HTTP GET /api/v1/trips/26 - 200 [970ms]","method":"GET","requestId":"1ab35a16-c545-46fb-8967-fe4f02a06be1","status":200,"timestamp":"2026-07-16 12:07:27","url":"/api/v1/trips/26","userId":1}
{"duration":"915ms","ip":"::1","label":"HTTP","level":"info","message":"HTTP GET /api/v1/vehicles/undefined - 404 [915ms]","method":"GET","requestId":"e7bbf684-3f36-4c65-86dc-3ed50232e3ff","status":404,"timestamp":"2026-07-16 12:07:28","url":"/api/v1/vehicles/undefined","userId":1}
{"duration":"934ms","ip":"::1","label":"HTTP","level":"info","message":"HTTP GET /api/v1/trips/26 - 200 [934ms]","method":"GET","requestId":"a409a6c0-2848-49e0-904f-baec2156c284","status":200,"timestamp":"2026-07-16 12:07:28","url":"/api/v1/trips/26","userId":1}
{"duration":"965ms","ip":"::1","label":"HTTP","level":"info","message":"HTTP GET /api/v1/vehicles/undefined - 404 [965ms]","method":"GET","requestId":"9232ee25-3634-49ae-a94d-121d53ba6256","status":404,"timestamp":"2026-07-16 12:07:29","url":"/api/v1/vehicles/undefined","userId":1}
{"duration":"917ms","ip":"::1","label":"HTTP","level":"info","message":"HTTP GET /api/v1/trips?page=1&limit=10&search= - 200 [917ms]","method":"GET","requestId":"141108be-fa67-472d-98d5-26550f80c903","status":200,"timestamp":"2026-07-16 12:07:37","url":"/api/v1/trips?page=1&limit=10&search=","userId":1}
{"duration":"952ms","ip":"::1","label":"HTTP","level":"info","message":"HTTP GET /api/v1/drivers?page=1&limit=10&search=&includeDeleted=false - 200 [952ms]","method":"GET","requestId":"d816f45c-e9fc-4083-a32b-0bb93163180e","status":200,"timestamp":"2026-07-16 12:07:39","url":"/api/v1/drivers?page=1&limit=10&search=&includeDeleted=false","userId":1}
{"duration":"941ms","ip":"::1","label":"HTTP","level":"info","message":"HTTP GET /api/v1/vehicles?page=1&limit=10&search=&includeDeleted=false - 200 [941ms]","method":"GET","requestId":"6c3c2523-57d1-4a62-9a49-0aee3bab9220","status":200,"timestamp":"2026-07-16 12:07:45","url":"/api/v1/vehicles?page=1&limit=10&search=&includeDeleted=false","userId":1}
{"duration":"950ms","ip":"::1","label":"HTTP","level":"info","message":"HTTP GET /api/v1/trips?page=1&limit=10&search= - 200 [950ms]","method":"GET","requestId":"7ad70e13-420c-45b7-a3c3-f4eb995b8ac4","status":200,"timestamp":"2026-07-16 12:08:02","url":"/api/v1/trips?page=1&limit=10&search=","userId":1}
{"duration":"1749ms","ip":"::1","label":"HTTP","level":"info","message":"HTTP GET /api/v1/vehicles - 200 [1749ms]","method":"GET","requestId":"57658b30-34ba-4805-9409-4826e42e7bce","status":200,"timestamp":"2026-07-16 12:08:09","url":"/api/v1/vehicles","userId":1}
{"duration":"1769ms","ip":"::1","label":"HTTP","level":"info","message":"HTTP GET /api/v1/drivers - 200 [1769ms]","method":"GET","requestId":"757a7427-4672-4e99-86c8-8e07df0c147e","status":200,"timestamp":"2026-07-16 12:08:09","url":"/api/v1/drivers","userId":1}
{"duration":"2284ms","ip":"::1","label":"HTTP","level":"info","message":"HTTP GET /api/v1/routes - 200 [2284ms]","method":"GET","requestId":"cba9c248-e683-4aff-a238-5f6e894895ce","status":200,"timestamp":"2026-07-16 12:08:10","url":"/api/v1/routes","userId":1}
{"duration":"868ms","ip":"::1","label":"HTTP","level":"info","message":"HTTP GET /api/v1/vehicles - 200 [868ms]","method":"GET","requestId":"be71f8ca-41d0-4b6a-bd39-0758b791fde2","status":200,"timestamp":"2026-07-16 12:08:10","url":"/api/v1/vehicles","userId":1}
{"duration":"853ms","ip":"::1","label":"HTTP","level":"info","message":"HTTP GET /api/v1/drivers - 200 [853ms]","method":"GET","requestId":"3e28a6c5-e0df-48a2-b733-61fe363c1b2b","status":200,"timestamp":"2026-07-16 12:08:10","url":"/api/v1/drivers","userId":1}
{"duration":"972ms","ip":"::1","label":"HTTP","level":"info","message":"HTTP GET /api/v1/routes - 200 [972ms]","method":"GET","requestId":"46d3ed95-9926-451e-bea5-7e2efc4203f5","status":200,"timestamp":"2026-07-16 12:08:11","url":"/api/v1/routes","userId":1}
{"duration":"7ms","ip":"::1","label":"HTTP","level":"info","message":"HTTP POST /api/v1/trips - 401 [7ms]","method":"POST","requestId":"bce2508a-8197-4eb2-987a-2b5ba92e6e7e","status":401,"timestamp":"2026-07-16 12:26:59","url":"/api/v1/trips","userId":null}
{"duration":"590ms","ip":"::1","label":"HTTP","level":"info","message":"HTTP POST /api/v1/auth/refresh - 200 [590ms]","method":"POST","requestId":"0fe075a7-95a4-4f27-a2ca-5b613a5ead53","status":200,"timestamp":"2026-07-16 12:27:00","url":"/api/v1/auth/refresh","userId":null}
{"duration":"1351ms","ip":"::1","label":"HTTP","level":"info","message":"HTTP POST /api/v1/trips - 201 [1351ms]","method":"POST","requestId":"5859d294-992b-40aa-8672-7d54f8b95e91","status":201,"timestamp":"2026-07-16 12:27:01","url":"/api/v1/trips","userId":1}
{"duration":"920ms","ip":"::1","label":"HTTP","level":"info","message":"HTTP GET /api/v1/trips?page=1&limit=10&search= - 200 [920ms]","method":"GET","requestId":"e941c4f6-a3e8-409d-bc62-1a537b73d04d","status":200,"timestamp":"2026-07-16 12:27:03","url":"/api/v1/trips?page=1&limit=10&search=","userId":1}
{"duration":"848ms","ip":"::1","label":"HTTP","level":"info","message":"HTTP GET /api/v1/vehicles - 200 [848ms]","method":"GET","requestId":"92b92200-ca4a-44e1-b4b8-ecd90d29ac0f","status":200,"timestamp":"2026-07-16 12:28:33","url":"/api/v1/vehicles","userId":1}
{"duration":"861ms","ip":"::1","label":"HTTP","level":"info","message":"HTTP GET /api/v1/drivers - 200 [861ms]","method":"GET","requestId":"8c879714-ee43-4b27-8f3a-c7af7e820bd2","status":200,"timestamp":"2026-07-16 12:28:33","url":"/api/v1/drivers","userId":1}
{"duration":"845ms","ip":"::1","label":"HTTP","level":"info","message":"HTTP GET /api/v1/vehicles - 200 [845ms]","method":"GET","requestId":"5942aeca-40fc-4894-be52-f3a3e5bac643","status":200,"timestamp":"2026-07-16 12:28:34","url":"/api/v1/vehicles","userId":1}
{"duration":"880ms","ip":"::1","label":"HTTP","level":"info","message":"HTTP GET /api/v1/drivers - 200 [880ms]","method":"GET","requestId":"9cf160a9-5472-40ae-82fd-a9f535ce6462","status":200,"timestamp":"2026-07-16 12:28:34","url":"/api/v1/drivers","userId":1}
{"duration":"1977ms","ip":"::1","label":"HTTP","level":"info","message":"HTTP GET /api/v1/routes - 200 [1977ms]","method":"GET","requestId":"a266e6c1-2abe-4a0e-8329-53735ec4b698","status":200,"timestamp":"2026-07-16 12:28:34","url":"/api/v1/routes","userId":1}
{"duration":"1157ms","ip":"::1","label":"HTTP","level":"info","message":"HTTP GET /api/v1/routes - 200 [1157ms]","method":"GET","requestId":"d8376007-99cf-4a62-b6dd-85544d6fc547","status":200,"timestamp":"2026-07-16 12:28:35","url":"/api/v1/routes","userId":1}
{"duration":"857ms","ip":"::1","label":"HTTP","level":"info","message":"HTTP GET /api/v1/trips?page=1&limit=10&search= - 200 [857ms]","method":"GET","requestId":"d22f52ba-a65b-4cfa-8a98-dcaf03d297e6","status":200,"timestamp":"2026-07-16 12:30:06","url":"/api/v1/trips?page=1&limit=10&search=","userId":1}
{"duration":"933ms","ip":"::1","label":"HTTP","level":"info","message":"HTTP GET /api/v1/trips/41 - 200 [933ms]","method":"GET","requestId":"034b8f57-52f1-400f-91d5-1c4f41563f48","status":200,"timestamp":"2026-07-16 12:30:13","url":"/api/v1/trips/41","userId":1}
{"duration":"854ms","ip":"::1","label":"HTTP","level":"info","message":"HTTP GET /api/v1/trips/41 - 200 [854ms]","method":"GET","requestId":"456fb85a-5eca-4b93-8cad-d008f365bd7f","status":200,"timestamp":"2026-07-16 12:30:14","url":"/api/v1/trips/41","userId":1}
{"duration":"856ms","ip":"::1","label":"HTTP","level":"info","message":"HTTP GET /api/v1/vehicles/undefined - 404 [856ms]","method":"GET","requestId":"d80fc75d-087d-4d4c-842c-4123f1553e79","status":404,"timestamp":"2026-07-16 12:30:14","url":"/api/v1/vehicles/undefined","userId":1}
{"duration":"838ms","ip":"::1","label":"HTTP","level":"info","message":"HTTP GET /api/v1/vehicles/undefined - 404 [838ms]","method":"GET","requestId":"0a995b2e-02f8-4c48-9b59-274ee413945c","status":404,"timestamp":"2026-07-16 12:30:15","url":"/api/v1/vehicles/undefined","userId":1}
{"duration":"872ms","ip":"::1","label":"HTTP","level":"info","message":"HTTP GET /api/v1/trips?page=1&limit=10&search= - 200 [872ms]","method":"GET","requestId":"33f7748a-4503-473d-8cbe-8a7393522819","status":200,"timestamp":"2026-07-16 12:30:20","url":"/api/v1/trips?page=1&limit=10&search=","userId":1}
{"duration":"631ms","ip":"::1","label":"HTTP","level":"info","message":"HTTP POST /api/v1/trips/41/dispatch - 403 [631ms]","method":"POST","requestId":"9ff4a698-76de-42d8-8109-05666ca649f0","status":403,"timestamp":"2026-07-16 12:30:26","url":"/api/v1/trips/41/dispatch","userId":1}
{"duration":"1025ms","ip":"::1","label":"HTTP","level":"info","message":"HTTP GET /api/v1/trips/41 - 200 [1025ms]","method":"GET","requestId":"f831177c-0bb0-4cd8-9ccc-0cc1bbe6e545","status":200,"timestamp":"2026-07-16 12:33:40","url":"/api/v1/trips/41","userId":1}
{"duration":"852ms","ip":"::1","label":"HTTP","level":"info","message":"HTTP GET /api/v1/drivers/3 - 200 [852ms]","method":"GET","requestId":"b051910e-227c-46eb-83fc-5a02e82bc467","status":200,"timestamp":"2026-07-16 12:33:41","url":"/api/v1/drivers/3","userId":1}
{"duration":"851ms","ip":"::1","label":"HTTP","level":"info","message":"HTTP GET /api/v1/vehicles/1 - 200 [851ms]","method":"GET","requestId":"ca2d2380-66e4-4b80-a91c-c39729a51a4c","status":200,"timestamp":"2026-07-16 12:33:41","url":"/api/v1/vehicles/1","userId":1}
{"duration":"868ms","ip":"::1","label":"HTTP","level":"info","message":"HTTP GET /api/v1/trips/41 - 200 [868ms]","method":"GET","requestId":"f4bf92bf-ccb8-4d54-8458-a526d17fbc3a","status":200,"timestamp":"2026-07-16 12:33:41","url":"/api/v1/trips/41","userId":1}
{"duration":"860ms","ip":"::1","label":"HTTP","level":"info","message":"HTTP GET /api/v1/vehicles/1 - 200 [860ms]","method":"GET","requestId":"a74c445b-4253-42d4-bd1d-87ab0545b81f","status":200,"timestamp":"2026-07-16 12:33:42","url":"/api/v1/vehicles/1","userId":1}
{"duration":"879ms","ip":"::1","label":"HTTP","level":"info","message":"HTTP GET /api/v1/drivers/3 - 200 [879ms]","method":"GET","requestId":"0df26dba-e8b5-41b7-88d3-21ca94b8fa0c","status":200,"timestamp":"2026-07-16 12:33:42","url":"/api/v1/drivers/3","userId":1}
{"duration":"667ms","ip":"::1","label":"HTTP","level":"info","message":"HTTP POST /api/v1/trips/41/dispatch - 403 [667ms]","method":"POST","requestId":"465c9910-9ea0-4649-8475-76fe946b61cf","status":403,"timestamp":"2026-07-16 12:33:54","url":"/api/v1/trips/41/dispatch","userId":1}
{"duration":"34ms","ip":"::1","label":"HTTP","level":"info","message":"HTTP GET /api/v1/auth/me - 401 [34ms]","method":"GET","requestId":"9828b58e-33d7-4fcd-9f20-6dbde0a9167a","status":401,"timestamp":"2026-07-16 13:44:56","url":"/api/v1/auth/me","userId":null}
{"duration":"13ms","ip":"::1","label":"HTTP","level":"info","message":"HTTP GET /api/v1/auth/me - 401 [13ms]","method":"GET","requestId":"ffcf99d4-47e7-4fbb-94b6-3705bd028867","status":401,"timestamp":"2026-07-16 13:44:56","url":"/api/v1/auth/me","userId":null}
{"duration":"1375ms","ip":"::1","label":"HTTP","level":"info","message":"HTTP POST /api/v1/auth/refresh - 200 [1375ms]","method":"POST","requestId":"8596720b-191a-412f-83f5-8dd41fb67391","status":200,"timestamp":"2026-07-16 13:44:59","url":"/api/v1/auth/refresh","userId":null}
{"duration":"911ms","ip":"::1","label":"HTTP","level":"info","message":"HTTP GET /api/v1/auth/me - 200 [911ms]","method":"GET","requestId":"c3417dd2-7aa0-46c8-b720-c54d6d5c3868","status":200,"timestamp":"2026-07-16 13:45:00","url":"/api/v1/auth/me","userId":1}
{"duration":"873ms","ip":"::1","label":"HTTP","level":"info","message":"HTTP GET /api/v1/auth/me - 200 [873ms]","method":"GET","requestId":"a4fac984-8d05-4004-9f78-cf77a7f25261","status":200,"timestamp":"2026-07-16 13:45:01","url":"/api/v1/auth/me","userId":1}
{"duration":"9065ms","ip":"::1","label":"HTTP","level":"info","message":"HTTP GET /api/v1/auth/me - 200 [9065ms]","method":"GET","requestId":"d0cbdb96-4e08-4a9a-9f63-49f1c3bd7fdb","status":200,"timestamp":"2026-07-16 13:46:39","url":"/api/v1/auth/me","userId":1}
{"duration":"7284ms","ip":"::1","label":"HTTP","level":"info","message":"HTTP POST /api/v1/auth/login - 200 [7284ms]","method":"POST","requestId":"59d3fc54-e86f-4063-9b46-a4ee20b3eec8","status":200,"timestamp":"2026-07-16 13:46:57","url":"/api/v1/auth/login","userId":null}
{"duration":"2650ms","ip":"::1","label":"HTTP","level":"info","message":"HTTP GET /api/v1/auth/me - 200 [2650ms]","method":"GET","requestId":"be33987e-a8ee-4e0f-9e80-3c7c94777b29","status":200,"timestamp":"2026-07-16 13:46:59","url":"/api/v1/auth/me","userId":1}
{"duration":"649ms","ip":"::1","label":"HTTP","level":"info","message":"HTTP GET /api/v1/auth/me - 200 [649ms]","method":"GET","requestId":"b354cb04-01c4-489a-a1bc-fc23edc2b822","status":200,"timestamp":"2026-07-16 13:56:31","url":"/api/v1/auth/me","userId":1}
{"duration":"610ms","ip":"::1","label":"HTTP","level":"info","message":"HTTP GET /api/v1/auth/me - 200 [610ms]","method":"GET","requestId":"2b736f48-c4d3-4639-aaa3-66d61770c963","status":200,"timestamp":"2026-07-16 13:56:32","url":"/api/v1/auth/me","userId":1}
{"duration":"2144ms","ip":"::1","label":"HTTP","level":"info","message":"HTTP GET /api/v1/drivers?page=1&limit=10&search=&includeDeleted=false - 200 [2144ms]","method":"GET","requestId":"144102f4-7446-4bb6-857b-05371750d11e","status":200,"timestamp":"2026-07-16 13:56:34","url":"/api/v1/drivers?page=1&limit=10&search=&includeDeleted=false","userId":1}
{"duration":"893ms","ip":"::1","label":"HTTP","level":"info","message":"HTTP GET /api/v1/vehicles?page=1&limit=10&search=&includeDeleted=false - 200 [893ms]","method":"GET","requestId":"c016b2be-0e34-40ec-b704-7b8ad7b4883c","status":200,"timestamp":"2026-07-16 13:56:53","url":"/api/v1/vehicles?page=1&limit=10&search=&includeDeleted=false","userId":1}
{"duration":"2811ms","ip":"::1","label":"HTTP","level":"info","message":"HTTP GET /api/v1/dashboard - 200 [2811ms]","method":"GET","requestId":"7436bb39-7a6c-42eb-9cc7-57c461c13bf3","status":200,"timestamp":"2026-07-16 13:57:06","url":"/api/v1/dashboard","userId":1}
{"duration":"2870ms","ip":"::1","label":"HTTP","level":"info","message":"HTTP GET /api/v1/dashboard - 200 [2870ms]","method":"GET","requestId":"18e147d1-c64e-43fe-acdc-c684f067293d","status":200,"timestamp":"2026-07-16 13:57:09","url":"/api/v1/dashboard","userId":1}
{"duration":"911ms","ip":"::1","label":"HTTP","level":"info","message":"HTTP GET /api/v1/vehicles?page=1&limit=10&search=&includeDeleted=false - 200 [911ms]","method":"GET","requestId":"e53fdcff-3338-4cdd-ab97-1795870fe58d","status":200,"timestamp":"2026-07-16 13:57:25","url":"/api/v1/vehicles?page=1&limit=10&search=&includeDeleted=false","userId":1}
{"duration":"938ms","ip":"::1","label":"HTTP","level":"info","message":"HTTP GET /api/v1/drivers?page=1&limit=10&search=&includeDeleted=false - 200 [938ms]","method":"GET","requestId":"1d940d77-5d51-4596-90f9-96092289b98a","status":200,"timestamp":"2026-07-16 13:57:35","url":"/api/v1/drivers?page=1&limit=10&search=&includeDeleted=false","userId":1}
{"duration":"1922ms","ip":"::1","label":"HTTP","level":"info","message":"HTTP GET /api/v1/trips?page=1&limit=10&search= - 200 [1922ms]","method":"GET","requestId":"85f0e526-4180-4e00-9a4c-3be037463da4","status":200,"timestamp":"2026-07-16 13:58:38","url":"/api/v1/trips?page=1&limit=10&search=","userId":1}
{"duration":"24ms","ip":"::1","label":"HTTP","level":"info","message":"HTTP GET /api/v1/auth/me - 401 [24ms]","method":"GET","requestId":"2a040b20-4d36-4b51-90d5-75aa884e0c12","status":401,"timestamp":"2026-07-16 14:07:22","url":"/api/v1/auth/me","userId":null}
{"duration":"9ms","ip":"::1","label":"HTTP","level":"info","message":"HTTP GET /api/v1/auth/me - 401 [9ms]","method":"GET","requestId":"3cc7e496-9d90-4789-9246-7dc37fafd12d","status":401,"timestamp":"2026-07-16 14:07:22","url":"/api/v1/auth/me","userId":null}
{"duration":"596ms","ip":"::1","label":"HTTP","level":"info","message":"HTTP POST /api/v1/auth/refresh - 200 [596ms]","method":"POST","requestId":"c303c9f4-b1b0-4b5c-b896-915267f6b31c","status":200,"timestamp":"2026-07-16 14:07:23","url":"/api/v1/auth/refresh","userId":null}
{"duration":"816ms","ip":"::1","label":"HTTP","level":"info","message":"HTTP GET /api/v1/auth/me - 200 [816ms]","method":"GET","requestId":"18fef457-e3c2-4e1f-bedf-88a6f27b02f7","status":200,"timestamp":"2026-07-16 14:07:24","url":"/api/v1/auth/me","userId":1}
{"duration":"585ms","ip":"::1","label":"HTTP","level":"info","message":"HTTP GET /api/v1/auth/me - 200 [585ms]","method":"GET","requestId":"3eee2ffe-d8f7-4ab6-8c92-3c168f2b3beb","status":200,"timestamp":"2026-07-16 14:07:25","url":"/api/v1/auth/me","userId":1}
{"duration":"1540ms","ip":"::1","label":"HTTP","level":"info","message":"HTTP GET /api/v1/trips?page=1&limit=10&search= - 200 [1540ms]","method":"GET","requestId":"c4c5815e-4294-4404-b455-7e6d617dc252","status":200,"timestamp":"2026-07-16 14:07:26","url":"/api/v1/trips?page=1&limit=10&search=","userId":1}
{"duration":"6583ms","ip":"::1","label":"HTTP","level":"info","message":"HTTP POST /api/v1/trips/41/dispatch - 200 [6583ms]","method":"POST","requestId":"4d92b918-1525-46c3-985b-a1935a01eb1a","status":200,"timestamp":"2026-07-16 14:07:39","url":"/api/v1/trips/41/dispatch","userId":1}
{"duration":"1300ms","ip":"::1","label":"HTTP","level":"info","message":"HTTP GET /api/v1/trips?page=1&limit=10&search= - 200 [1300ms]","method":"GET","requestId":"2fecf05f-58c6-492f-b81d-d9ccb10d969a","status":200,"timestamp":"2026-07-16 14:07:40","url":"/api/v1/trips?page=1&limit=10&search=","userId":1}
{"duration":"5142ms","ip":"::1","label":"HTTP","level":"info","message":"HTTP POST /api/v1/trips/41/start - 200 [5142ms]","method":"POST","requestId":"10a39edc-6890-4624-9bbf-94953bf47f71","status":200,"timestamp":"2026-07-16 14:07:50","url":"/api/v1/trips/41/start","userId":1}
{"duration":"2099ms","ip":"::1","label":"HTTP","level":"info","message":"HTTP POST /api/v1/trips/41/start - 400 [2099ms]","method":"POST","requestId":"90d7406d-b543-44d3-8a1c-2f7e136f7fd4","status":400,"timestamp":"2026-07-16 14:07:50","url":"/api/v1/trips/41/start","userId":1}
{"duration":"1215ms","ip":"::1","label":"HTTP","level":"info","message":"HTTP GET /api/v1/trips?page=1&limit=10&search= - 200 [1215ms]","method":"GET","requestId":"db4414ab-06e5-4ac7-84bb-671edcc36ad8","status":200,"timestamp":"2026-07-16 14:07:51","url":"/api/v1/trips?page=1&limit=10&search=","userId":1}
{"duration":"1731ms","ip":"::1","label":"HTTP","level":"info","message":"HTTP POST /api/v1/trips/41/complete - 400 [1731ms]","method":"POST","requestId":"3526d7f3-e876-4d5f-97c0-2d02f51140a5","status":400,"timestamp":"2026-07-16 14:08:02","url":"/api/v1/trips/41/complete","userId":1}
{"duration":"4330ms","ip":"::1","label":"HTTP","level":"info","message":"HTTP POST /api/v1/trips/41/complete - 200 [4330ms]","method":"POST","requestId":"9220de66-654b-4efb-93e4-20677eb586f4","status":200,"timestamp":"2026-07-16 14:08:02","url":"/api/v1/trips/41/complete","userId":1}
{"duration":"1198ms","ip":"::1","label":"HTTP","level":"info","message":"HTTP GET /api/v1/trips?page=1&limit=10&search= - 200 [1198ms]","method":"GET","requestId":"c9974bb6-f37b-4787-b9fd-2804c4d7ffaf","status":200,"timestamp":"2026-07-16 14:08:03","url":"/api/v1/trips?page=1&limit=10&search=","userId":1}
{"duration":"579ms","ip":"::1","label":"HTTP","level":"info","message":"HTTP GET /api/v1/auth/me - 200 [579ms]","method":"GET","requestId":"3f6cd987-b7b5-4082-ae75-4d6da6704df9","status":200,"timestamp":"2026-07-16 14:08:22","url":"/api/v1/auth/me","userId":1}
{"duration":"673ms","ip":"::1","label":"HTTP","level":"info","message":"HTTP GET /api/v1/auth/me - 200 [673ms]","method":"GET","requestId":"015ea89d-5053-4c7f-ab64-39b92fd5d0e5","status":200,"timestamp":"2026-07-16 14:08:23","url":"/api/v1/auth/me","userId":1}
{"duration":"1562ms","ip":"::1","label":"HTTP","level":"info","message":"HTTP GET /api/v1/trips?page=1&limit=10&search= - 200 [1562ms]","method":"GET","requestId":"234d82c1-6fb3-422e-90a8-44ce9f9afd51","status":200,"timestamp":"2026-07-16 14:08:24","url":"/api/v1/trips?page=1&limit=10&search=","userId":1}
{"duration":"683ms","ip":"::1","label":"HTTP","level":"info","message":"HTTP GET /api/v1/auth/me - 200 [683ms]","method":"GET","requestId":"2f08622b-6485-4ed1-8b89-a39c79bc5f6c","status":200,"timestamp":"2026-07-16 14:16:45","url":"/api/v1/auth/me","userId":1}
{"duration":"619ms","ip":"::1","label":"HTTP","level":"info","message":"HTTP GET /api/v1/auth/me - 200 [619ms]","method":"GET","requestId":"99f69a3a-94f0-4cf0-a88a-10a6af94b3bd","status":200,"timestamp":"2026-07-16 14:16:46","url":"/api/v1/auth/me","userId":1}
{"duration":"1197ms","ip":"::1","label":"HTTP","level":"info","message":"HTTP GET /api/v1/trips?page=1&limit=10&search= - 200 [1197ms]","method":"GET","requestId":"0ea46f3d-e288-470d-bd69-df9ba3cf7396","status":200,"timestamp":"2026-07-16 14:16:47","url":"/api/v1/trips?page=1&limit=10&search=","userId":1}
{"duration":"5607ms","ip":"::1","label":"HTTP","level":"info","message":"HTTP POST /api/v1/trips/30/dispatch - 200 [5607ms]","method":"POST","requestId":"a8b103fc-8831-41dc-9136-a392fe3a62d6","status":200,"timestamp":"2026-07-16 14:17:02","url":"/api/v1/trips/30/dispatch","userId":1}
{"duration":"1320ms","ip":"::1","label":"HTTP","level":"info","message":"HTTP GET /api/v1/trips?page=1&limit=10&search= - 200 [1320ms]","method":"GET","requestId":"96b495f7-a2a9-4e37-9bb9-3c6af34152c1","status":200,"timestamp":"2026-07-16 14:17:03","url":"/api/v1/trips?page=1&limit=10&search=","userId":1}
{"duration":"621ms","ip":"::1","label":"HTTP","level":"info","message":"HTTP GET /api/v1/auth/me - 200 [621ms]","method":"GET","requestId":"8acb1101-cbd1-49a9-b5f0-df8a1bd0c6a7","status":200,"timestamp":"2026-07-16 14:20:57","url":"/api/v1/auth/me","userId":1}
{"duration":"741ms","ip":"::1","label":"HTTP","level":"info","message":"HTTP GET /api/v1/auth/me - 200 [741ms]","method":"GET","requestId":"dae6c41b-1944-495b-9ea2-4d827ff0ab6c","status":200,"timestamp":"2026-07-16 14:20:58","url":"/api/v1/auth/me","userId":1}
{"duration":"1232ms","ip":"::1","label":"HTTP","level":"info","message":"HTTP GET /api/v1/trips?page=1&limit=10&search= - 200 [1232ms]","method":"GET","requestId":"21bf21db-6a81-4347-a0fc-e9d8e3edb67f","status":200,"timestamp":"2026-07-16 14:20:59","url":"/api/v1/trips?page=1&limit=10&search=","userId":1}
{"duration":"7ms","ip":"::1","label":"HTTP","level":"info","message":"HTTP GET /api/v1/vehicles?page=1&limit=10&search=&includeDeleted=false - 401 [7ms]","method":"GET","requestId":"0349c37a-338b-4ba7-825c-13510802d7de","status":401,"timestamp":"2026-07-16 14:33:46","url":"/api/v1/vehicles?page=1&limit=10&search=&includeDeleted=false","userId":null}
{"duration":"614ms","ip":"::1","label":"HTTP","level":"info","message":"HTTP POST /api/v1/auth/refresh - 200 [614ms]","method":"POST","requestId":"4944958f-d913-4504-97ff-773dad3e51bd","status":200,"timestamp":"2026-07-16 14:33:47","url":"/api/v1/auth/refresh","userId":null}
{"duration":"1225ms","ip":"::1","label":"HTTP","level":"info","message":"HTTP GET /api/v1/vehicles?page=1&limit=10&search=&includeDeleted=false - 500 [1225ms]","method":"GET","requestId":"c11687a1-02fe-4abb-adea-87cc1244b087","status":500,"timestamp":"2026-07-16 14:33:48","url":"/api/v1/vehicles?page=1&limit=10&search=&includeDeleted=false","userId":1}
{"duration":"1220ms","ip":"::1","label":"HTTP","level":"info","message":"HTTP GET /api/v1/vehicles?page=1&limit=10&search=&includeDeleted=false - 500 [1220ms]","method":"GET","requestId":"d5390bd0-490f-41bc-8467-0d35880452be","status":500,"timestamp":"2026-07-16 14:33:56","url":"/api/v1/vehicles?page=1&limit=10&search=&includeDeleted=false","userId":1}
{"duration":"1449ms","ip":"::1","label":"HTTP","level":"info","message":"HTTP GET /api/v1/vehicles?page=1&limit=10&search=&includeDeleted=false - 500 [1449ms]","method":"GET","requestId":"fbf6dff7-7c63-4b29-a8cd-57e30a1b02df","status":500,"timestamp":"2026-07-16 14:34:05","url":"/api/v1/vehicles?page=1&limit=10&search=&includeDeleted=false","userId":1}
{"duration":"1085ms","ip":"::1","label":"HTTP","level":"info","message":"HTTP GET /api/v1/vehicles?page=1&limit=10&search=&includeDeleted=false - 500 [1085ms]","method":"GET","requestId":"d105380d-98c1-4b4a-9d2f-4af7057a992d","status":500,"timestamp":"2026-07-16 14:34:08","url":"/api/v1/vehicles?page=1&limit=10&search=&includeDeleted=false","userId":1}
{"duration":"1140ms","ip":"::1","label":"HTTP","level":"info","message":"HTTP GET /api/v1/vehicles?page=1&limit=10&search=&includeDeleted=false - 500 [1140ms]","method":"GET","requestId":"4867f520-cfbc-4ad2-83a8-e2fde144771b","status":500,"timestamp":"2026-07-16 14:41:31","url":"/api/v1/vehicles?page=1&limit=10&search=&includeDeleted=false","userId":1}
{"duration":"1122ms","ip":"::1","label":"HTTP","level":"info","message":"HTTP GET /api/v1/vehicles?page=1&limit=10&search=&includeDeleted=false - 500 [1122ms]","method":"GET","requestId":"8bf48395-28d8-4501-8e3f-34752e77358e","status":500,"timestamp":"2026-07-16 14:43:56","url":"/api/v1/vehicles?page=1&limit=10&search=&includeDeleted=false","userId":1}
{"duration":"1095ms","ip":"::1","label":"HTTP","level":"info","message":"HTTP GET /api/v1/drivers?page=1&limit=10&search=&includeDeleted=false - 200 [1095ms]","method":"GET","requestId":"03315572-c15d-4eaf-ae36-777fc0402f0c","status":200,"timestamp":"2026-07-16 14:44:18","url":"/api/v1/drivers?page=1&limit=10&search=&includeDeleted=false","userId":1}
{"duration":"1109ms","ip":"::1","label":"HTTP","level":"info","message":"HTTP GET /api/v1/vehicles?page=1&limit=10&search=&includeDeleted=false - 500 [1109ms]","method":"GET","requestId":"0efdf92a-db00-496a-b79c-7dadc2a88b0e","status":500,"timestamp":"2026-07-16 14:44:21","url":"/api/v1/vehicles?page=1&limit=10&search=&includeDeleted=false","userId":1}
{"duration":"1067ms","ip":"::1","label":"HTTP","level":"info","message":"HTTP GET /api/v1/trips?page=1&limit=10&search= - 200 [1067ms]","method":"GET","requestId":"27918ce6-dae5-4543-acb2-bfc763ffffba","status":200,"timestamp":"2026-07-16 14:44:24","url":"/api/v1/trips?page=1&limit=10&search=","userId":1}
{"duration":"527ms","ip":"::1","label":"HTTP","level":"info","message":"HTTP GET /api/v1/auth/me - 200 [527ms]","method":"GET","requestId":"0aeabe9e-c56e-4a92-ac46-3fefcf4b4122","status":200,"timestamp":"2026-07-16 14:45:06","url":"/api/v1/auth/me","userId":1}
{"duration":"551ms","ip":"::1","label":"HTTP","level":"info","message":"HTTP GET /api/v1/auth/me - 200 [551ms]","method":"GET","requestId":"b6e991dd-6c7f-45af-8012-dc2c442a3e70","status":200,"timestamp":"2026-07-16 14:45:07","url":"/api/v1/auth/me","userId":1}
{"duration":"1076ms","ip":"::1","label":"HTTP","level":"info","message":"HTTP GET /api/v1/trips?page=1&limit=10&search= - 200 [1076ms]","method":"GET","requestId":"3ecfd4fe-efbd-4da4-9c5e-1191561191de","status":200,"timestamp":"2026-07-16 14:45:08","url":"/api/v1/trips?page=1&limit=10&search=","userId":1}
{"duration":"7028ms","ip":"::1","label":"HTTP","level":"info","message":"HTTP POST /api/v1/trips/30/start - 200 [7028ms]","method":"POST","requestId":"2d90615c-047b-4308-9b15-9f5afc090aaa","status":200,"timestamp":"2026-07-16 14:45:23","url":"/api/v1/trips/30/start","userId":1}
{"duration":"2288ms","ip":"::1","label":"HTTP","level":"info","message":"HTTP POST /api/v1/trips/30/start - 400 [2288ms]","method":"POST","requestId":"31f85949-8f3c-419f-977a-ec83bc8d9598","status":400,"timestamp":"2026-07-16 14:45:23","url":"/api/v1/trips/30/start","userId":1}
{"duration":"1073ms","ip":"::1","label":"HTTP","level":"info","message":"HTTP GET /api/v1/trips?page=1&limit=10&search= - 200 [1073ms]","method":"GET","requestId":"41a168fc-421b-4e7b-9f50-f1b318d78190","status":200,"timestamp":"2026-07-16 14:45:24","url":"/api/v1/trips?page=1&limit=10&search=","userId":1}
{"duration":"3519ms","ip":"::1","label":"HTTP","level":"info","message":"HTTP POST /api/v1/trips/30/complete - 200 [3519ms]","method":"POST","requestId":"04837c07-c16f-454f-8b6d-62e0afad11a5","status":200,"timestamp":"2026-07-16 14:45:36","url":"/api/v1/trips/30/complete","userId":1}
{"duration":"1046ms","ip":"::1","label":"HTTP","level":"info","message":"HTTP GET /api/v1/trips?page=1&limit=10&search= - 200 [1046ms]","method":"GET","requestId":"b57dfcff-2d9f-4e4c-b8b9-1faab3a046ef","status":200,"timestamp":"2026-07-16 14:45:37","url":"/api/v1/trips?page=1&limit=10&search=","userId":1}
{"duration":"548ms","ip":"::1","label":"HTTP","level":"info","message":"HTTP GET /api/v1/auth/me - 200 [548ms]","method":"GET","requestId":"0a1645b0-3b6c-4550-85a7-05673cc9db90","status":200,"timestamp":"2026-07-16 14:45:44","url":"/api/v1/auth/me","userId":1}
{"duration":"534ms","ip":"::1","label":"HTTP","level":"info","message":"HTTP GET /api/v1/auth/me - 200 [534ms]","method":"GET","requestId":"a284e5f2-4eb5-461f-8e18-b88cb4fd1aff","status":200,"timestamp":"2026-07-16 14:45:44","url":"/api/v1/auth/me","userId":1}
{"duration":"1068ms","ip":"::1","label":"HTTP","level":"info","message":"HTTP GET /api/v1/trips?page=1&limit=10&search= - 200 [1068ms]","method":"GET","requestId":"f658c7f3-cb93-4a3e-8f4b-fc1ffcbe50de","status":200,"timestamp":"2026-07-16 14:45:45","url":"/api/v1/trips?page=1&limit=10&search=","userId":1}
{"duration":"660ms","ip":"::1","label":"HTTP","level":"info","message":"HTTP GET /api/v1/auth/me - 200 [660ms]","method":"GET","requestId":"d121075e-5c73-42ab-b131-7df3b04137c0","status":200,"timestamp":"2026-07-16 14:46:55","url":"/api/v1/auth/me","userId":1}
{"duration":"542ms","ip":"::1","label":"HTTP","level":"info","message":"HTTP GET /api/v1/auth/me - 200 [542ms]","method":"GET","requestId":"6d175e05-1b3c-4c29-8ed0-d25399facba9","status":200,"timestamp":"2026-07-16 14:46:56","url":"/api/v1/auth/me","userId":1}
{"duration":"1070ms","ip":"::1","label":"HTTP","level":"info","message":"HTTP GET /api/v1/vehicles?page=1&limit=10&search=&includeDeleted=false - 500 [1070ms]","method":"GET","requestId":"7b6715c2-24ef-43c3-b6b7-e16e6dfc09df","status":500,"timestamp":"2026-07-16 14:46:58","url":"/api/v1/vehicles?page=1&limit=10&search=&includeDeleted=false","userId":1}
{"duration":"1107ms","ip":"::1","label":"HTTP","level":"info","message":"HTTP GET /api/v1/vehicles?page=1&limit=10&search=&includeDeleted=false - 500 [1107ms]","method":"GET","requestId":"3d0b07d1-fe2e-4db1-9986-31c6ff7d97d6","status":500,"timestamp":"2026-07-16 14:48:07","url":"/api/v1/vehicles?page=1&limit=10&search=&includeDeleted=false","userId":1}
{"duration":"1133ms","ip":"::1","label":"HTTP","level":"info","message":"HTTP GET /api/v1/vehicles?page=1&limit=10&search=&includeDeleted=false - 500 [1133ms]","method":"GET","requestId":"5c263b20-85a3-4bcc-b263-03579e87ebaa","status":500,"timestamp":"2026-07-16 14:48:09","url":"/api/v1/vehicles?page=1&limit=10&search=&includeDeleted=false","userId":1}
{"duration":"1133ms","ip":"::1","label":"HTTP","level":"info","message":"HTTP GET /api/v1/drivers?page=1&limit=10&search=&includeDeleted=false - 200 [1133ms]","method":"GET","requestId":"bd14cfec-396e-4045-9ca2-05724930560c","status":200,"timestamp":"2026-07-16 14:48:12","url":"/api/v1/drivers?page=1&limit=10&search=&includeDeleted=false","userId":1}
{"duration":"12ms","ip":"::1","label":"HTTP","level":"info","message":"HTTP GET /api/v1/drivers - 401 [12ms]","method":"GET","requestId":"e236471a-18e9-4e96-9d8e-5e8e3022ac42","status":401,"timestamp":"2026-07-16 15:05:26","url":"/api/v1/drivers","userId":null}
{"duration":"13ms","ip":"::1","label":"HTTP","level":"info","message":"HTTP GET /api/v1/vehicles?page=1&limit=10&search=&includeDeleted=false - 401 [13ms]","method":"GET","requestId":"ec987979-c734-42fe-a1f8-b1a046cb933c","status":401,"timestamp":"2026-07-16 15:16:16","url":"/api/v1/vehicles?page=1&limit=10&search=&includeDeleted=false","userId":null}
{"duration":"550ms","ip":"::1","label":"HTTP","level":"info","message":"HTTP POST /api/v1/auth/refresh - 200 [550ms]","method":"POST","requestId":"f730bfac-0ec7-4425-9a92-18ba93052ae9","status":200,"timestamp":"2026-07-16 15:16:17","url":"/api/v1/auth/refresh","userId":null}
{"duration":"1159ms","ip":"::1","label":"HTTP","level":"info","message":"HTTP GET /api/v1/vehicles?page=1&limit=10&search=&includeDeleted=false - 200 [1159ms]","method":"GET","requestId":"132bb512-4bc1-4e74-a11f-91dd5b2a206a","status":200,"timestamp":"2026-07-16 15:16:18","url":"/api/v1/vehicles?page=1&limit=10&search=&includeDeleted=false","userId":1}
{"duration":"1097ms","ip":"::1","label":"HTTP","level":"info","message":"HTTP GET /api/v1/drivers?page=1&limit=10&search=&includeDeleted=false - 200 [1097ms]","method":"GET","requestId":"f8e263aa-cc81-43bb-8a3d-8a3fbd890328","status":200,"timestamp":"2026-07-16 15:16:40","url":"/api/v1/drivers?page=1&limit=10&search=&includeDeleted=false","userId":1}
{"duration":"1188ms","ip":"::1","label":"HTTP","level":"info","message":"HTTP GET /api/v1/trips?page=1&limit=10&search= - 200 [1188ms]","method":"GET","requestId":"b773f832-46ef-40f2-ba2a-efa70055dc06","status":200,"timestamp":"2026-07-16 15:16:43","url":"/api/v1/trips?page=1&limit=10&search=","userId":1}
{"duration":"12ms","ip":"::1","label":"HTTP","level":"info","message":"HTTP GET /api/v1/trips?page=1&limit=10&search= - 401 [12ms]","method":"GET","requestId":"f4a75fb5-58a4-4398-a68c-c85673955128","status":401,"timestamp":"2026-07-16 15:35:31","url":"/api/v1/trips?page=1&limit=10&search=","userId":null}
{"duration":"599ms","ip":"::1","label":"HTTP","level":"info","message":"HTTP POST /api/v1/auth/refresh - 200 [599ms]","method":"POST","requestId":"ddf00ffa-5bee-4179-ad51-822573030d53","status":200,"timestamp":"2026-07-16 15:35:31","url":"/api/v1/auth/refresh","userId":null}
{"duration":"1082ms","ip":"::1","label":"HTTP","level":"info","message":"HTTP GET /api/v1/trips?page=1&limit=10&search= - 200 [1082ms]","method":"GET","requestId":"e314e74c-48b0-45c5-8a4d-e9f921963afc","status":200,"timestamp":"2026-07-16 15:35:33","url":"/api/v1/trips?page=1&limit=10&search=","userId":1}
{"duration":"1230ms","ip":"::1","label":"HTTP","level":"info","message":"HTTP GET /api/v1/drivers?page=1&limit=10&search=&includeDeleted=false - 200 [1230ms]","method":"GET","requestId":"1454bc40-9de2-4d71-8d7b-ec1de67532d8","status":200,"timestamp":"2026-07-16 15:47:55","url":"/api/v1/drivers?page=1&limit=10&search=&includeDeleted=false","userId":1}
{"duration":"7ms","ip":"::1","label":"HTTP","level":"info","message":"HTTP GET /api/v1/auth/me - 401 [7ms]","method":"GET","requestId":"c44fa3f0-b4ec-4263-9472-102493afb456","status":401,"timestamp":"2026-07-16 16:00:30","url":"/api/v1/auth/me","userId":null}
{"duration":"4ms","ip":"::1","label":"HTTP","level":"info","message":"HTTP GET /api/v1/auth/me - 401 [4ms]","method":"GET","requestId":"0ad7ef77-e2ff-4d4c-ba16-c8a4a03f4c46","status":401,"timestamp":"2026-07-16 16:00:30","url":"/api/v1/auth/me","userId":null}
{"duration":"544ms","ip":"::1","label":"HTTP","level":"info","message":"HTTP POST /api/v1/auth/refresh - 200 [544ms]","method":"POST","requestId":"eb9809b5-be37-4025-bec4-16d3a304f857","status":200,"timestamp":"2026-07-16 16:00:30","url":"/api/v1/auth/refresh","userId":null}
{"duration":"756ms","ip":"::1","label":"HTTP","level":"info","message":"HTTP GET /api/v1/auth/me - 200 [756ms]","method":"GET","requestId":"0b43e225-d1ec-4ae8-b653-0c15d9c19688","status":200,"timestamp":"2026-07-16 16:00:31","url":"/api/v1/auth/me","userId":1}
{"duration":"532ms","ip":"::1","label":"HTTP","level":"info","message":"HTTP GET /api/v1/auth/me - 200 [532ms]","method":"GET","requestId":"a9b6c957-fccd-40ee-81e8-b28a5804eeff","status":200,"timestamp":"2026-07-16 16:00:32","url":"/api/v1/auth/me","userId":1}
{"duration":"1152ms","ip":"::1","label":"HTTP","level":"info","message":"HTTP GET /api/v1/maintenance?page=1&limit=100 - 200 [1152ms]","method":"GET","requestId":"f5d285a2-c17f-48ca-889a-92dea0f66021","status":200,"timestamp":"2026-07-16 16:01:27","url":"/api/v1/maintenance?page=1&limit=100","userId":1}
{"duration":"1084ms","ip":"::1","label":"HTTP","level":"info","message":"HTTP GET /api/v1/maintenance?page=1&limit=100 - 200 [1084ms]","method":"GET","requestId":"cd7ac8a0-a6e9-4e6b-9857-9ba6b5560cb9","status":200,"timestamp":"2026-07-16 16:15:06","url":"/api/v1/maintenance?page=1&limit=100","userId":1}
{"duration":"1070ms","ip":"::1","label":"HTTP","level":"info","message":"HTTP GET /api/v1/maintenance?page=1&limit=100 - 200 [1070ms]","method":"GET","requestId":"a56b79e7-da2a-4908-8151-db2d04f6338d","status":200,"timestamp":"2026-07-16 16:15:07","url":"/api/v1/maintenance?page=1&limit=100","userId":1}
{"duration":"73ms","ip":"::1","label":"HTTP","level":"info","message":"HTTP GET /api/v1/auth/me - 401 [73ms]","method":"GET","requestId":"c1202ab5-aeed-49b9-9125-cde4a7fc2286","status":401,"timestamp":"2026-07-16 18:10:18","url":"/api/v1/auth/me","userId":null}
{"duration":"48ms","ip":"::1","label":"HTTP","level":"info","message":"HTTP GET /api/v1/auth/me - 401 [48ms]","method":"GET","requestId":"40bb6e9c-8526-439b-af3f-f76c1947346c","status":401,"timestamp":"2026-07-16 18:10:18","url":"/api/v1/auth/me","userId":null}
{"duration":"757ms","ip":"::1","label":"HTTP","level":"info","message":"HTTP POST /api/v1/auth/refresh - 200 [757ms]","method":"POST","requestId":"08475e5d-dfcc-4c24-b96a-bccf1465c8fa","status":200,"timestamp":"2026-07-16 18:10:19","url":"/api/v1/auth/refresh","userId":null}
{"duration":"646ms","ip":"::1","label":"HTTP","level":"info","message":"HTTP GET /api/v1/auth/me - 200 [646ms]","method":"GET","requestId":"68a98646-3cd4-4802-89cf-241f45c87867","status":200,"timestamp":"2026-07-16 18:10:20","url":"/api/v1/auth/me","userId":1}
{"duration":"605ms","ip":"::1","label":"HTTP","level":"info","message":"HTTP GET /api/v1/auth/me - 200 [605ms]","method":"GET","requestId":"accbeceb-14f4-4eae-b360-9724b0fdd3ce","status":200,"timestamp":"2026-07-16 18:10:20","url":"/api/v1/auth/me","userId":1}
{"duration":"637ms","ip":"::1","label":"HTTP","level":"info","message":"HTTP GET /api/v1/auth/me - 200 [637ms]","method":"GET","requestId":"6950c42e-e53a-41e5-8e3d-245e4536f582","status":200,"timestamp":"2026-07-16 18:10:21","url":"/api/v1/auth/me","userId":1}
{"duration":"610ms","ip":"::1","label":"HTTP","level":"info","message":"HTTP GET /api/v1/auth/me - 200 [610ms]","method":"GET","requestId":"a5b1e264-ca94-4000-9659-9aef5118dc2c","status":200,"timestamp":"2026-07-16 18:10:22","url":"/api/v1/auth/me","userId":1}
{"duration":"3806ms","ip":"::1","label":"HTTP","level":"info","message":"HTTP GET /api/v1/dashboard - 200 [3806ms]","method":"GET","requestId":"aec29c56-d3da-4a86-a365-95491cd2adc1","status":200,"timestamp":"2026-07-16 18:10:25","url":"/api/v1/dashboard","userId":1}
{"duration":"2667ms","ip":"::1","label":"HTTP","level":"info","message":"HTTP GET /api/v1/dashboard - 200 [2667ms]","method":"GET","requestId":"ff5d649a-b836-4ad2-b79a-193bb4d3f6f1","status":200,"timestamp":"2026-07-16 18:10:28","url":"/api/v1/dashboard","userId":1}
{"duration":"1226ms","ip":"::1","label":"HTTP","level":"info","message":"HTTP GET /api/v1/maintenance?page=1&limit=100 - 200 [1226ms]","method":"GET","requestId":"27e64add-5ce4-42e0-88f7-1cc7b352965a","status":200,"timestamp":"2026-07-16 18:10:32","url":"/api/v1/maintenance?page=1&limit=100","userId":1}
{"duration":"1265ms","ip":"::1","label":"HTTP","level":"info","message":"HTTP GET /api/v1/maintenance?page=1&limit=100 - 200 [1265ms]","method":"GET","requestId":"010e219f-c5a5-4c7f-aa4d-f5f618f145da","status":200,"timestamp":"2026-07-16 18:10:33","url":"/api/v1/maintenance?page=1&limit=100","userId":1}
{"duration":"560ms","ip":"::1","label":"HTTP","level":"info","message":"HTTP GET /api/v1/auth/me - 200 [560ms]","method":"GET","requestId":"71e88288-23cf-40de-8a1b-09071c49e862","status":200,"timestamp":"2026-07-16 18:14:24","url":"/api/v1/auth/me","userId":1}
{"duration":"554ms","ip":"::1","label":"HTTP","level":"info","message":"HTTP GET /api/v1/auth/me - 200 [554ms]","method":"GET","requestId":"dbb6af0a-0f14-44ec-869e-142804ca1a6f","status":200,"timestamp":"2026-07-16 18:14:24","url":"/api/v1/auth/me","userId":1}
{"duration":"1279ms","ip":"::1","label":"HTTP","level":"info","message":"HTTP GET /api/v1/maintenance?page=1&limit=100 - 200 [1279ms]","method":"GET","requestId":"a8d7785e-e1c4-4658-ae89-7d86f5c57ec0","status":200,"timestamp":"2026-07-16 18:14:28","url":"/api/v1/maintenance?page=1&limit=100","userId":1}
{"duration":"1213ms","ip":"::1","label":"HTTP","level":"info","message":"HTTP GET /api/v1/maintenance?page=1&limit=100 - 200 [1213ms]","method":"GET","requestId":"cc6b86c5-c483-413a-87d3-3b75d1986fed","status":200,"timestamp":"2026-07-16 18:14:30","url":"/api/v1/maintenance?page=1&limit=100","userId":1}
{"duration":"48ms","ip":"::1","label":"HTTP","level":"info","message":"HTTP GET /api/v1/auth/me - 401 [48ms]","method":"GET","requestId":"d4bfac52-e1cb-42d7-bf72-764b424c31dc","status":401,"timestamp":"2026-07-16 18:33:06","url":"/api/v1/auth/me","userId":null}
{"duration":"17ms","ip":"::1","label":"HTTP","level":"info","message":"HTTP GET /api/v1/auth/me - 401 [17ms]","method":"GET","requestId":"fc576546-b35a-4a88-b110-13e7a0b679f3","status":401,"timestamp":"2026-07-16 18:33:06","url":"/api/v1/auth/me","userId":null}
{"duration":"710ms","ip":"::1","label":"HTTP","level":"info","message":"HTTP POST /api/v1/auth/refresh - 200 [710ms]","method":"POST","requestId":"0491a515-68c9-4987-b7b6-e9396000b2fc","status":200,"timestamp":"2026-07-16 18:33:07","url":"/api/v1/auth/refresh","userId":null}
{"duration":"634ms","ip":"::1","label":"HTTP","level":"info","message":"HTTP GET /api/v1/auth/me - 200 [634ms]","method":"GET","requestId":"9d1c7163-c556-4ffe-86b5-a8f82a6320c7","status":200,"timestamp":"2026-07-16 18:33:07","url":"/api/v1/auth/me","userId":1}
{"duration":"566ms","ip":"::1","label":"HTTP","level":"info","message":"HTTP GET /api/v1/auth/me - 200 [566ms]","method":"GET","requestId":"50648ede-a604-4d15-bba9-45a6a045fa7a","status":200,"timestamp":"2026-07-16 18:33:08","url":"/api/v1/auth/me","userId":1}
{"duration":"1447ms","ip":"::1","label":"HTTP","level":"info","message":"HTTP GET /api/v1/maintenance?page=1&limit=100 - 200 [1447ms]","method":"GET","requestId":"d89d1f25-d6d5-4104-b20c-1dfd7eac9fbb","status":200,"timestamp":"2026-07-16 18:33:10","url":"/api/v1/maintenance?page=1&limit=100","userId":1}
{"duration":"1177ms","ip":"::1","label":"HTTP","level":"info","message":"HTTP GET /api/v1/maintenance?page=1&limit=100 - 200 [1177ms]","method":"GET","requestId":"843d8795-2a4e-4950-a761-3b035ae4f85b","status":200,"timestamp":"2026-07-16 18:33:11","url":"/api/v1/maintenance?page=1&limit=100","userId":1}
{"duration":"593ms","ip":"::1","label":"HTTP","level":"info","message":"HTTP GET /api/v1/auth/me - 200 [593ms]","method":"GET","requestId":"51d9343c-fe4f-4e6b-8fc5-e4cdce76c87c","status":200,"timestamp":"2026-07-16 18:42:04","url":"/api/v1/auth/me","userId":1}
{"duration":"573ms","ip":"::1","label":"HTTP","level":"info","message":"HTTP GET /api/v1/auth/me - 200 [573ms]","method":"GET","requestId":"8ad404e8-932b-4854-93d5-0c2aaff8e893","status":200,"timestamp":"2026-07-16 18:42:04","url":"/api/v1/auth/me","userId":1}
{"duration":"1332ms","ip":"::1","label":"HTTP","level":"info","message":"HTTP GET /api/v1/maintenance?page=1&limit=100 - 200 [1332ms]","method":"GET","requestId":"f2f8e5b5-1b6c-435d-a1c6-46f4cee78aa9","status":200,"timestamp":"2026-07-16 18:42:06","url":"/api/v1/maintenance?page=1&limit=100","userId":1}
{"duration":"1201ms","ip":"::1","label":"HTTP","level":"info","message":"HTTP GET /api/v1/maintenance?page=1&limit=100 - 200 [1201ms]","method":"GET","requestId":"5137a90e-076a-4982-800e-5146e3488e1a","status":200,"timestamp":"2026-07-16 18:42:07","url":"/api/v1/maintenance?page=1&limit=100","userId":1}
{"duration":"140ms","ip":"::1","label":"HTTP","level":"info","message":"HTTP GET /api/v1/maintenance?page=1&limit=100 - 401 [140ms]","method":"GET","requestId":"6f2f77a6-7c3b-41ce-bd76-c103a7934337","status":401,"timestamp":"2026-07-16 20:26:21","url":"/api/v1/maintenance?page=1&limit=100","userId":null}
{"duration":"17ms","ip":"::1","label":"HTTP","level":"info","message":"HTTP GET /api/v1/maintenance/dashboard-kpis - 401 [17ms]","method":"GET","requestId":"a06e8f93-ceb6-40b8-bbc6-336a61244124","status":401,"timestamp":"2026-07-16 20:26:21","url":"/api/v1/maintenance/dashboard-kpis","userId":null}
{"duration":"629ms","ip":"::1","label":"HTTP","level":"info","message":"HTTP POST /api/v1/auth/refresh - 200 [629ms]","method":"POST","requestId":"ab6a7fc1-5297-4701-97b6-f9c6f27cf11a","status":200,"timestamp":"2026-07-16 20:26:22","url":"/api/v1/auth/refresh","userId":null}
{"duration":"1280ms","ip":"::1","label":"HTTP","level":"info","message":"HTTP GET /api/v1/maintenance?page=1&limit=100 - 200 [1280ms]","method":"GET","requestId":"7b13bec0-10bf-4247-ade2-4023fcda7918","status":200,"timestamp":"2026-07-16 20:26:23","url":"/api/v1/maintenance?page=1&limit=100","userId":1}
{"duration":"1800ms","ip":"::1","label":"HTTP","level":"info","message":"HTTP GET /api/v1/maintenance/dashboard-kpis - 403 [1800ms]","method":"GET","requestId":"0731a0a2-252b-4bd3-9c51-54aab76a8992","status":403,"timestamp":"2026-07-16 20:26:24","url":"/api/v1/maintenance/dashboard-kpis","userId":1}
{"duration":"702ms","ip":"::1","label":"HTTP","level":"info","message":"HTTP POST /api/v1/auth/login - 401 [702ms]","method":"POST","requestId":"fedf180e-b1ab-43c1-bfbc-2036fd9a1fd2","status":401,"timestamp":"2026-07-16 21:47:22","url":"/api/v1/auth/login","userId":null}
{"duration":"728ms","ip":"::1","label":"HTTP","level":"info","message":"HTTP POST /api/v1/auth/login - 401 [728ms]","method":"POST","requestId":"f50e2c64-c811-4be4-a075-aad287a22ab3","status":401,"timestamp":"2026-07-16 21:47:59","url":"/api/v1/auth/login","userId":null}
{"duration":"19ms","ip":"::1","label":"HTTP","level":"info","message":"HTTP POST /api/v1/maintenance - 401 [19ms]","method":"POST","requestId":"92e3101e-4159-40f6-b8b6-d4465e86154d","status":401,"timestamp":"2026-07-16 21:47:59","url":"/api/v1/maintenance","userId":null}
