{"duration":"10ms","ip":"::1","label":"HTTP","level":"info","message":"HTTP POST /api/v1/auth/login - 400 [10ms]","method":"POST","requestId":"29a2be75-bfe1-4780-8da6-db31bb04de43","status":400,"timestamp":"2026-07-14 02:11:07","url":"/api/v1/auth/login","userId":null}
{"duration":"41ms","ip":"::1","label":"HTTP","level":"info","message":"HTTP POST /api/v1/auth/login - 400 [41ms]","method":"POST","requestId":"a9059e82-617d-42ea-aeea-762d257b45a5","status":400,"timestamp":"2026-07-14 02:18:45","url":"/api/v1/auth/login","userId":null}
{"duration":"5ms","ip":"::1","label":"HTTP","level":"info","message":"HTTP POST /api/v1/auth/login - 400 [5ms]","method":"POST","requestId":"82e62f68-c2be-4317-89f8-2280422757f9","status":400,"timestamp":"2026-07-14 02:18:55","url":"/api/v1/auth/login","userId":null}
{"duration":"3ms","ip":"::1","label":"HTTP","level":"info","message":"HTTP POST /api/v1/auth/login - 400 [3ms]","method":"POST","requestId":"75197e16-d303-47e7-b902-a8ee4de19ebe","status":400,"timestamp":"2026-07-14 02:22:34","url":"/api/v1/auth/login","userId":null}
{"duration":"994ms","ip":"::1","label":"HTTP","level":"info","message":"HTTP POST /api/v1/auth/login - 200 [994ms]","method":"POST","requestId":"8586a2dc-8612-41f0-a9e3-e2954ae3fab6","status":200,"timestamp":"2026-07-14 02:25:16","url":"/api/v1/auth/login","userId":null}
{"duration":"623ms","ip":"::1","label":"HTTP","level":"info","message":"HTTP GET /api/v1/dashboard/summary - 500 [623ms]","method":"GET","requestId":"b796f4eb-f159-469c-8c7f-f7267bf26f2c","status":500,"timestamp":"2026-07-14 02:25:16","url":"/api/v1/dashboard/summary","userId":null}
{"duration":"563ms","ip":"::1","label":"HTTP","level":"info","message":"HTTP GET /api/v1/dashboard/summary - 500 [563ms]","method":"GET","requestId":"8774c0ec-36d3-47c1-b4fa-712d69b57a2c","status":500,"timestamp":"2026-07-14 02:25:17","url":"/api/v1/dashboard/summary","userId":null}
{"duration":"573ms","ip":"::1","label":"HTTP","level":"info","message":"HTTP GET /api/v1/dashboard/summary - 500 [573ms]","method":"GET","requestId":"a4ea52c9-0c68-4b1a-b158-6ea494acdc0a","status":500,"timestamp":"2026-07-14 02:29:10","url":"/api/v1/dashboard/summary","userId":null}
{"duration":"552ms","ip":"::1","label":"HTTP","level":"info","message":"HTTP GET /api/v1/dashboard/summary - 500 [552ms]","method":"GET","requestId":"5aa07cc8-4823-48a3-8c04-691110c91cf2","status":500,"timestamp":"2026-07-14 02:29:10","url":"/api/v1/dashboard/summary","userId":null}
{"duration":"565ms","ip":"::1","label":"HTTP","level":"info","message":"HTTP GET /api/v1/dashboard/summary - 500 [565ms]","method":"GET","requestId":"3512806d-ac8f-4e94-907e-5328b09931f8","status":500,"timestamp":"2026-07-14 02:29:39","url":"/api/v1/dashboard/summary","userId":null}
{"duration":"596ms","ip":"::1","label":"HTTP","level":"info","message":"HTTP GET /api/v1/dashboard/summary - 500 [596ms]","method":"GET","requestId":"fd928258-fe5f-4c7e-8314-0c82e76f618b","status":500,"timestamp":"2026-07-14 02:29:39","url":"/api/v1/dashboard/summary","userId":null}
{"duration":"1008ms","ip":"::1","label":"HTTP","level":"info","message":"HTTP POST /api/v1/auth/login - 200 [1008ms]","method":"POST","requestId":"a180c962-3e73-4a3f-8601-231bea95eda9","status":200,"timestamp":"2026-07-14 02:34:12","url":"/api/v1/auth/login","userId":null}
{"duration":"595ms","ip":"::1","label":"HTTP","level":"info","message":"HTTP GET /api/v1/dashboard/summary - 500 [595ms]","method":"GET","requestId":"ef23dc55-32c8-4d9c-83ae-c15f43b057ff","status":500,"timestamp":"2026-07-14 02:34:13","url":"/api/v1/dashboard/summary","userId":null}
{"duration":"582ms","ip":"::1","label":"HTTP","level":"info","message":"HTTP GET /api/v1/dashboard/summary - 500 [582ms]","method":"GET","requestId":"cfe6b9b2-f629-4fa0-9fb4-06f2253c6013","status":500,"timestamp":"2026-07-14 02:34:13","url":"/api/v1/dashboard/summary","userId":null}
{"duration":"12ms","ip":"::1","label":"HTTP","level":"info","message":"HTTP GET / - 200 [12ms]","method":"GET","requestId":"0f2df27a-f9b2-4274-a757-0f0b1027eed6","status":200,"timestamp":"2026-07-14 02:36:56","url":"/","userId":null}
{"duration":"559ms","ip":"::1","label":"HTTP","level":"info","message":"HTTP GET /api/v1/auth/me - 200 [559ms]","method":"GET","requestId":"9482413c-4e30-4bd0-bb9f-a961e650da21","status":200,"timestamp":"2026-07-14 02:37:39","url":"/api/v1/auth/me","userId":1}
{"duration":"609ms","ip":"::1","label":"HTTP","level":"info","message":"HTTP GET /api/v1/auth/me - 200 [609ms]","method":"GET","requestId":"bcfb22b5-ba26-4151-862e-3b5f703b101f","status":200,"timestamp":"2026-07-14 02:37:39","url":"/api/v1/auth/me","userId":1}
{"duration":"572ms","ip":"::1","label":"HTTP","level":"info","message":"HTTP GET /api/v1/dashboard/summary - 404 [572ms]","method":"GET","requestId":"a37477f8-0a79-4f92-a9da-efd9e05689aa","status":404,"timestamp":"2026-07-14 02:37:47","url":"/api/v1/dashboard/summary","userId":1}
{"duration":"575ms","ip":"::1","label":"HTTP","level":"info","message":"HTTP GET /api/v1/dashboard/summary - 404 [575ms]","method":"GET","requestId":"f05cc45b-dbdd-4dc2-b46a-fc97d312dee0","status":404,"timestamp":"2026-07-14 02:37:47","url":"/api/v1/dashboard/summary","userId":1}
{"duration":"5ms","ip":"::1","label":"HTTP","level":"info","message":"HTTP GET /api/v1/dashboard/summary - 401 [5ms]","method":"GET","requestId":"812db1a0-0637-4b2a-a608-d00ca63dd179","status":401,"timestamp":"2026-07-14 02:46:40","url":"/api/v1/dashboard/summary","userId":null}
{"duration":"4ms","ip":"::1","label":"HTTP","level":"info","message":"HTTP GET /api/v1/dashboard/summary - 401 [4ms]","method":"GET","requestId":"da3d3c9c-eb2b-4067-8f84-8100f0994983","status":401,"timestamp":"2026-07-14 02:46:40","url":"/api/v1/dashboard/summary","userId":null}
{"duration":"576ms","ip":"::1","label":"HTTP","level":"info","message":"HTTP GET /api/v1/auth/me - 200 [576ms]","method":"GET","requestId":"4e2e42d6-9cdd-468f-ad5b-a04c13508484","status":200,"timestamp":"2026-07-14 02:46:41","url":"/api/v1/auth/me","userId":1}
{"duration":"552ms","ip":"::1","label":"HTTP","level":"info","message":"HTTP GET /api/v1/auth/me - 200 [552ms]","method":"GET","requestId":"adc517aa-b78b-446d-a72f-91e4517d3834","status":200,"timestamp":"2026-07-14 02:46:41","url":"/api/v1/auth/me","userId":1}
{"duration":"1109ms","ip":"::1","label":"HTTP","level":"info","message":"HTTP POST /api/v1/auth/login - 200 [1109ms]","method":"POST","requestId":"130a0bcb-8e60-4af8-a5ac-109fe178bce2","status":200,"timestamp":"2026-07-14 02:46:45","url":"/api/v1/auth/login","userId":null}
{"duration":"2ms","ip":"::1","label":"HTTP","level":"info","message":"HTTP GET /api/v1/dashboard/summary - 401 [2ms]","method":"GET","requestId":"61a27567-19c7-44a5-81ca-4aa4a911379a","status":401,"timestamp":"2026-07-14 02:46:45","url":"/api/v1/dashboard/summary","userId":null}
{"duration":"1ms","ip":"::1","label":"HTTP","level":"info","message":"HTTP GET /api/v1/dashboard/summary - 401 [1ms]","method":"GET","requestId":"c7f578b6-8f1b-4a56-a24a-df14d91928d5","status":401,"timestamp":"2026-07-14 02:46:45","url":"/api/v1/dashboard/summary","userId":null}
{"duration":"534ms","ip":"::1","label":"HTTP","level":"info","message":"HTTP GET /api/v1/auth/me - 200 [534ms]","method":"GET","requestId":"270b7c41-99c1-4f7e-ad91-54b7d1b3ce9e","status":200,"timestamp":"2026-07-14 02:46:46","url":"/api/v1/auth/me","userId":1}
{"duration":"572ms","ip":"::1","label":"HTTP","level":"info","message":"HTTP GET /api/v1/auth/me - 200 [572ms]","method":"GET","requestId":"c3100a4a-2993-44c7-beb1-bb56c4d3234f","status":200,"timestamp":"2026-07-14 02:46:47","url":"/api/v1/auth/me","userId":1}
{"duration":"1059ms","ip":"::1","label":"HTTP","level":"info","message":"HTTP POST /api/v1/auth/login - 200 [1059ms]","method":"POST","requestId":"35ea36ad-813f-49f6-b042-1752661765c1","status":200,"timestamp":"2026-07-14 02:46:51","url":"/api/v1/auth/login","userId":null}
{"duration":"1ms","ip":"::1","label":"HTTP","level":"info","message":"HTTP GET /api/v1/dashboard/summary - 401 [1ms]","method":"GET","requestId":"6410d177-a41d-4d06-9fc2-188eb7e330f6","status":401,"timestamp":"2026-07-14 02:46:51","url":"/api/v1/dashboard/summary","userId":null}
{"duration":"2ms","ip":"::1","label":"HTTP","level":"info","message":"HTTP GET /api/v1/dashboard/summary - 401 [2ms]","method":"GET","requestId":"2d30a35f-0c0e-46a2-8fc7-a3f157645590","status":401,"timestamp":"2026-07-14 02:46:51","url":"/api/v1/dashboard/summary","userId":null}
{"duration":"553ms","ip":"::1","label":"HTTP","level":"info","message":"HTTP GET /api/v1/auth/me - 200 [553ms]","method":"GET","requestId":"c0285a23-cfc4-4d74-b319-6ddd00d2a309","status":200,"timestamp":"2026-07-14 02:46:52","url":"/api/v1/auth/me","userId":1}
{"duration":"557ms","ip":"::1","label":"HTTP","level":"info","message":"HTTP GET /api/v1/auth/me - 200 [557ms]","method":"GET","requestId":"6a8a7468-df6d-491e-91f4-24abc4b6d132","status":200,"timestamp":"2026-07-14 02:46:52","url":"/api/v1/auth/me","userId":1}
{"duration":"909ms","ip":"::1","label":"HTTP","level":"info","message":"HTTP POST /api/v1/auth/login - 200 [909ms]","method":"POST","requestId":"5be7f2c9-b885-4eef-8e51-00947e4af49d","status":200,"timestamp":"2026-07-14 02:47:07","url":"/api/v1/auth/login","userId":null}
{"duration":"1ms","ip":"::1","label":"HTTP","level":"info","message":"HTTP GET /api/v1/dashboard/summary - 401 [1ms]","method":"GET","requestId":"c18c548e-6480-4da8-a13e-a8a8eaecd602","status":401,"timestamp":"2026-07-14 02:47:08","url":"/api/v1/dashboard/summary","userId":null}
{"duration":"2ms","ip":"::1","label":"HTTP","level":"info","message":"HTTP GET /api/v1/dashboard/summary - 401 [2ms]","method":"GET","requestId":"e92574b1-e481-4682-85a0-7f662799a77b","status":401,"timestamp":"2026-07-14 02:47:08","url":"/api/v1/dashboard/summary","userId":null}
{"duration":"582ms","ip":"::1","label":"HTTP","level":"info","message":"HTTP GET /api/v1/auth/me - 200 [582ms]","method":"GET","requestId":"820ec92b-53dd-47b3-965f-74b6a6d8aeb4","status":200,"timestamp":"2026-07-14 02:47:09","url":"/api/v1/auth/me","userId":1}
{"duration":"550ms","ip":"::1","label":"HTTP","level":"info","message":"HTTP GET /api/v1/auth/me - 200 [550ms]","method":"GET","requestId":"502d67fb-d4e3-4dc3-bbcd-ff836a408e64","status":200,"timestamp":"2026-07-14 02:47:09","url":"/api/v1/auth/me","userId":1}
{"duration":"936ms","ip":"::1","label":"HTTP","level":"info","message":"HTTP POST /api/v1/auth/login - 200 [936ms]","method":"POST","requestId":"97c8d274-acc3-43fc-9120-0fd618e55db3","status":200,"timestamp":"2026-07-14 02:47:14","url":"/api/v1/auth/login","userId":null}
{"duration":"2ms","ip":"::1","label":"HTTP","level":"info","message":"HTTP GET /api/v1/dashboard/summary - 401 [2ms]","method":"GET","requestId":"10e30d37-702e-4d4c-82ae-8ef9f5001f4e","status":401,"timestamp":"2026-07-14 02:47:14","url":"/api/v1/dashboard/summary","userId":null}
{"duration":"9ms","ip":"::1","label":"HTTP","level":"info","message":"HTTP GET /api/v1/dashboard/summary - 401 [9ms]","method":"GET","requestId":"562fad4c-7183-459b-9423-46d7275864f1","status":401,"timestamp":"2026-07-14 02:47:14","url":"/api/v1/dashboard/summary","userId":null}
{"duration":"572ms","ip":"::1","label":"HTTP","level":"info","message":"HTTP GET /api/v1/auth/me - 200 [572ms]","method":"GET","requestId":"c9dfe4ce-ef91-42d4-ae96-50c79655151b","status":200,"timestamp":"2026-07-14 02:47:15","url":"/api/v1/auth/me","userId":1}
{"duration":"895ms","ip":"::1","label":"HTTP","level":"info","message":"HTTP GET /api/v1/auth/me - 200 [895ms]","method":"GET","requestId":"00707e93-fc32-4c28-b13f-261d08e59a1e","status":200,"timestamp":"2026-07-14 02:47:16","url":"/api/v1/auth/me","userId":1}
{"duration":"961ms","ip":"::1","label":"HTTP","level":"info","message":"HTTP POST /api/v1/auth/login - 200 [961ms]","method":"POST","requestId":"da9a1edb-59d2-4934-b904-8ae61cfd6ecf","status":200,"timestamp":"2026-07-14 02:53:32","url":"/api/v1/auth/login","userId":null}
{"duration":"558ms","ip":"::1","label":"HTTP","level":"info","message":"HTTP GET /api/v1/dashboard/summary - 404 [558ms]","method":"GET","requestId":"d5a3169f-6adc-4162-956f-f235e84e628b","status":404,"timestamp":"2026-07-14 02:56:11","url":"/api/v1/dashboard/summary","userId":1}
{"duration":"963ms","ip":"::1","label":"HTTP","level":"info","message":"HTTP POST /api/v1/auth/login - 200 [963ms]","method":"POST","requestId":"5b7db6c0-d3f0-4da0-a47d-a0c844a977b0","status":200,"timestamp":"2026-07-14 02:56:53","url":"/api/v1/auth/login","userId":null}
{"duration":"756ms","ip":"::1","label":"HTTP","level":"info","message":"HTTP GET /api/v1/dashboard - 403 [756ms]","method":"GET","requestId":"4488ea21-0726-4831-b2e5-5e6e0a5489c5","status":403,"timestamp":"2026-07-14 02:56:54","url":"/api/v1/dashboard","userId":1}
{"duration":"550ms","ip":"::1","label":"HTTP","level":"info","message":"HTTP GET /api/v1/dashboard - 403 [550ms]","method":"GET","requestId":"42539a0c-9705-48f0-b49e-aa27c76101c5","status":403,"timestamp":"2026-07-14 02:56:55","url":"/api/v1/dashboard","userId":1}
{"duration":"534ms","ip":"::1","label":"HTTP","level":"info","message":"HTTP GET /api/v1/dashboard - 403 [534ms]","method":"GET","requestId":"f3f7deef-c0eb-41c1-932d-6466dd3dfcbc","status":403,"timestamp":"2026-07-14 02:57:09","url":"/api/v1/dashboard","userId":1}
{"duration":"2298ms","ip":"::1","label":"HTTP","level":"info","message":"HTTP GET /api/v1/dashboard - 500 [2298ms]","method":"GET","requestId":"5e59a9d7-7cac-45d9-bf21-d4a459cc82d7","status":500,"timestamp":"2026-07-14 02:59:06","url":"/api/v1/dashboard","userId":1}
{"duration":"2499ms","ip":"::1","label":"HTTP","level":"info","message":"HTTP GET /api/v1/dashboard - 200 [2499ms]","method":"GET","requestId":"c0e5de85-21e4-41cc-9888-a109493a72da","status":200,"timestamp":"2026-07-14 02:59:48","url":"/api/v1/dashboard","userId":1}
{"duration":"556ms","ip":"::1","label":"HTTP","level":"info","message":"HTTP GET /api/v1/auth/me - 200 [556ms]","method":"GET","requestId":"d11a6914-3ead-4918-a535-b54fe82a799c","status":200,"timestamp":"2026-07-14 03:01:17","url":"/api/v1/auth/me","userId":1}
{"duration":"539ms","ip":"::1","label":"HTTP","level":"info","message":"HTTP GET /api/v1/auth/me - 200 [539ms]","method":"GET","requestId":"d6d00879-a55c-4171-b069-6627790ad757","status":200,"timestamp":"2026-07-14 03:01:18","url":"/api/v1/auth/me","userId":1}
{"duration":"3738ms","ip":"::1","label":"HTTP","level":"info","message":"HTTP GET /api/v1/dashboard - 200 [3738ms]","method":"GET","requestId":"8fc4ec90-9cc7-49b3-91e2-6dbd831d0a93","status":200,"timestamp":"2026-07-14 03:01:21","url":"/api/v1/dashboard","userId":1}
{"duration":"2451ms","ip":"::1","label":"HTTP","level":"info","message":"HTTP GET /api/v1/dashboard - 200 [2451ms]","method":"GET","requestId":"4a4bbda1-921f-45f8-9f19-718e6168b994","status":200,"timestamp":"2026-07-14 03:01:24","url":"/api/v1/dashboard","userId":1}
{"duration":"620ms","ip":"::1","label":"HTTP","level":"info","message":"HTTP GET /api/v1/auth/me - 200 [620ms]","method":"GET","requestId":"082fe8da-01a9-4335-a801-7c1a2ceff083","status":200,"timestamp":"2026-07-14 03:11:01","url":"/api/v1/auth/me","userId":1}
{"duration":"715ms","ip":"::1","label":"HTTP","level":"info","message":"HTTP GET /api/v1/auth/me - 200 [715ms]","method":"GET","requestId":"98b139c6-9ec3-4b93-9e88-9065fe2d1f78","status":200,"timestamp":"2026-07-14 03:11:02","url":"/api/v1/auth/me","userId":1}
{"duration":"3ms","ip":"::1","label":"HTTP","level":"info","message":"HTTP GET /api/v1/dashboard/summary - 401 [3ms]","method":"GET","requestId":"b983b1cf-caae-4ffc-9656-2156c3e2d538","status":401,"timestamp":"2026-07-14 03:11:02","url":"/api/v1/dashboard/summary","userId":null}
{"duration":"3ms","ip":"::1","label":"HTTP","level":"info","message":"HTTP GET /api/v1/dashboard/summary - 401 [3ms]","method":"GET","requestId":"6ce49902-9fdc-45a2-82a5-1c2939a3843e","status":401,"timestamp":"2026-07-14 03:11:02","url":"/api/v1/dashboard/summary","userId":null}
{"duration":"624ms","ip":"::1","label":"HTTP","level":"info","message":"HTTP GET /api/v1/auth/me - 200 [624ms]","method":"GET","requestId":"7f746151-91d3-4566-abc0-faae64930c85","status":200,"timestamp":"2026-07-14 03:11:04","url":"/api/v1/auth/me","userId":1}
{"duration":"551ms","ip":"::1","label":"HTTP","level":"info","message":"HTTP GET /api/v1/auth/me - 200 [551ms]","method":"GET","requestId":"096e3256-a596-436e-951b-216f7a1ef61d","status":200,"timestamp":"2026-07-14 03:11:04","url":"/api/v1/auth/me","userId":1}
{"duration":"5ms","ip":"::1","label":"HTTP","level":"info","message":"HTTP GET /api/v1/auth/me - 401 [5ms]","method":"GET","requestId":"f912c780-85f8-4645-8440-bbd83597b77b","status":401,"timestamp":"2026-07-14 03:12:02","url":"/api/v1/auth/me","userId":null}
{"duration":"7ms","ip":"::1","label":"HTTP","level":"info","message":"HTTP GET /api/v1/auth/me - 401 [7ms]","method":"GET","requestId":"4f2547a1-b3db-45ec-9196-debe5a8399d0","status":401,"timestamp":"2026-07-14 03:12:02","url":"/api/v1/auth/me","userId":null}
{"duration":"568ms","ip":"::1","label":"HTTP","level":"info","message":"HTTP POST /api/v1/auth/refresh - 200 [568ms]","method":"POST","requestId":"4d77482d-cd59-4b41-b18f-185c050296b5","status":200,"timestamp":"2026-07-14 03:12:03","url":"/api/v1/auth/refresh","userId":null}
{"duration":"561ms","ip":"::1","label":"HTTP","level":"info","message":"HTTP GET /api/v1/auth/me - 200 [561ms]","method":"GET","requestId":"9608bc29-c855-4fc4-a914-efbe631a2deb","status":200,"timestamp":"2026-07-14 03:12:04","url":"/api/v1/auth/me","userId":1}
{"duration":"594ms","ip":"::1","label":"HTTP","level":"info","message":"HTTP GET /api/v1/auth/me - 200 [594ms]","method":"GET","requestId":"fa9ae895-03b3-40d7-a2b0-402d9d97ef1f","status":200,"timestamp":"2026-07-14 03:12:04","url":"/api/v1/auth/me","userId":1}
{"duration":"1033ms","ip":"::1","label":"HTTP","level":"info","message":"HTTP POST /api/v1/auth/login - 200 [1033ms]","method":"POST","requestId":"be3cc3b5-edc0-4225-91c7-5cdf0244f946","status":200,"timestamp":"2026-07-14 03:14:06","url":"/api/v1/auth/login","userId":null}
{"duration":"1ms","ip":"::1","label":"HTTP","level":"info","message":"HTTP GET /api/v1/dashboard/summary - 401 [1ms]","method":"GET","requestId":"b4abff01-bede-41fd-98c5-e5a5e6e240ec","status":401,"timestamp":"2026-07-14 03:14:06","url":"/api/v1/dashboard/summary","userId":null}
{"duration":"1ms","ip":"::1","label":"HTTP","level":"info","message":"HTTP GET /api/v1/dashboard/summary - 401 [1ms]","method":"GET","requestId":"18c56957-3849-471f-ac50-7f435a1fc4c1","status":401,"timestamp":"2026-07-14 03:14:06","url":"/api/v1/dashboard/summary","userId":null}
{"duration":"546ms","ip":"::1","label":"HTTP","level":"info","message":"HTTP GET /api/v1/auth/me - 200 [546ms]","method":"GET","requestId":"78873437-cca6-45cc-b2c8-efa5c126012f","status":200,"timestamp":"2026-07-14 03:14:07","url":"/api/v1/auth/me","userId":1}
{"duration":"534ms","ip":"::1","label":"HTTP","level":"info","message":"HTTP GET /api/v1/auth/me - 200 [534ms]","method":"GET","requestId":"2cc28a3c-76ba-4163-993b-7e7a8c1e553d","status":200,"timestamp":"2026-07-14 03:14:08","url":"/api/v1/auth/me","userId":1}
{"duration":"965ms","ip":"::1","label":"HTTP","level":"info","message":"HTTP POST /api/v1/auth/login - 200 [965ms]","method":"POST","requestId":"975dab17-408e-42ea-8a5b-c41165a23b1b","status":200,"timestamp":"2026-07-14 03:36:28","url":"/api/v1/auth/login","userId":null}
{"duration":"6ms","ip":"::1","label":"HTTP","level":"info","message":"HTTP GET /api/v1/auth/me - 401 [6ms]","method":"GET","requestId":"0d8ed943-2dde-4182-8e5e-d5b6fbb18989","status":401,"timestamp":"2026-07-14 03:36:44","url":"/api/v1/auth/me","userId":null}
{"duration":"4ms","ip":"::1","label":"HTTP","level":"info","message":"HTTP GET /api/v1/auth/me - 401 [4ms]","method":"GET","requestId":"7b44226c-4bab-4e14-95a8-62cfcca9ad9f","status":401,"timestamp":"2026-07-14 03:36:44","url":"/api/v1/auth/me","userId":null}
{"duration":"327ms","ip":"::1","label":"HTTP","level":"info","message":"HTTP POST /api/v1/auth/refresh - 401 [327ms]","method":"POST","requestId":"359d8679-ebf7-4f28-a161-32983af655fe","status":401,"timestamp":"2026-07-14 03:36:44","url":"/api/v1/auth/refresh","userId":null}
{"duration":"1029ms","ip":"::1","label":"HTTP","level":"info","message":"HTTP POST /api/v1/auth/login - 200 [1029ms]","method":"POST","requestId":"fbe0501d-bdcd-4d67-b25f-ac65d0760f75","status":200,"timestamp":"2026-07-14 03:37:42","url":"/api/v1/auth/login","userId":null}
{"duration":"2ms","ip":"::1","label":"HTTP","level":"info","message":"HTTP GET /api/v1/dashboard/summary - 401 [2ms]","method":"GET","requestId":"4989a257-ed16-41fd-b89e-80bb421e24f8","status":401,"timestamp":"2026-07-14 03:37:42","url":"/api/v1/dashboard/summary","userId":null}
{"duration":"2ms","ip":"::1","label":"HTTP","level":"info","message":"HTTP GET /api/v1/dashboard/summary - 401 [2ms]","method":"GET","requestId":"48753556-9c89-4070-82ff-c80e76046dbe","status":401,"timestamp":"2026-07-14 03:37:42","url":"/api/v1/dashboard/summary","userId":null}
{"duration":"571ms","ip":"::1","label":"HTTP","level":"info","message":"HTTP GET /api/v1/auth/me - 200 [571ms]","method":"GET","requestId":"f11df1d7-f2bd-4f30-8826-1bbe6068ed10","status":200,"timestamp":"2026-07-14 03:37:43","url":"/api/v1/auth/me","userId":1}
{"duration":"558ms","ip":"::1","label":"HTTP","level":"info","message":"HTTP GET /api/v1/auth/me - 200 [558ms]","method":"GET","requestId":"090506d6-1dd9-4708-b7f7-8dfe758e7f22","status":200,"timestamp":"2026-07-14 03:37:44","url":"/api/v1/auth/me","userId":1}
{"duration":"996ms","ip":"::1","label":"HTTP","level":"info","message":"HTTP POST /api/v1/auth/login - 200 [996ms]","method":"POST","requestId":"318ee040-10ef-4a04-84fb-1d7e81d2747a","status":200,"timestamp":"2026-07-14 03:37:57","url":"/api/v1/auth/login","userId":null}
{"duration":"1ms","ip":"::1","label":"HTTP","level":"info","message":"HTTP GET /api/v1/dashboard/summary - 401 [1ms]","method":"GET","requestId":"f525884f-82b3-4fc1-a573-84533c7bb5f9","status":401,"timestamp":"2026-07-14 03:37:57","url":"/api/v1/dashboard/summary","userId":null}
{"duration":"1ms","ip":"::1","label":"HTTP","level":"info","message":"HTTP GET /api/v1/dashboard/summary - 401 [1ms]","method":"GET","requestId":"708d7dce-0f9d-4389-95c7-f15298df6895","status":401,"timestamp":"2026-07-14 03:37:57","url":"/api/v1/dashboard/summary","userId":null}
{"duration":"564ms","ip":"::1","label":"HTTP","level":"info","message":"HTTP GET /api/v1/auth/me - 200 [564ms]","method":"GET","requestId":"b9efc8d9-681e-4cfe-b51a-05ca7c599976","status":200,"timestamp":"2026-07-14 03:37:58","url":"/api/v1/auth/me","userId":1}
{"duration":"556ms","ip":"::1","label":"HTTP","level":"info","message":"HTTP GET /api/v1/auth/me - 200 [556ms]","method":"GET","requestId":"d52bc240-9705-4b1f-b540-bd41b600c4c2","status":200,"timestamp":"2026-07-14 03:37:58","url":"/api/v1/auth/me","userId":1}
{"duration":"570ms","ip":"::1","label":"HTTP","level":"info","message":"HTTP GET /api/v1/auth/me - 200 [570ms]","method":"GET","requestId":"953945eb-b2a1-44fe-83c5-8c7e3920960d","status":200,"timestamp":"2026-07-14 03:40:17","url":"/api/v1/auth/me","userId":1}
{"duration":"580ms","ip":"::1","label":"HTTP","level":"info","message":"HTTP GET /api/v1/auth/me - 200 [580ms]","method":"GET","requestId":"9e3394a4-b3e6-4a39-9c3a-eeb74379d016","status":200,"timestamp":"2026-07-14 03:40:18","url":"/api/v1/auth/me","userId":1}
{"duration":"1044ms","ip":"::1","label":"HTTP","level":"info","message":"HTTP POST /api/v1/auth/login - 200 [1044ms]","method":"POST","requestId":"399cac64-210a-423a-a1dd-9e5fff82971f","status":200,"timestamp":"2026-07-14 03:40:43","url":"/api/v1/auth/login","userId":null}
{"duration":"564ms","ip":"::1","label":"HTTP","level":"info","message":"HTTP GET /api/v1/dashboard/summary - 404 [564ms]","method":"GET","requestId":"23d04fbd-870a-4880-8eba-d9a5a53d931d","status":404,"timestamp":"2026-07-14 03:40:44","url":"/api/v1/dashboard/summary","userId":1}
{"duration":"567ms","ip":"::1","label":"HTTP","level":"info","message":"HTTP GET /api/v1/dashboard/summary - 404 [567ms]","method":"GET","requestId":"7e184cdf-fd9d-4456-a06c-de75cefba413","status":404,"timestamp":"2026-07-14 03:40:44","url":"/api/v1/dashboard/summary","userId":1}
{"duration":"5ms","ip":"::1","label":"HTTP","level":"info","message":"HTTP GET /api/v1/dashboard/summary - 401 [5ms]","method":"GET","requestId":"562ac938-7dd5-4385-9bfd-3042f92f1dc8","status":401,"timestamp":"2026-07-14 03:44:11","url":"/api/v1/dashboard/summary","userId":null}
{"duration":"968ms","ip":"::1","label":"HTTP","level":"info","message":"HTTP POST /api/v1/auth/login - 200 [968ms]","method":"POST","requestId":"4edde76b-c452-4941-85ca-ecda53ecb6a9","status":200,"timestamp":"2026-07-14 03:44:22","url":"/api/v1/auth/login","userId":null}
{"duration":"581ms","ip":"::1","label":"HTTP","level":"info","message":"HTTP GET /api/v1/dashboard/summary - 404 [581ms]","method":"GET","requestId":"ea2e327c-afef-4a06-8db4-88da279721cd","status":404,"timestamp":"2026-07-14 03:44:22","url":"/api/v1/dashboard/summary","userId":1}
{"duration":"2300ms","ip":"::1","label":"HTTP","level":"info","message":"HTTP GET /api/v1/dashboard - 500 [2300ms]","method":"GET","requestId":"c45825ea-bddc-4132-a2f7-9ed9fa619aff","status":500,"timestamp":"2026-07-14 03:47:08","url":"/api/v1/dashboard","userId":1}
{"duration":"2313ms","ip":"::1","label":"HTTP","level":"info","message":"HTTP GET /api/v1/dashboard - 500 [2313ms]","method":"GET","requestId":"221ee488-e115-473c-9e23-a150c0b690e5","status":500,"timestamp":"2026-07-14 03:47:10","url":"/api/v1/dashboard","userId":1}
{"duration":"970ms","ip":"::1","label":"HTTP","level":"info","message":"HTTP POST /api/v1/auth/login - 200 [970ms]","method":"POST","requestId":"0a55d67c-d704-45ef-a856-0f5b1f54e637","status":200,"timestamp":"2026-07-14 03:51:05","url":"/api/v1/auth/login","userId":null}
{"duration":"559ms","ip":"::1","label":"HTTP","level":"info","message":"HTTP GET /api/v1/auth/me - 200 [559ms]","method":"GET","requestId":"fb7ceaf0-4c65-43c2-a3d8-7a9a090e9d21","status":200,"timestamp":"2026-07-14 03:51:06","url":"/api/v1/auth/me","userId":1}
{"duration":"567ms","ip":"::1","label":"HTTP","level":"info","message":"HTTP GET /api/v1/auth/me - 200 [567ms]","method":"GET","requestId":"77eac892-5f07-4a5f-82de-a38a7dd54771","status":200,"timestamp":"2026-07-14 03:51:50","url":"/api/v1/auth/me","userId":1}
{"duration":"572ms","ip":"::1","label":"HTTP","level":"info","message":"HTTP GET /api/v1/auth/me - 200 [572ms]","method":"GET","requestId":"29554e73-3cae-4cca-bc2e-ded6ccc5464f","status":200,"timestamp":"2026-07-14 03:51:51","url":"/api/v1/auth/me","userId":1}
{"duration":"1110ms","ip":"::1","label":"HTTP","level":"info","message":"HTTP POST /api/v1/auth/login - 200 [1110ms]","method":"POST","requestId":"0784b3fb-69aa-4787-9551-1f7c379445ec","status":200,"timestamp":"2026-07-14 03:56:42","url":"/api/v1/auth/login","userId":null}
{"duration":"597ms","ip":"::1","label":"HTTP","level":"info","message":"HTTP GET /api/v1/vehicles - 403 [597ms]","method":"GET","requestId":"8b4a99d7-87da-4224-8603-5dd093336348","status":403,"timestamp":"2026-07-14 03:56:43","url":"/api/v1/vehicles","userId":1}
{"duration":"982ms","ip":"::1","label":"HTTP","level":"info","message":"HTTP POST /api/v1/auth/login - 200 [982ms]","method":"POST","requestId":"ab47de45-48eb-42dc-8d05-445074eacf35","status":200,"timestamp":"2026-07-14 03:56:54","url":"/api/v1/auth/login","userId":null}
{"duration":"589ms","ip":"::1","label":"HTTP","level":"info","message":"HTTP GET /api/v1/vehicles - 403 [589ms]","method":"GET","requestId":"382cdea9-a4cc-47ca-b3cd-f000d2d7014a","status":403,"timestamp":"2026-07-14 03:56:55","url":"/api/v1/vehicles","userId":1}
{"duration":"1063ms","ip":"::1","label":"HTTP","level":"info","message":"HTTP POST /api/v1/auth/login - 200 [1063ms]","method":"POST","requestId":"7aab2ad2-364c-4dd3-a9f3-374f0f9298f3","status":200,"timestamp":"2026-07-14 03:57:37","url":"/api/v1/auth/login","userId":null}
{"duration":"1808ms","ip":"::1","label":"HTTP","level":"info","message":"HTTP GET /api/v1/vehicles - 200 [1808ms]","method":"GET","requestId":"664e0d68-9649-451c-bba1-baa08eb6787a","status":200,"timestamp":"2026-07-14 03:57:39","url":"/api/v1/vehicles","userId":1}
{"duration":"1768ms","ip":"::1","label":"HTTP","level":"info","message":"HTTP POST /api/v1/auth/login - 200 [1768ms]","method":"POST","requestId":"0d2f2d7e-a5ff-4dfc-bbb4-4abeff35be39","status":200,"timestamp":"2026-07-14 12:04:41","url":"/api/v1/auth/login","userId":null}
{"duration":"577ms","ip":"::1","label":"HTTP","level":"info","message":"HTTP GET /api/v1/auth/me - 200 [577ms]","method":"GET","requestId":"d1524976-90a3-49ff-86b9-c002c099a294","status":200,"timestamp":"2026-07-14 12:04:42","url":"/api/v1/auth/me","userId":1}
{"duration":"2403ms","ip":"::1","label":"HTTP","level":"info","message":"HTTP GET /api/v1/dashboard - 500 [2403ms]","method":"GET","requestId":"0fa8a6ae-de2b-469b-a083-a83fabe55a37","status":500,"timestamp":"2026-07-14 12:04:45","url":"/api/v1/dashboard","userId":1}
{"duration":"2400ms","ip":"::1","label":"HTTP","level":"info","message":"HTTP GET /api/v1/dashboard - 500 [2400ms]","method":"GET","requestId":"1ffd6c13-c418-4228-a7e8-f48cb8ba5597","status":500,"timestamp":"2026-07-14 12:04:47","url":"/api/v1/dashboard","userId":1}
{"duration":"1826ms","ip":"::1","label":"HTTP","level":"info","message":"HTTP GET /api/v1/vehicles?page=1&limit=10&search= - 200 [1826ms]","method":"GET","requestId":"eed1a08c-4b28-4555-b9e6-096888e5e5ee","status":200,"timestamp":"2026-07-14 12:04:52","url":"/api/v1/vehicles?page=1&limit=10&search=","userId":1}
{"duration":"792ms","ip":"::1","label":"HTTP","level":"info","message":"HTTP GET /api/v1/vehicles/V-1014 - 404 [792ms]","method":"GET","requestId":"4a3e5efc-cba5-41b3-aa17-9dba25476ba7","status":404,"timestamp":"2026-07-14 12:05:27","url":"/api/v1/vehicles/V-1014","userId":1}
{"duration":"834ms","ip":"::1","label":"HTTP","level":"info","message":"HTTP GET /api/v1/vehicles/V-1006 - 404 [834ms]","method":"GET","requestId":"017e8975-c0b8-4ba9-a480-3e094db6011c","status":404,"timestamp":"2026-07-14 12:05:27","url":"/api/v1/vehicles/V-1006","userId":1}
{"duration":"793ms","ip":"::1","label":"HTTP","level":"info","message":"HTTP GET /api/v1/vehicles/V-1010 - 404 [793ms]","method":"GET","requestId":"c7aa80f8-a778-40c4-995c-aa62dba197db","status":404,"timestamp":"2026-07-14 12:05:27","url":"/api/v1/vehicles/V-1010","userId":1}
{"duration":"851ms","ip":"::1","label":"HTTP","level":"info","message":"HTTP GET /api/v1/vehicles/V-1001 - 404 [851ms]","method":"GET","requestId":"dfa906b5-c910-4497-a8b6-3ecc3ab7ff3e","status":404,"timestamp":"2026-07-14 12:05:28","url":"/api/v1/vehicles/V-1001","userId":1}
{"duration":"1709ms","ip":"::1","label":"HTTP","level":"info","message":"HTTP GET /api/v1/vehicles/V-1009 - 404 [1709ms]","method":"GET","requestId":"a5f65c88-86a5-48b2-a3d7-88d38645f916","status":404,"timestamp":"2026-07-14 12:05:28","url":"/api/v1/vehicles/V-1009","userId":1}
{"duration":"1681ms","ip":"::1","label":"HTTP","level":"info","message":"HTTP GET /api/v1/vehicles/V-1019 - 404 [1681ms]","method":"GET","requestId":"ab109e95-ecc7-41c8-9018-30abcb3ab281","status":404,"timestamp":"2026-07-14 12:05:28","url":"/api/v1/vehicles/V-1019","userId":1}
{"duration":"1889ms","ip":"::1","label":"HTTP","level":"info","message":"HTTP GET /api/v1/vehicles/V-1008 - 404 [1889ms]","method":"GET","requestId":"f9930579-4870-4067-95de-35ea7624f58d","status":404,"timestamp":"2026-07-14 12:05:28","url":"/api/v1/vehicles/V-1008","userId":1}
{"duration":"1983ms","ip":"::1","label":"HTTP","level":"info","message":"HTTP GET /api/v1/vehicles/V-1004 - 404 [1983ms]","method":"GET","requestId":"7749d06a-9dbf-48b9-9edf-1c168a2f7144","status":404,"timestamp":"2026-07-14 12:05:28","url":"/api/v1/vehicles/V-1004","userId":1}
{"duration":"803ms","ip":"::1","label":"HTTP","level":"info","message":"HTTP GET /api/v1/vehicles/V-1015 - 404 [803ms]","method":"GET","requestId":"14276897-a379-42ed-98cd-c91c0a6eb129","status":404,"timestamp":"2026-07-14 12:05:28","url":"/api/v1/vehicles/V-1015","userId":1}
{"duration":"826ms","ip":"::1","label":"HTTP","level":"info","message":"HTTP GET /api/v1/vehicles/V-1011 - 404 [826ms]","method":"GET","requestId":"75320efa-42b0-4f64-b73f-b33cf21dc743","status":404,"timestamp":"2026-07-14 12:05:28","url":"/api/v1/vehicles/V-1011","userId":1}
{"duration":"813ms","ip":"::1","label":"HTTP","level":"info","message":"HTTP GET /api/v1/vehicles/V-1002 - 404 [813ms]","method":"GET","requestId":"6c2d04e2-683f-4fd3-87be-c11bc6a4d9e7","status":404,"timestamp":"2026-07-14 12:05:28","url":"/api/v1/vehicles/V-1002","userId":1}
{"duration":"838ms","ip":"::1","label":"HTTP","level":"info","message":"HTTP GET /api/v1/vehicles/V-1003 - 404 [838ms]","method":"GET","requestId":"ad5beeed-8151-4a57-8faf-18881d7c759c","status":404,"timestamp":"2026-07-14 12:05:28","url":"/api/v1/vehicles/V-1003","userId":1}
{"duration":"834ms","ip":"::1","label":"HTTP","level":"info","message":"HTTP GET /api/v1/vehicles/V-1012 - 404 [834ms]","method":"GET","requestId":"542acbc6-ecdd-451c-bc7f-b5ef2f407ed8","status":404,"timestamp":"2026-07-14 12:05:29","url":"/api/v1/vehicles/V-1012","userId":1}
{"duration":"877ms","ip":"::1","label":"HTTP","level":"info","message":"HTTP GET /api/v1/vehicles/V-1005 - 404 [877ms]","method":"GET","requestId":"2d994539-8b89-466d-a03d-0c69ab625d3b","status":404,"timestamp":"2026-07-14 12:05:29","url":"/api/v1/vehicles/V-1005","userId":1}
{"duration":"792ms","ip":"::1","label":"HTTP","level":"info","message":"HTTP GET /api/v1/vehicles/V-1007 - 404 [792ms]","method":"GET","requestId":"46c5367e-2e3c-4bf4-bdcc-23113f5704c0","status":404,"timestamp":"2026-07-14 12:05:29","url":"/api/v1/vehicles/V-1007","userId":1}
{"duration":"806ms","ip":"::1","label":"HTTP","level":"info","message":"HTTP GET /api/v1/vehicles/V-1013 - 404 [806ms]","method":"GET","requestId":"8ec1f137-d0e8-494c-a09e-7d40d7e6d644","status":404,"timestamp":"2026-07-14 12:05:29","url":"/api/v1/vehicles/V-1013","userId":1}
{"duration":"837ms","ip":"::1","label":"HTTP","level":"info","message":"HTTP GET /api/v1/vehicles/V-1000 - 404 [837ms]","method":"GET","requestId":"0cdfbdb3-4476-4e6c-a789-2a1e27ddf652","status":404,"timestamp":"2026-07-14 12:05:29","url":"/api/v1/vehicles/V-1000","userId":1}
{"duration":"854ms","ip":"::1","label":"HTTP","level":"info","message":"HTTP GET /api/v1/vehicles/V-1017 - 404 [854ms]","method":"GET","requestId":"cc37e54f-89c9-428a-8aba-1701d452a46e","status":404,"timestamp":"2026-07-14 12:05:29","url":"/api/v1/vehicles/V-1017","userId":1}
{"duration":"831ms","ip":"::1","label":"HTTP","level":"info","message":"HTTP GET /api/v1/vehicles/V-1014 - 404 [831ms]","method":"GET","requestId":"f2e696b1-62b6-434d-afb8-bf90f1292e77","status":404,"timestamp":"2026-07-14 12:05:29","url":"/api/v1/vehicles/V-1014","userId":1}
{"duration":"884ms","ip":"::1","label":"HTTP","level":"info","message":"HTTP GET /api/v1/vehicles/V-1006 - 404 [884ms]","method":"GET","requestId":"41fe7b7b-68e2-4074-aa0a-03fef84b9d78","status":404,"timestamp":"2026-07-14 12:05:30","url":"/api/v1/vehicles/V-1006","userId":1}
{"duration":"793ms","ip":"::1","label":"HTTP","level":"info","message":"HTTP GET /api/v1/vehicles/V-1010 - 404 [793ms]","method":"GET","requestId":"64a766ba-3f5d-44a5-9b11-21744fc5233d","status":404,"timestamp":"2026-07-14 12:05:30","url":"/api/v1/vehicles/V-1010","userId":1}
{"duration":"818ms","ip":"::1","label":"HTTP","level":"info","message":"HTTP GET /api/v1/vehicles/V-1009 - 404 [818ms]","method":"GET","requestId":"31562d7c-bfda-4056-bbaa-e41d74d9b882","status":404,"timestamp":"2026-07-14 12:05:30","url":"/api/v1/vehicles/V-1009","userId":1}
{"duration":"850ms","ip":"::1","label":"HTTP","level":"info","message":"HTTP GET /api/v1/vehicles/V-1001 - 404 [850ms]","method":"GET","requestId":"276548dd-eba5-463f-a52a-c2adc4358526","status":404,"timestamp":"2026-07-14 12:05:30","url":"/api/v1/vehicles/V-1001","userId":1}
{"duration":"833ms","ip":"::1","label":"HTTP","level":"info","message":"HTTP GET /api/v1/vehicles/V-1019 - 404 [833ms]","method":"GET","requestId":"d8a3469e-647a-443b-9908-b7a348e6415c","status":404,"timestamp":"2026-07-14 12:05:30","url":"/api/v1/vehicles/V-1019","userId":1}
{"duration":"829ms","ip":"::1","label":"HTTP","level":"info","message":"HTTP GET /api/v1/vehicles/V-1008 - 404 [829ms]","method":"GET","requestId":"f26d1582-001c-4587-8201-20e59803d5a1","status":404,"timestamp":"2026-07-14 12:05:30","url":"/api/v1/vehicles/V-1008","userId":1}
{"duration":"875ms","ip":"::1","label":"HTTP","level":"info","message":"HTTP GET /api/v1/vehicles/V-1004 - 404 [875ms]","method":"GET","requestId":"6c0e809a-b2a5-4875-b557-6f9e5fab9991","status":404,"timestamp":"2026-07-14 12:05:31","url":"/api/v1/vehicles/V-1004","userId":1}
{"duration":"788ms","ip":"::1","label":"HTTP","level":"info","message":"HTTP GET /api/v1/vehicles/V-1015 - 404 [788ms]","method":"GET","requestId":"048feaae-ec2d-42d2-bc39-bac1dcdfdefe","status":404,"timestamp":"2026-07-14 12:05:31","url":"/api/v1/vehicles/V-1015","userId":1}
{"duration":"828ms","ip":"::1","label":"HTTP","level":"info","message":"HTTP GET /api/v1/vehicles/V-1011 - 404 [828ms]","method":"GET","requestId":"f11e4d4f-140e-438b-a438-40595e3f2486","status":404,"timestamp":"2026-07-14 12:05:31","url":"/api/v1/vehicles/V-1011","userId":1}
{"duration":"853ms","ip":"::1","label":"HTTP","level":"info","message":"HTTP GET /api/v1/vehicles/V-1002 - 404 [853ms]","method":"GET","requestId":"b1f20272-f78f-4f2e-b339-df231ed98b33","status":404,"timestamp":"2026-07-14 12:05:31","url":"/api/v1/vehicles/V-1002","userId":1}
{"duration":"828ms","ip":"::1","label":"HTTP","level":"info","message":"HTTP GET /api/v1/vehicles/V-1003 - 404 [828ms]","method":"GET","requestId":"59e58153-47e8-44d3-8a68-0684ea0bdec2","status":404,"timestamp":"2026-07-14 12:05:31","url":"/api/v1/vehicles/V-1003","userId":1}
{"duration":"820ms","ip":"::1","label":"HTTP","level":"info","message":"HTTP GET /api/v1/vehicles/V-1012 - 404 [820ms]","method":"GET","requestId":"dfd0366e-59a6-4529-bfe8-68a1cb222443","status":404,"timestamp":"2026-07-14 12:05:31","url":"/api/v1/vehicles/V-1012","userId":1}
{"duration":"871ms","ip":"::1","label":"HTTP","level":"info","message":"HTTP GET /api/v1/vehicles/V-1005 - 404 [871ms]","method":"GET","requestId":"ff567f21-389c-4531-9961-473112cdb993","status":404,"timestamp":"2026-07-14 12:05:31","url":"/api/v1/vehicles/V-1005","userId":1}
{"duration":"811ms","ip":"::1","label":"HTTP","level":"info","message":"HTTP GET /api/v1/vehicles/V-1007 - 404 [811ms]","method":"GET","requestId":"65e33cbf-08c8-4ff2-b784-a2b0e6ae6fd6","status":404,"timestamp":"2026-07-14 12:05:31","url":"/api/v1/vehicles/V-1007","userId":1}
{"duration":"815ms","ip":"::1","label":"HTTP","level":"info","message":"HTTP GET /api/v1/vehicles/V-1013 - 404 [815ms]","method":"GET","requestId":"47ea0699-e5d1-41db-8e4b-154cda3ebfe3","status":404,"timestamp":"2026-07-14 12:05:32","url":"/api/v1/vehicles/V-1013","userId":1}
{"duration":"848ms","ip":"::1","label":"HTTP","level":"info","message":"HTTP GET /api/v1/vehicles/V-1000 - 404 [848ms]","method":"GET","requestId":"dd69ed9c-787c-4db4-beff-8819642238a4","status":404,"timestamp":"2026-07-14 12:05:32","url":"/api/v1/vehicles/V-1000","userId":1}
{"duration":"831ms","ip":"::1","label":"HTTP","level":"info","message":"HTTP GET /api/v1/vehicles/V-1017 - 404 [831ms]","method":"GET","requestId":"04580c14-de5e-43df-bd7f-08efcf44d909","status":404,"timestamp":"2026-07-14 12:05:32","url":"/api/v1/vehicles/V-1017","userId":1}
{"duration":"827ms","ip":"::1","label":"HTTP","level":"info","message":"HTTP GET /api/v1/vehicles/V-1014 - 404 [827ms]","method":"GET","requestId":"0bb44757-19ff-48e5-9516-fa25a64be8f4","status":404,"timestamp":"2026-07-14 12:05:32","url":"/api/v1/vehicles/V-1014","userId":1}
{"duration":"790ms","ip":"::1","label":"HTTP","level":"info","message":"HTTP GET /api/v1/vehicles/V-1009 - 404 [790ms]","method":"GET","requestId":"25c11f6b-a4ae-49ea-b883-55053eb7fde6","status":404,"timestamp":"2026-07-14 12:05:32","url":"/api/v1/vehicles/V-1009","userId":1}
{"duration":"895ms","ip":"::1","label":"HTTP","level":"info","message":"HTTP GET /api/v1/vehicles/V-1006 - 404 [895ms]","method":"GET","requestId":"4d3f738f-155e-4afb-9f50-6fdb6b08ce96","status":404,"timestamp":"2026-07-14 12:05:32","url":"/api/v1/vehicles/V-1006","userId":1}
{"duration":"813ms","ip":"::1","label":"HTTP","level":"info","message":"HTTP GET /api/v1/vehicles/V-1019 - 404 [813ms]","method":"GET","requestId":"9068a470-6a69-44e5-bc52-fc9d857d4822","status":404,"timestamp":"2026-07-14 12:05:33","url":"/api/v1/vehicles/V-1019","userId":1}
{"duration":"840ms","ip":"::1","label":"HTTP","level":"info","message":"HTTP GET /api/v1/vehicles/V-1008 - 404 [840ms]","method":"GET","requestId":"17b69772-a67c-41f8-b4c1-15757afe6fe6","status":404,"timestamp":"2026-07-14 12:05:33","url":"/api/v1/vehicles/V-1008","userId":1}
{"duration":"865ms","ip":"::1","label":"HTTP","level":"info","message":"HTTP GET /api/v1/vehicles/V-1003 - 404 [865ms]","method":"GET","requestId":"7e3fd124-c3cb-4751-9625-e3af5e2439a8","status":404,"timestamp":"2026-07-14 12:05:33","url":"/api/v1/vehicles/V-1003","userId":1}
{"duration":"846ms","ip":"::1","label":"HTTP","level":"info","message":"HTTP GET /api/v1/vehicles/V-1012 - 404 [846ms]","method":"GET","requestId":"cfb8993a-b313-4880-be01-25e7d8f41cde","status":404,"timestamp":"2026-07-14 12:05:33","url":"/api/v1/vehicles/V-1012","userId":1}
{"duration":"797ms","ip":"::1","label":"HTTP","level":"info","message":"HTTP GET /api/v1/vehicles/V-1013 - 404 [797ms]","method":"GET","requestId":"86abb9b6-70a2-4e58-92de-6e53d710b849","status":404,"timestamp":"2026-07-14 12:05:33","url":"/api/v1/vehicles/V-1013","userId":1}
{"duration":"891ms","ip":"::1","label":"HTTP","level":"info","message":"HTTP GET /api/v1/vehicles/V-1014 - 404 [891ms]","method":"GET","requestId":"efcd74e3-c2c5-46d7-b71e-532156f0f1fa","status":404,"timestamp":"2026-07-14 12:05:33","url":"/api/v1/vehicles/V-1014","userId":1}
{"duration":"839ms","ip":"::1","label":"HTTP","level":"info","message":"HTTP GET /api/v1/vehicles/V-1009 - 404 [839ms]","method":"GET","requestId":"03417a1a-7f1a-4fb0-83eb-7c1b216565a0","status":404,"timestamp":"2026-07-14 12:05:33","url":"/api/v1/vehicles/V-1009","userId":1}
{"duration":"884ms","ip":"::1","label":"HTTP","level":"info","message":"HTTP GET /api/v1/vehicles - 200 [884ms]","method":"GET","requestId":"ed3a89cd-c199-4293-add1-f738269daa0e","status":200,"timestamp":"2026-07-14 12:05:34","url":"/api/v1/vehicles","userId":1}
{"duration":"836ms","ip":"::1","label":"HTTP","level":"info","message":"HTTP GET /api/v1/vehicles/V-1006 - 404 [836ms]","method":"GET","requestId":"f1233865-da4c-453e-8236-55ba717886ad","status":404,"timestamp":"2026-07-14 12:05:34","url":"/api/v1/vehicles/V-1006","userId":1}
{"duration":"815ms","ip":"::1","label":"HTTP","level":"info","message":"HTTP GET /api/v1/vehicles/V-1019 - 404 [815ms]","method":"GET","requestId":"ad694d6d-810a-4623-9f21-fa27e32d3f4f","status":404,"timestamp":"2026-07-14 12:05:34","url":"/api/v1/vehicles/V-1019","userId":1}
{"duration":"792ms","ip":"::1","label":"HTTP","level":"info","message":"HTTP GET /api/v1/vehicles/V-1008 - 404 [792ms]","method":"GET","requestId":"5bc8afc0-52fe-4c1f-a554-fd75a8b38c5b","status":404,"timestamp":"2026-07-14 12:05:34","url":"/api/v1/vehicles/V-1008","userId":1}
{"duration":"813ms","ip":"::1","label":"HTTP","level":"info","message":"HTTP GET /api/v1/vehicles/V-1012 - 404 [813ms]","method":"GET","requestId":"ca842d54-1bf6-47f2-8df3-c35ea62740ca","status":404,"timestamp":"2026-07-14 12:05:34","url":"/api/v1/vehicles/V-1012","userId":1}
{"duration":"829ms","ip":"::1","label":"HTTP","level":"info","message":"HTTP GET /api/v1/vehicles/V-1014 - 404 [829ms]","method":"GET","requestId":"a8aee3a7-bbb3-4be8-a637-3a38ec324dc1","status":404,"timestamp":"2026-07-14 12:05:34","url":"/api/v1/vehicles/V-1014","userId":1}
{"duration":"873ms","ip":"::1","label":"HTTP","level":"info","message":"HTTP GET /api/v1/vehicles/V-1013 - 404 [873ms]","method":"GET","requestId":"da31473f-33a9-4de3-a42d-9619b78e90be","status":404,"timestamp":"2026-07-14 12:05:34","url":"/api/v1/vehicles/V-1013","userId":1}
{"duration":"831ms","ip":"::1","label":"HTTP","level":"info","message":"HTTP GET /api/v1/vehicles/V-1009 - 404 [831ms]","method":"GET","requestId":"8b14978c-a54a-4705-9c93-d4b00154fda9","status":404,"timestamp":"2026-07-14 12:05:34","url":"/api/v1/vehicles/V-1009","userId":1}
{"duration":"835ms","ip":"::1","label":"HTTP","level":"info","message":"HTTP GET /api/v1/vehicles - 200 [835ms]","method":"GET","requestId":"b32dd6fc-d017-492c-a37d-98a58f4873b0","status":200,"timestamp":"2026-07-14 12:05:35","url":"/api/v1/vehicles","userId":1}
{"duration":"828ms","ip":"::1","label":"HTTP","level":"info","message":"HTTP GET /api/v1/vehicles/V-1012 - 404 [828ms]","method":"GET","requestId":"ed3cc846-0416-4a5b-8f55-4f9003cedb51","status":404,"timestamp":"2026-07-14 12:05:35","url":"/api/v1/vehicles/V-1012","userId":1}
{"duration":"1882ms","ip":"::1","label":"HTTP","level":"info","message":"HTTP GET /api/v1/vehicles/V-1003 - 404 [1882ms]","method":"GET","requestId":"d26bf93d-12a0-4d2b-98bc-c36de82201d1","status":404,"timestamp":"2026-07-14 12:05:35","url":"/api/v1/vehicles/V-1003","userId":1}
{"duration":"843ms","ip":"::1","label":"HTTP","level":"info","message":"HTTP GET /api/v1/vehicles/V-1014 - 404 [843ms]","method":"GET","requestId":"bec27e37-fc01-44f7-95b2-63bf090528da","status":404,"timestamp":"2026-07-14 12:05:35","url":"/api/v1/vehicles/V-1014","userId":1}
{"duration":"823ms","ip":"::1","label":"HTTP","level":"info","message":"HTTP GET /api/v1/vehicles/V-1009 - 404 [823ms]","method":"GET","requestId":"07bfbb4b-b358-4295-ab31-0a3b55a83fe7","status":404,"timestamp":"2026-07-14 12:05:35","url":"/api/v1/vehicles/V-1009","userId":1}
{"duration":"966ms","ip":"::1","label":"HTTP","level":"info","message":"HTTP GET /api/v1/vehicles?page=1&limit=10&search= - 200 [966ms]","method":"GET","requestId":"2e376126-236e-4033-a26d-50862fd6a676","status":200,"timestamp":"2026-07-14 12:06:23","url":"/api/v1/vehicles?page=1&limit=10&search=","userId":1}
{"duration":"2418ms","ip":"::1","label":"HTTP","level":"info","message":"HTTP GET /api/v1/dashboard - 500 [2418ms]","method":"GET","requestId":"aaa51027-1e20-4569-9ddc-2c27a14298da","status":500,"timestamp":"2026-07-14 12:06:26","url":"/api/v1/dashboard","userId":1}
{"duration":"2420ms","ip":"::1","label":"HTTP","level":"info","message":"HTTP GET /api/v1/dashboard - 500 [2420ms]","method":"GET","requestId":"808e394f-c11d-4457-ac5c-7601ec699180","status":500,"timestamp":"2026-07-14 12:06:28","url":"/api/v1/dashboard","userId":1}
{"duration":"2714ms","ip":"::1","label":"HTTP","level":"info","message":"HTTP GET /api/v1/dashboard - 200 [2714ms]","method":"GET","requestId":"9b9f8f94-fe7f-4b87-8b51-39e03cd2b6fb","status":200,"timestamp":"2026-07-14 12:11:53","url":"/api/v1/dashboard","userId":1}
{"duration":"2928ms","ip":"::1","label":"HTTP","level":"info","message":"HTTP GET /api/v1/dashboard - 200 [2928ms]","method":"GET","requestId":"08df02df-19ee-4963-86ad-87a7e7a868fa","status":200,"timestamp":"2026-07-14 12:11:56","url":"/api/v1/dashboard","userId":1}
{"duration":"621ms","ip":"::1","label":"HTTP","level":"info","message":"HTTP GET /api/v1/auth/me - 200 [621ms]","method":"GET","requestId":"ab1b215a-5a59-491e-bf4e-35b7c9fbfdfa","status":200,"timestamp":"2026-07-14 12:13:06","url":"/api/v1/auth/me","userId":1}
{"duration":"624ms","ip":"::1","label":"HTTP","level":"info","message":"HTTP GET /api/v1/auth/me - 200 [624ms]","method":"GET","requestId":"8054d446-2928-4306-81ea-4f559990d4f2","status":200,"timestamp":"2026-07-14 12:13:07","url":"/api/v1/auth/me","userId":1}
{"duration":"615ms","ip":"::1","label":"HTTP","level":"info","message":"HTTP GET /api/v1/auth/me - 200 [615ms]","method":"GET","requestId":"38539051-b8cb-4edf-9de2-9179dcad54c3","status":200,"timestamp":"2026-07-14 12:15:26","url":"/api/v1/auth/me","userId":1}
{"duration":"604ms","ip":"::1","label":"HTTP","level":"info","message":"HTTP GET /api/v1/auth/me - 200 [604ms]","method":"GET","requestId":"da32d038-840b-4b93-9400-6f61198aecb9","status":200,"timestamp":"2026-07-14 12:15:27","url":"/api/v1/auth/me","userId":1}
{"duration":"2826ms","ip":"::1","label":"HTTP","level":"info","message":"HTTP GET /api/v1/dashboard - 200 [2826ms]","method":"GET","requestId":"285a4002-94ef-49aa-a4be-c65e465925d5","status":200,"timestamp":"2026-07-14 12:16:42","url":"/api/v1/dashboard","userId":1}
{"duration":"2758ms","ip":"::1","label":"HTTP","level":"info","message":"HTTP GET /api/v1/dashboard - 200 [2758ms]","method":"GET","requestId":"99470e2a-8fc8-4db5-8926-37eeb2cc8312","status":200,"timestamp":"2026-07-14 12:16:44","url":"/api/v1/dashboard","userId":1}
{"duration":"553ms","ip":"::1","label":"HTTP","level":"info","message":"HTTP GET /api/v1/auth/me - 200 [553ms]","method":"GET","requestId":"72cf6183-7c15-4d60-a603-51f74e58a021","status":200,"timestamp":"2026-07-14 12:17:07","url":"/api/v1/auth/me","userId":1}
{"duration":"649ms","ip":"::1","label":"HTTP","level":"info","message":"HTTP GET /api/v1/auth/me - 200 [649ms]","method":"GET","requestId":"286c9a9c-1fb2-432c-9c85-7cb46c64c47d","status":200,"timestamp":"2026-07-14 12:17:08","url":"/api/v1/auth/me","userId":1}
{"duration":"2558ms","ip":"::1","label":"HTTP","level":"info","message":"HTTP GET /api/v1/vehicles?page=1&limit=10&search= - 200 [2558ms]","method":"GET","requestId":"f3272b6b-9611-472b-b02a-0291d890b033","status":200,"timestamp":"2026-07-14 12:17:15","url":"/api/v1/vehicles?page=1&limit=10&search=","userId":1}
{"duration":"942ms","ip":"::1","label":"HTTP","level":"info","message":"HTTP GET /api/v1/vehicles?page=1&limit=10&search= - 200 [942ms]","method":"GET","requestId":"913fb798-efa8-40ca-9a21-e08d462d8316","status":200,"timestamp":"2026-07-14 12:17:33","url":"/api/v1/vehicles?page=1&limit=10&search=","userId":1}
{"duration":"886ms","ip":"::1","label":"HTTP","level":"info","message":"HTTP GET /api/v1/vehicles?page=1&limit=10&search= - 200 [886ms]","method":"GET","requestId":"79d1785e-ac6e-4c5b-9cc4-57b10565b157","status":200,"timestamp":"2026-07-14 12:17:48","url":"/api/v1/vehicles?page=1&limit=10&search=","userId":1}
{"duration":"1884ms","ip":"::1","label":"HTTP","level":"info","message":"HTTP GET /api/v1/vehicles?page=2&limit=10&search= - 200 [1884ms]","method":"GET","requestId":"a1ec77c1-5d31-48f4-bfc4-c207a6373f81","status":200,"timestamp":"2026-07-14 12:17:48","url":"/api/v1/vehicles?page=2&limit=10&search=","userId":1}
{"duration":"12ms","ip":"::1","label":"HTTP","level":"info","message":"HTTP GET /api/v1/dashboard - 401 [12ms]","method":"GET","requestId":"6b95b39e-796d-4408-a045-0eae31473cef","status":401,"timestamp":"2026-07-14 12:33:59","url":"/api/v1/dashboard","userId":null}
{"duration":"10ms","ip":"::1","label":"HTTP","level":"info","message":"HTTP GET /api/v1/dashboard - 401 [10ms]","method":"GET","requestId":"3003ce53-621a-4fc0-8908-1b0c32737429","status":401,"timestamp":"2026-07-14 12:33:59","url":"/api/v1/dashboard","userId":null}
{"duration":"559ms","ip":"::1","label":"HTTP","level":"info","message":"HTTP POST /api/v1/auth/refresh - 200 [559ms]","method":"POST","requestId":"a3341740-3a92-4a41-937b-072dd3590724","status":200,"timestamp":"2026-07-14 12:34:00","url":"/api/v1/auth/refresh","userId":null}
{"duration":"2616ms","ip":"::1","label":"HTTP","level":"info","message":"HTTP GET /api/v1/dashboard - 200 [2616ms]","method":"GET","requestId":"84b35dd3-4991-450a-9f21-692b18e5c30d","status":200,"timestamp":"2026-07-14 12:34:03","url":"/api/v1/dashboard","userId":1}
{"duration":"582ms","ip":"::1","label":"HTTP","level":"info","message":"HTTP GET /api/v1/auth/me - 200 [582ms]","method":"GET","requestId":"11d44451-323a-471f-bb5c-7a332dff016a","status":200,"timestamp":"2026-07-14 12:34:05","url":"/api/v1/auth/me","userId":1}
{"duration":"2574ms","ip":"::1","label":"HTTP","level":"info","message":"HTTP GET /api/v1/dashboard - 200 [2574ms]","method":"GET","requestId":"eaf295fb-1074-4b4b-8d50-8ce9c194e11f","status":200,"timestamp":"2026-07-14 12:34:05","url":"/api/v1/dashboard","userId":1}
{"duration":"576ms","ip":"::1","label":"HTTP","level":"info","message":"HTTP GET /api/v1/auth/me - 200 [576ms]","method":"GET","requestId":"5f7cb47a-ea1c-46e8-93eb-c1193b0c0fd9","status":200,"timestamp":"2026-07-14 12:34:05","url":"/api/v1/auth/me","userId":1}
{"duration":"2518ms","ip":"::1","label":"HTTP","level":"info","message":"HTTP GET /api/v1/dashboard - 200 [2518ms]","method":"GET","requestId":"82859b0b-b025-4e39-9eda-2c9a65a266f9","status":200,"timestamp":"2026-07-14 12:34:08","url":"/api/v1/dashboard","userId":1}
{"duration":"2646ms","ip":"::1","label":"HTTP","level":"info","message":"HTTP GET /api/v1/dashboard - 200 [2646ms]","method":"GET","requestId":"b127f913-241e-4376-a211-b9d7db8851b8","status":200,"timestamp":"2026-07-14 12:34:10","url":"/api/v1/dashboard","userId":1}
{"duration":"715ms","ip":"::1","label":"HTTP","level":"info","message":"HTTP GET /api/v1/auth/me - 200 [715ms]","method":"GET","requestId":"949d0213-7f38-4fe0-a9fc-209712dab824","status":200,"timestamp":"2026-07-14 12:42:01","url":"/api/v1/auth/me","userId":1}
{"duration":"611ms","ip":"::1","label":"HTTP","level":"info","message":"HTTP GET /api/v1/auth/me - 200 [611ms]","method":"GET","requestId":"dbafe8e1-6c23-4b56-96cd-5f3761dbc97b","status":200,"timestamp":"2026-07-14 12:42:02","url":"/api/v1/auth/me","userId":1}
{"duration":"2867ms","ip":"::1","label":"HTTP","level":"info","message":"HTTP GET /api/v1/dashboard - 200 [2867ms]","method":"GET","requestId":"8f8e7582-5210-449c-b202-ca103051f621","status":200,"timestamp":"2026-07-14 12:42:05","url":"/api/v1/dashboard","userId":1}
{"duration":"2730ms","ip":"::1","label":"HTTP","level":"info","message":"HTTP GET /api/v1/dashboard - 200 [2730ms]","method":"GET","requestId":"75b412f6-c563-4fb5-b5f6-f643290c9c14","status":200,"timestamp":"2026-07-14 12:42:07","url":"/api/v1/dashboard","userId":1}
{"duration":"630ms","ip":"::1","label":"HTTP","level":"info","message":"HTTP GET /api/v1/auth/me - 200 [630ms]","method":"GET","requestId":"9fcf30ca-d664-4662-9d83-32600c849311","status":200,"timestamp":"2026-07-14 12:42:14","url":"/api/v1/auth/me","userId":1}
{"duration":"589ms","ip":"::1","label":"HTTP","level":"info","message":"HTTP GET /api/v1/auth/me - 200 [589ms]","method":"GET","requestId":"08cbbc0a-15bc-4079-8c29-484f7e23a6f7","status":200,"timestamp":"2026-07-14 12:42:15","url":"/api/v1/auth/me","userId":1}
{"duration":"2439ms","ip":"::1","label":"HTTP","level":"info","message":"HTTP GET /api/v1/dashboard - 200 [2439ms]","method":"GET","requestId":"6cdf406b-e1ec-4ed2-8592-b246022eb1e4","status":200,"timestamp":"2026-07-14 12:42:17","url":"/api/v1/dashboard","userId":1}
{"duration":"890ms","ip":"::1","label":"HTTP","level":"info","message":"HTTP GET /api/v1/vehicles?page=1&limit=10&search= - 200 [890ms]","method":"GET","requestId":"43e95114-a6ef-4d2d-9f7f-746c4cd73c26","status":200,"timestamp":"2026-07-14 12:42:18","url":"/api/v1/vehicles?page=1&limit=10&search=","userId":1}
{"duration":"2495ms","ip":"::1","label":"HTTP","level":"info","message":"HTTP GET /api/v1/dashboard - 200 [2495ms]","method":"GET","requestId":"fb5817cf-ddc5-4b26-a7d1-0cd7811d2bc1","status":200,"timestamp":"2026-07-14 12:42:19","url":"/api/v1/dashboard","userId":1}
{"duration":"930ms","ip":"::1","label":"HTTP","level":"info","message":"HTTP GET /api/v1/vehicles?page=1&limit=10&search= - 200 [930ms]","method":"GET","requestId":"fdd3f6e9-2cfc-4a2d-a3bf-b15775e8c67d","status":200,"timestamp":"2026-07-14 12:42:26","url":"/api/v1/vehicles?page=1&limit=10&search=","userId":1}
{"duration":"1045ms","ip":"::1","label":"HTTP","level":"info","message":"HTTP GET /api/v1/vehicles/1 - 200 [1045ms]","method":"GET","requestId":"ccb00da6-0f3f-4e11-b57c-988bdd38b715","status":200,"timestamp":"2026-07-14 12:42:32","url":"/api/v1/vehicles/1","userId":1}
{"duration":"1027ms","ip":"::1","label":"HTTP","level":"info","message":"HTTP GET /api/v1/vehicles/1 - 200 [1027ms]","method":"GET","requestId":"531e92b8-e367-4753-8aed-b1c361e19ea7","status":200,"timestamp":"2026-07-14 12:42:33","url":"/api/v1/vehicles/1","userId":1}
{"duration":"900ms","ip":"::1","label":"HTTP","level":"info","message":"HTTP GET /api/v1/vehicles?page=1&limit=10&search= - 200 [900ms]","method":"GET","requestId":"24fc091f-7fed-43c2-9e81-0ccaf892bb81","status":200,"timestamp":"2026-07-14 12:42:41","url":"/api/v1/vehicles?page=1&limit=10&search=","userId":1}
{"duration":"4118ms","ip":"::1","label":"HTTP","level":"info","message":"HTTP GET /api/v1/dashboard - 200 [4118ms]","method":"GET","requestId":"206c3872-f9f2-425b-b2fe-5c124aa4e187","status":200,"timestamp":"2026-07-14 12:43:16","url":"/api/v1/dashboard","userId":1}
{"duration":"3068ms","ip":"::1","label":"HTTP","level":"info","message":"HTTP GET /api/v1/dashboard - 200 [3068ms]","method":"GET","requestId":"72e6d72d-8cd4-4600-95b3-aa42b50845d4","status":200,"timestamp":"2026-07-14 12:43:19","url":"/api/v1/dashboard","userId":1}
{"duration":"1090ms","ip":"::1","label":"HTTP","level":"info","message":"HTTP GET /api/v1/vehicles?page=1&limit=10&search= - 200 [1090ms]","method":"GET","requestId":"e7554af4-13f1-499c-a110-8cc88aa3c258","status":200,"timestamp":"2026-07-14 12:44:50","url":"/api/v1/vehicles?page=1&limit=10&search=","userId":1}
{"duration":"2900ms","ip":"::1","label":"HTTP","level":"info","message":"HTTP GET /api/v1/dashboard - 200 [2900ms]","method":"GET","requestId":"17efd127-b088-4161-b079-0bd6ade47f2a","status":200,"timestamp":"2026-07-14 12:45:04","url":"/api/v1/dashboard","userId":1}
{"duration":"3170ms","ip":"::1","label":"HTTP","level":"info","message":"HTTP GET /api/v1/dashboard - 200 [3170ms]","method":"GET","requestId":"fc2fc1f9-a469-4c2d-9837-9cf6e652e04f","status":200,"timestamp":"2026-07-14 12:45:07","url":"/api/v1/dashboard","userId":1}
{"duration":"3ms","ip":"::1","label":"HTTP","level":"info","message":"HTTP GET /api/v1/auth/me - 401 [3ms]","method":"GET","requestId":"d362cfbf-638d-4e35-ae70-8d5f78821a7d","status":401,"timestamp":"2026-07-14 12:55:26","url":"/api/v1/auth/me","userId":null}
{"duration":"5ms","ip":"::1","label":"HTTP","level":"info","message":"HTTP GET /api/v1/auth/me - 401 [5ms]","method":"GET","requestId":"7146b7fb-79dd-48ce-a752-eee5c7dd3644","status":401,"timestamp":"2026-07-14 12:55:26","url":"/api/v1/auth/me","userId":null}
{"duration":"652ms","ip":"::1","label":"HTTP","level":"info","message":"HTTP POST /api/v1/auth/refresh - 200 [652ms]","method":"POST","requestId":"85a684f8-7886-475a-b24b-b12258523e36","status":200,"timestamp":"2026-07-14 12:55:27","url":"/api/v1/auth/refresh","userId":null}
{"duration":"569ms","ip":"::1","label":"HTTP","level":"info","message":"HTTP GET /api/v1/auth/me - 200 [569ms]","method":"GET","requestId":"0f7fbd59-ccae-44b3-9fa7-36c7deea5f09","status":200,"timestamp":"2026-07-14 12:55:27","url":"/api/v1/auth/me","userId":1}
{"duration":"667ms","ip":"::1","label":"HTTP","level":"info","message":"HTTP GET /api/v1/auth/me - 200 [667ms]","method":"GET","requestId":"380da0b0-59cf-4e5f-b761-0b246859d852","status":200,"timestamp":"2026-07-14 12:55:28","url":"/api/v1/auth/me","userId":1}
{"duration":"949ms","ip":"::1","label":"HTTP","level":"info","message":"HTTP GET /api/v1/vehicles?page=1&limit=10&search= - 200 [949ms]","method":"GET","requestId":"5c2141c4-86f2-422c-a69c-8a08e08aaf69","status":200,"timestamp":"2026-07-14 12:58:59","url":"/api/v1/vehicles?page=1&limit=10&search=","userId":1}
{"duration":"2806ms","ip":"::1","label":"HTTP","level":"info","message":"HTTP GET /api/v1/dashboard - 200 [2806ms]","method":"GET","requestId":"4776dc4e-f2df-4ef9-a225-7da8fab218ae","status":200,"timestamp":"2026-07-14 12:59:40","url":"/api/v1/dashboard","userId":1}
{"duration":"2729ms","ip":"::1","label":"HTTP","level":"info","message":"HTTP GET /api/v1/dashboard - 200 [2729ms]","method":"GET","requestId":"b3fc2f75-dafd-4813-8f87-a879490043a8","status":200,"timestamp":"2026-07-14 12:59:43","url":"/api/v1/dashboard","userId":1}
{"duration":"914ms","ip":"::1","label":"HTTP","level":"info","message":"HTTP GET /api/v1/vehicles - 200 [914ms]","method":"GET","requestId":"39c99fab-0877-4771-baa3-95d1dabaae45","status":200,"timestamp":"2026-07-14 13:00:09","url":"/api/v1/vehicles","userId":1}
{"duration":"935ms","ip":"::1","label":"HTTP","level":"info","message":"HTTP GET /api/v1/vehicles - 200 [935ms]","method":"GET","requestId":"0c153f61-24e6-46c8-a1c9-03b3a67872ca","status":200,"timestamp":"2026-07-14 13:00:09","url":"/api/v1/vehicles","userId":1}
{"duration":"814ms","ip":"::1","label":"HTTP","level":"info","message":"HTTP GET /api/v1/vehicles/V-1002 - 404 [814ms]","method":"GET","requestId":"c5b9c91b-c4fc-49ae-a86e-59dd67d76799","status":404,"timestamp":"2026-07-14 13:00:12","url":"/api/v1/vehicles/V-1002","userId":1}
{"duration":"896ms","ip":"::1","label":"HTTP","level":"info","message":"HTTP GET /api/v1/vehicles/V-1011 - 404 [896ms]","method":"GET","requestId":"c8d5b355-280c-452c-9313-8f7279f70039","status":404,"timestamp":"2026-07-14 13:00:12","url":"/api/v1/vehicles/V-1011","userId":1}
{"duration":"904ms","ip":"::1","label":"HTTP","level":"info","message":"HTTP GET /api/v1/vehicles/V-1014 - 404 [904ms]","method":"GET","requestId":"d4966059-2073-46f4-b9c7-e3ef90ded724","status":404,"timestamp":"2026-07-14 13:00:12","url":"/api/v1/vehicles/V-1014","userId":1}
{"duration":"823ms","ip":"::1","label":"HTTP","level":"info","message":"HTTP GET /api/v1/vehicles/V-1001 - 404 [823ms]","method":"GET","requestId":"5ec76392-af0d-4a6a-915d-ba1ba27fbed7","status":404,"timestamp":"2026-07-14 13:00:13","url":"/api/v1/vehicles/V-1001","userId":1}
{"duration":"890ms","ip":"::1","label":"HTTP","level":"info","message":"HTTP GET /api/v1/vehicles/V-1004 - 404 [890ms]","method":"GET","requestId":"a076bba7-17c0-4494-a7b7-06cf74945d52","status":404,"timestamp":"2026-07-14 13:00:13","url":"/api/v1/vehicles/V-1004","userId":1}
{"duration":"899ms","ip":"::1","label":"HTTP","level":"info","message":"HTTP GET /api/v1/vehicles/V-1017 - 404 [899ms]","method":"GET","requestId":"1210d158-ba51-4b0d-9181-7ce1a518f1e4","status":404,"timestamp":"2026-07-14 13:00:13","url":"/api/v1/vehicles/V-1017","userId":1}
{"duration":"840ms","ip":"::1","label":"HTTP","level":"info","message":"HTTP GET /api/v1/vehicles/V-1005 - 404 [840ms]","method":"GET","requestId":"db820cd9-1731-45d0-9c12-200ddec7e425","status":404,"timestamp":"2026-07-14 13:00:14","url":"/api/v1/vehicles/V-1005","userId":1}
{"duration":"855ms","ip":"::1","label":"HTTP","level":"info","message":"HTTP GET /api/v1/vehicles/V-1013 - 404 [855ms]","method":"GET","requestId":"0fa2fb39-4122-40f2-b11a-d104c04e9780","status":404,"timestamp":"2026-07-14 13:00:14","url":"/api/v1/vehicles/V-1013","userId":1}
{"duration":"908ms","ip":"::1","label":"HTTP","level":"info","message":"HTTP GET /api/v1/vehicles/V-1008 - 404 [908ms]","method":"GET","requestId":"83b37f19-d31a-4e7b-80bf-14a3c3e06035","status":404,"timestamp":"2026-07-14 13:00:14","url":"/api/v1/vehicles/V-1008","userId":1}
{"duration":"3147ms","ip":"::1","label":"HTTP","level":"info","message":"HTTP GET /api/v1/vehicles/V-1009 - 404 [3147ms]","method":"GET","requestId":"41911243-ac3a-4be0-9a16-56fbdbd35d53","status":404,"timestamp":"2026-07-14 13:00:15","url":"/api/v1/vehicles/V-1009","userId":1}
{"duration":"3145ms","ip":"::1","label":"HTTP","level":"info","message":"HTTP GET /api/v1/vehicles/V-1000 - 404 [3145ms]","method":"GET","requestId":"d49f3084-3eec-4511-a5a1-603a4721ce63","status":404,"timestamp":"2026-07-14 13:00:15","url":"/api/v1/vehicles/V-1000","userId":1}
{"duration":"3172ms","ip":"::1","label":"HTTP","level":"info","message":"HTTP GET /api/v1/vehicles/V-1019 - 404 [3172ms]","method":"GET","requestId":"fa73cbd0-4ed5-4e37-aa59-f89854f91d49","status":404,"timestamp":"2026-07-14 13:00:15","url":"/api/v1/vehicles/V-1019","userId":1}
{"duration":"839ms","ip":"::1","label":"HTTP","level":"info","message":"HTTP GET /api/v1/vehicles/V-1010 - 404 [839ms]","method":"GET","requestId":"b378c268-0bb2-48a0-84a1-7a4f268b5123","status":404,"timestamp":"2026-07-14 13:00:15","url":"/api/v1/vehicles/V-1010","userId":1}
{"duration":"898ms","ip":"::1","label":"HTTP","level":"info","message":"HTTP GET /api/v1/vehicles/V-1015 - 404 [898ms]","method":"GET","requestId":"e40ff4e7-61c0-4461-a653-066c37df7327","status":404,"timestamp":"2026-07-14 13:00:15","url":"/api/v1/vehicles/V-1015","userId":1}
{"duration":"902ms","ip":"::1","label":"HTTP","level":"info","message":"HTTP GET /api/v1/vehicles/V-1007 - 404 [902ms]","method":"GET","requestId":"9d53fc69-fd55-4d3e-89b9-da2c3ea5438d","status":404,"timestamp":"2026-07-14 13:00:15","url":"/api/v1/vehicles/V-1007","userId":1}
{"duration":"823ms","ip":"::1","label":"HTTP","level":"info","message":"HTTP GET /api/v1/vehicles/V-1018 - 404 [823ms]","method":"GET","requestId":"56de7219-8bd0-4bfc-bd5e-1f0c64633aa1","status":404,"timestamp":"2026-07-14 13:00:15","url":"/api/v1/vehicles/V-1018","userId":1}
{"duration":"838ms","ip":"::1","label":"HTTP","level":"info","message":"HTTP GET /api/v1/vehicles/V-1002 - 404 [838ms]","method":"GET","requestId":"3d25085d-ca69-47b5-aeb7-91aec148be39","status":404,"timestamp":"2026-07-14 13:00:16","url":"/api/v1/vehicles/V-1002","userId":1}
{"duration":"862ms","ip":"::1","label":"HTTP","level":"info","message":"HTTP GET /api/v1/vehicles/V-1006 - 404 [862ms]","method":"GET","requestId":"06b5dbf2-c3a6-4d0d-bade-995e97e064cf","status":404,"timestamp":"2026-07-14 13:00:16","url":"/api/v1/vehicles/V-1006","userId":1}
{"duration":"842ms","ip":"::1","label":"HTTP","level":"info","message":"HTTP GET /api/v1/vehicles/V-1011 - 404 [842ms]","method":"GET","requestId":"965250ca-3da9-4025-9f84-8cab9e6802f2","status":404,"timestamp":"2026-07-14 13:00:16","url":"/api/v1/vehicles/V-1011","userId":1}
{"duration":"899ms","ip":"::1","label":"HTTP","level":"info","message":"HTTP GET /api/v1/vehicles/V-1014 - 404 [899ms]","method":"GET","requestId":"3a7f81c0-354a-481d-9a26-6a26466fb208","status":404,"timestamp":"2026-07-14 13:00:16","url":"/api/v1/vehicles/V-1014","userId":1}
{"duration":"911ms","ip":"::1","label":"HTTP","level":"info","message":"HTTP GET /api/v1/vehicles/V-1001 - 404 [911ms]","method":"GET","requestId":"0a125380-d4ae-473b-9a11-a6ee4271c1a5","status":404,"timestamp":"2026-07-14 13:00:16","url":"/api/v1/vehicles/V-1001","userId":1}
{"duration":"844ms","ip":"::1","label":"HTTP","level":"info","message":"HTTP GET /api/v1/vehicles/V-1004 - 404 [844ms]","method":"GET","requestId":"c8e74292-dd79-47b2-83ac-c74d4116e9c5","status":404,"timestamp":"2026-07-14 13:00:16","url":"/api/v1/vehicles/V-1004","userId":1}
{"duration":"868ms","ip":"::1","label":"HTTP","level":"info","message":"HTTP GET /api/v1/vehicles/V-1017 - 404 [868ms]","method":"GET","requestId":"e0e08fbc-3fa4-4b10-8a6c-0d6a54b0ce5c","status":404,"timestamp":"2026-07-14 13:00:16","url":"/api/v1/vehicles/V-1017","userId":1}
{"duration":"859ms","ip":"::1","label":"HTTP","level":"info","message":"HTTP GET /api/v1/vehicles/V-1005 - 404 [859ms]","method":"GET","requestId":"f7969748-7cc9-48d3-af07-0df3bb8aaa4d","status":404,"timestamp":"2026-07-14 13:00:16","url":"/api/v1/vehicles/V-1005","userId":1}
{"duration":"817ms","ip":"::1","label":"HTTP","level":"info","message":"HTTP GET /api/v1/vehicles/V-1013 - 404 [817ms]","method":"GET","requestId":"2a898c90-e7bf-4cc2-a356-701dc07df85c","status":404,"timestamp":"2026-07-14 13:00:16","url":"/api/v1/vehicles/V-1013","userId":1}
{"duration":"943ms","ip":"::1","label":"HTTP","level":"info","message":"HTTP GET /api/v1/vehicles/V-1008 - 404 [943ms]","method":"GET","requestId":"c712cf81-802d-45a7-a895-fd875f28e821","status":404,"timestamp":"2026-07-14 13:00:17","url":"/api/v1/vehicles/V-1008","userId":1}
{"duration":"966ms","ip":"::1","label":"HTTP","level":"info","message":"HTTP GET /api/v1/vehicles/V-1009 - 404 [966ms]","method":"GET","requestId":"c2b9e365-2fe3-496a-a4a1-ec753ce61e0d","status":404,"timestamp":"2026-07-14 13:00:17","url":"/api/v1/vehicles/V-1009","userId":1}
{"duration":"824ms","ip":"::1","label":"HTTP","level":"info","message":"HTTP GET /api/v1/vehicles/V-1000 - 404 [824ms]","method":"GET","requestId":"a23db7a2-28eb-49d4-b9f1-2061b67c6a30","status":404,"timestamp":"2026-07-14 13:00:17","url":"/api/v1/vehicles/V-1000","userId":1}
{"duration":"837ms","ip":"::1","label":"HTTP","level":"info","message":"HTTP GET /api/v1/vehicles/V-1010 - 404 [837ms]","method":"GET","requestId":"ebe5732d-2d57-434a-a394-9bb795263b7f","status":404,"timestamp":"2026-07-14 13:00:17","url":"/api/v1/vehicles/V-1010","userId":1}
{"duration":"845ms","ip":"::1","label":"HTTP","level":"info","message":"HTTP GET /api/v1/vehicles/V-1019 - 404 [845ms]","method":"GET","requestId":"8104f59a-6ee5-4883-b2b2-e217ce60c947","status":404,"timestamp":"2026-07-14 13:00:17","url":"/api/v1/vehicles/V-1019","userId":1}
{"duration":"850ms","ip":"::1","label":"HTTP","level":"info","message":"HTTP GET /api/v1/vehicles/V-1015 - 404 [850ms]","method":"GET","requestId":"61b1a36d-ca31-4032-aded-d99aa997213c","status":404,"timestamp":"2026-07-14 13:00:17","url":"/api/v1/vehicles/V-1015","userId":1}
{"duration":"869ms","ip":"::1","label":"HTTP","level":"info","message":"HTTP GET /api/v1/vehicles/V-1007 - 404 [869ms]","method":"GET","requestId":"06983e3f-9665-4e49-a8c2-c90a9759d860","status":404,"timestamp":"2026-07-14 13:00:18","url":"/api/v1/vehicles/V-1007","userId":1}
{"duration":"913ms","ip":"::1","label":"HTTP","level":"info","message":"HTTP GET /api/v1/vehicles/V-1018 - 404 [913ms]","method":"GET","requestId":"ef4ac811-9a6c-4d76-b824-8e263ccd1f62","status":404,"timestamp":"2026-07-14 13:00:18","url":"/api/v1/vehicles/V-1018","userId":1}
{"duration":"823ms","ip":"::1","label":"HTTP","level":"info","message":"HTTP GET /api/v1/vehicles/V-1006 - 404 [823ms]","method":"GET","requestId":"d3f2dd47-c328-43ef-ae19-ec9b911d15c9","status":404,"timestamp":"2026-07-14 13:00:18","url":"/api/v1/vehicles/V-1006","userId":1}
{"duration":"826ms","ip":"::1","label":"HTTP","level":"info","message":"HTTP GET /api/v1/vehicles/V-1017 - 404 [826ms]","method":"GET","requestId":"d34cb8b3-0273-4f32-a753-a07fe16b4c4c","status":404,"timestamp":"2026-07-14 13:00:18","url":"/api/v1/vehicles/V-1017","userId":1}
{"duration":"845ms","ip":"::1","label":"HTTP","level":"info","message":"HTTP GET /api/v1/vehicles/V-1001 - 404 [845ms]","method":"GET","requestId":"1946319f-04ae-49bc-9d0b-03feb9a250ba","status":404,"timestamp":"2026-07-14 13:00:18","url":"/api/v1/vehicles/V-1001","userId":1}
{"duration":"841ms","ip":"::1","label":"HTTP","level":"info","message":"HTTP GET /api/v1/vehicles/V-1005 - 404 [841ms]","method":"GET","requestId":"60376fae-d5c3-4c05-98ab-9b9b7c2809b5","status":404,"timestamp":"2026-07-14 13:00:18","url":"/api/v1/vehicles/V-1005","userId":1}
{"duration":"901ms","ip":"::1","label":"HTTP","level":"info","message":"HTTP GET /api/v1/vehicles/V-1013 - 404 [901ms]","method":"GET","requestId":"a7e0b911-225e-4036-9358-4df5e1d6d853","status":404,"timestamp":"2026-07-14 13:00:19","url":"/api/v1/vehicles/V-1013","userId":1}
{"duration":"900ms","ip":"::1","label":"HTTP","level":"info","message":"HTTP GET /api/v1/vehicles/V-1008 - 404 [900ms]","method":"GET","requestId":"6fc64106-b4dc-452d-9911-6f7f65a07ce3","status":404,"timestamp":"2026-07-14 13:00:19","url":"/api/v1/vehicles/V-1008","userId":1}
{"duration":"844ms","ip":"::1","label":"HTTP","level":"info","message":"HTTP GET /api/v1/vehicles/V-1000 - 404 [844ms]","method":"GET","requestId":"f704fc8e-d922-48be-86a9-f2779ac81833","status":404,"timestamp":"2026-07-14 13:00:19","url":"/api/v1/vehicles/V-1000","userId":1}
{"duration":"825ms","ip":"::1","label":"HTTP","level":"info","message":"HTTP GET /api/v1/vehicles/V-1019 - 404 [825ms]","method":"GET","requestId":"fb500c6a-cb4e-47c3-b1d5-e9ae17feef8e","status":404,"timestamp":"2026-07-14 13:00:19","url":"/api/v1/vehicles/V-1019","userId":1}
{"duration":"828ms","ip":"::1","label":"HTTP","level":"info","message":"HTTP GET /api/v1/vehicles/V-1018 - 404 [828ms]","method":"GET","requestId":"21f058e9-f763-4e60-838a-39990711ef0e","status":404,"timestamp":"2026-07-14 13:00:19","url":"/api/v1/vehicles/V-1018","userId":1}
{"duration":"827ms","ip":"::1","label":"HTTP","level":"info","message":"HTTP GET /api/v1/vehicles/V-1006 - 404 [827ms]","method":"GET","requestId":"4fbd679d-1225-47f3-b200-23e77d69b8a1","status":404,"timestamp":"2026-07-14 13:00:19","url":"/api/v1/vehicles/V-1006","userId":1}
{"duration":"927ms","ip":"::1","label":"HTTP","level":"info","message":"HTTP GET /api/v1/vehicles/V-1017 - 404 [927ms]","method":"GET","requestId":"0cd7effb-4844-4f92-87a0-20a645cfa989","status":404,"timestamp":"2026-07-14 13:00:20","url":"/api/v1/vehicles/V-1017","userId":1}
{"duration":"814ms","ip":"::1","label":"HTTP","level":"info","message":"HTTP GET /api/v1/vehicles/V-1005 - 404 [814ms]","method":"GET","requestId":"cae61ea1-5deb-4eef-abd2-b5840e94c878","status":404,"timestamp":"2026-07-14 13:00:20","url":"/api/v1/vehicles/V-1005","userId":1}
{"duration":"892ms","ip":"::1","label":"HTTP","level":"info","message":"HTTP GET /api/v1/vehicles/V-1001 - 404 [892ms]","method":"GET","requestId":"ef86c4e3-77e6-409f-a246-36c1cdb49321","status":404,"timestamp":"2026-07-14 13:00:20","url":"/api/v1/vehicles/V-1001","userId":1}
{"duration":"820ms","ip":"::1","label":"HTTP","level":"info","message":"HTTP GET /api/v1/vehicles/V-1013 - 404 [820ms]","method":"GET","requestId":"ad0d39ad-223d-497c-a767-72a906f3ccdd","status":404,"timestamp":"2026-07-14 13:00:20","url":"/api/v1/vehicles/V-1013","userId":1}
{"duration":"837ms","ip":"::1","label":"HTTP","level":"info","message":"HTTP GET /api/v1/vehicles/V-1008 - 404 [837ms]","method":"GET","requestId":"b04ee6d5-3aac-42eb-81d6-b035a5b6678e","status":404,"timestamp":"2026-07-14 13:00:20","url":"/api/v1/vehicles/V-1008","userId":1}
{"duration":"809ms","ip":"::1","label":"HTTP","level":"info","message":"HTTP GET /api/v1/vehicles/V-1000 - 404 [809ms]","method":"GET","requestId":"adf89509-5725-4d6a-ba6b-d6fb555b8980","status":404,"timestamp":"2026-07-14 13:00:20","url":"/api/v1/vehicles/V-1000","userId":1}
{"duration":"816ms","ip":"::1","label":"HTTP","level":"info","message":"HTTP GET /api/v1/vehicles/V-1018 - 404 [816ms]","method":"GET","requestId":"9934d8b7-fc70-403e-b751-951ec46411ad","status":404,"timestamp":"2026-07-14 13:00:21","url":"/api/v1/vehicles/V-1018","userId":1}
{"duration":"874ms","ip":"::1","label":"HTTP","level":"info","message":"HTTP GET /api/v1/vehicles/V-1019 - 404 [874ms]","method":"GET","requestId":"b4179bf5-69ad-4d3f-b4fe-67df4001b726","status":404,"timestamp":"2026-07-14 13:00:21","url":"/api/v1/vehicles/V-1019","userId":1}
{"duration":"810ms","ip":"::1","label":"HTTP","level":"info","message":"HTTP GET /api/v1/vehicles/V-1017 - 404 [810ms]","method":"GET","requestId":"d522fda5-a5cc-4bbe-84f1-12a3a32a6123","status":404,"timestamp":"2026-07-14 13:00:21","url":"/api/v1/vehicles/V-1017","userId":1}
{"duration":"832ms","ip":"::1","label":"HTTP","level":"info","message":"HTTP GET /api/v1/vehicles/V-1008 - 404 [832ms]","method":"GET","requestId":"20cf637a-0db9-4609-b5ac-258015acf22f","status":404,"timestamp":"2026-07-14 13:00:21","url":"/api/v1/vehicles/V-1008","userId":1}
{"duration":"912ms","ip":"::1","label":"HTTP","level":"info","message":"HTTP GET /api/v1/vehicles/V-1006 - 404 [912ms]","method":"GET","requestId":"8afd37e3-3f68-4e18-92b7-3d799c543fd5","status":404,"timestamp":"2026-07-14 13:00:21","url":"/api/v1/vehicles/V-1006","userId":1}
{"duration":"815ms","ip":"::1","label":"HTTP","level":"info","message":"HTTP GET /api/v1/vehicles/V-1000 - 404 [815ms]","method":"GET","requestId":"d274e3c9-d581-4162-ba9b-4bfea08c7636","status":404,"timestamp":"2026-07-14 13:00:21","url":"/api/v1/vehicles/V-1000","userId":1}
{"duration":"834ms","ip":"::1","label":"HTTP","level":"info","message":"HTTP GET /api/v1/vehicles?page=1&limit=10&search= - 200 [834ms]","method":"GET","requestId":"b0f84984-0ab9-4d0f-ba6e-c5a080050521","status":200,"timestamp":"2026-07-14 13:00:21","url":"/api/v1/vehicles?page=1&limit=10&search=","userId":1}
{"duration":"803ms","ip":"::1","label":"HTTP","level":"info","message":"HTTP GET /api/v1/vehicles/V-1017 - 404 [803ms]","method":"GET","requestId":"3ec316b5-8c99-4162-a022-33d70caa5ad7","status":404,"timestamp":"2026-07-14 13:00:21","url":"/api/v1/vehicles/V-1017","userId":1}
{"duration":"853ms","ip":"::1","label":"HTTP","level":"info","message":"HTTP GET /api/v1/vehicles?page=1&limit=10&search= - 200 [853ms]","method":"GET","requestId":"b331965f-eaa8-451e-9763-51f7b9bf4ea0","status":200,"timestamp":"2026-07-14 13:06:01","url":"/api/v1/vehicles?page=1&limit=10&search=","userId":1}
{"duration":"5ms","ip":"::1","label":"HTTP","level":"info","message":"HTTP GET /api/v1/vehicles?page=1&limit=10&search= - 401 [5ms]","method":"GET","requestId":"68b456b8-62b8-41ca-8ea1-b6c975303837","status":401,"timestamp":"2026-07-14 13:13:29","url":"/api/v1/vehicles?page=1&limit=10&search=","userId":null}
{"duration":"588ms","ip":"::1","label":"HTTP","level":"info","message":"HTTP POST /api/v1/auth/refresh - 200 [588ms]","method":"POST","requestId":"690e7eea-f85c-43f3-8a81-aa3580cf7f34","status":200,"timestamp":"2026-07-14 13:13:30","url":"/api/v1/auth/refresh","userId":null}
{"duration":"887ms","ip":"::1","label":"HTTP","level":"info","message":"HTTP GET /api/v1/vehicles?page=1&limit=10&search= - 200 [887ms]","method":"GET","requestId":"3470dbd8-c81e-4e37-9c13-72709d719947","status":200,"timestamp":"2026-07-14 13:13:30","url":"/api/v1/vehicles?page=1&limit=10&search=","userId":1}
{"duration":"1909ms","ip":"::1","label":"HTTP","level":"info","message":"HTTP GET /api/v1/vehicles?page=1&limit=10&search= - 200 [1909ms]","method":"GET","requestId":"aa5be64a-1d9e-481e-b133-180979b9008c","status":200,"timestamp":"2026-07-14 13:17:26","url":"/api/v1/vehicles?page=1&limit=10&search=","userId":1}
{"duration":"850ms","ip":"::1","label":"HTTP","level":"info","message":"HTTP GET /api/v1/vehicles?page=1&limit=10&search=&includeDeleted=false - 200 [850ms]","method":"GET","requestId":"1e045ab7-91fe-40de-84e2-0df056246109","status":200,"timestamp":"2026-07-14 13:19:18","url":"/api/v1/vehicles?page=1&limit=10&search=&includeDeleted=false","userId":1}
{"duration":"5ms","ip":"::1","label":"HTTP","level":"info","message":"HTTP GET /api/v1/auth/me - 401 [5ms]","method":"GET","requestId":"9070d139-2958-42f2-a452-f15ed297507a","status":401,"timestamp":"2026-07-14 14:28:43","url":"/api/v1/auth/me","userId":null}
{"duration":"4ms","ip":"::1","label":"HTTP","level":"info","message":"HTTP GET /api/v1/auth/me - 401 [4ms]","method":"GET","requestId":"94aac4fe-ad0a-41d5-9205-fbc45927f565","status":401,"timestamp":"2026-07-14 14:28:44","url":"/api/v1/auth/me","userId":null}
{"duration":"3552ms","ip":"::1","label":"HTTP","level":"info","message":"HTTP POST /api/v1/auth/refresh - 200 [3552ms]","method":"POST","requestId":"bb36fff1-19a5-46f7-be88-8253d17eb9ff","status":200,"timestamp":"2026-07-14 14:28:51","url":"/api/v1/auth/refresh","userId":null}
{"duration":"913ms","ip":"::1","label":"HTTP","level":"info","message":"HTTP GET /api/v1/auth/me - 200 [913ms]","method":"GET","requestId":"2151561c-cf89-49df-928e-1d193437a31f","status":200,"timestamp":"2026-07-14 14:28:52","url":"/api/v1/auth/me","userId":1}
{"duration":"913ms","ip":"::1","label":"HTTP","level":"info","message":"HTTP GET /api/v1/auth/me - 200 [913ms]","method":"GET","requestId":"143b8c1e-f882-4851-8e0a-6a9d9576a48d","status":200,"timestamp":"2026-07-14 14:28:53","url":"/api/v1/auth/me","userId":1}
{"duration":"3160ms","ip":"::1","label":"HTTP","level":"info","message":"HTTP GET /api/v1/vehicles?page=1&limit=10&search=&includeDeleted=false - 200 [3160ms]","method":"GET","requestId":"4e36a2be-29bf-4df9-bcc7-6c0729f0f13d","status":200,"timestamp":"2026-07-14 14:29:09","url":"/api/v1/vehicles?page=1&limit=10&search=&includeDeleted=false","userId":1}
{"duration":"25ms","ip":"::1","label":"HTTP","level":"info","message":"HTTP GET /api/v1/auth/me - 401 [25ms]","method":"GET","requestId":"95d0824f-cb97-417e-9ec7-07987350969b","status":401,"timestamp":"2026-07-14 15:47:41","url":"/api/v1/auth/me","userId":null}
{"duration":"3ms","ip":"::1","label":"HTTP","level":"info","message":"HTTP GET /api/v1/auth/me - 401 [3ms]","method":"GET","requestId":"435c1221-61e5-4015-b021-1f294ed75e2b","status":401,"timestamp":"2026-07-14 15:47:41","url":"/api/v1/auth/me","userId":null}
{"duration":"1724ms","ip":"::1","label":"HTTP","level":"info","message":"HTTP POST /api/v1/auth/refresh - 200 [1724ms]","method":"POST","requestId":"16df29e4-c0d3-48e1-b49e-967972e4b961","status":200,"timestamp":"2026-07-14 15:47:43","url":"/api/v1/auth/refresh","userId":null}
{"duration":"601ms","ip":"::1","label":"HTTP","level":"info","message":"HTTP GET /api/v1/auth/me - 200 [601ms]","method":"GET","requestId":"3703a585-d073-4601-832a-a74e586e966a","status":200,"timestamp":"2026-07-14 15:47:43","url":"/api/v1/auth/me","userId":1}
{"duration":"536ms","ip":"::1","label":"HTTP","level":"info","message":"HTTP GET /api/v1/auth/me - 200 [536ms]","method":"GET","requestId":"4669f5d7-2ec5-4090-8bbb-35ec7a42090b","status":200,"timestamp":"2026-07-14 15:47:44","url":"/api/v1/auth/me","userId":1}
{"duration":"1860ms","ip":"::1","label":"HTTP","level":"info","message":"HTTP GET /api/v1/vehicles?page=1&limit=10&search=&includeDeleted=false - 200 [1860ms]","method":"GET","requestId":"6d365013-cfd9-49c1-83d5-b10a52213140","status":200,"timestamp":"2026-07-14 15:47:47","url":"/api/v1/vehicles?page=1&limit=10&search=&includeDeleted=false","userId":1}
{"duration":"984ms","ip":"::1","label":"HTTP","level":"info","message":"HTTP POST /api/v1/auth/login - 200 [984ms]","method":"POST","requestId":"256bfa57-5eae-48b1-80cc-6b559d409ad2","status":200,"timestamp":"2026-07-14 23:51:24","url":"/api/v1/auth/login","userId":null}
{"duration":"523ms","ip":"::1","label":"HTTP","level":"info","message":"HTTP GET /api/v1/auth/me - 200 [523ms]","method":"GET","requestId":"660f004e-6376-4241-a49f-599c5a7e2bda","status":200,"timestamp":"2026-07-14 23:51:25","url":"/api/v1/auth/me","userId":1}
{"duration":"2477ms","ip":"::1","label":"HTTP","level":"info","message":"HTTP GET /api/v1/dashboard - 200 [2477ms]","method":"GET","requestId":"174faf0d-0fcd-42b6-a44d-01f056d11b9d","status":200,"timestamp":"2026-07-14 23:51:28","url":"/api/v1/dashboard","userId":1}
{"duration":"2424ms","ip":"::1","label":"HTTP","level":"info","message":"HTTP GET /api/v1/dashboard - 200 [2424ms]","method":"GET","requestId":"2b261d12-5010-46e6-b488-d80f1735326a","status":200,"timestamp":"2026-07-14 23:51:30","url":"/api/v1/dashboard","userId":1}
{"duration":"1576ms","ip":"::1","label":"HTTP","level":"info","message":"HTTP GET /api/v1/vehicles?page=1&limit=10&search=&includeDeleted=false - 200 [1576ms]","method":"GET","requestId":"7acdd512-3cf6-42ea-afb1-86eb07212e16","status":200,"timestamp":"2026-07-14 23:51:31","url":"/api/v1/vehicles?page=1&limit=10&search=&includeDeleted=false","userId":1}
{"duration":"535ms","ip":"::1","label":"HTTP","level":"info","message":"HTTP GET /api/v1/trips?vehicle_id=1 - 403 [535ms]","method":"GET","requestId":"b11f328b-1174-44a9-9458-4fe8b5b1a337","status":403,"timestamp":"2026-07-14 23:51:41","url":"/api/v1/trips?vehicle_id=1","userId":1}
{"duration":"802ms","ip":"::1","label":"HTTP","level":"info","message":"HTTP GET /api/v1/vehicles/1 - 200 [802ms]","method":"GET","requestId":"836481ab-2019-48df-a6d0-09dd924e5f8e","status":200,"timestamp":"2026-07-14 23:51:41","url":"/api/v1/vehicles/1","userId":1}
{"duration":"553ms","ip":"::1","label":"HTTP","level":"info","message":"HTTP GET /api/v1/trips?vehicle_id=1 - 403 [553ms]","method":"GET","requestId":"4dd15618-1d7a-4e69-8234-7f2a27cc17dd","status":403,"timestamp":"2026-07-14 23:51:41","url":"/api/v1/trips?vehicle_id=1","userId":1}
{"duration":"1433ms","ip":"::1","label":"HTTP","level":"info","message":"HTTP GET /api/v1/maintenance?vehicle_id=1 - 403 [1433ms]","method":"GET","requestId":"de640803-41db-47bf-a111-7f12759a8fbf","status":403,"timestamp":"2026-07-14 23:51:42","url":"/api/v1/maintenance?vehicle_id=1","userId":1}
{"duration":"1420ms","ip":"::1","label":"HTTP","level":"info","message":"HTTP GET /api/v1/expenses?vehicle_id=1 - 403 [1420ms]","method":"GET","requestId":"805a7138-b37e-4f5b-9830-d55ca89b04a7","status":403,"timestamp":"2026-07-14 23:51:42","url":"/api/v1/expenses?vehicle_id=1","userId":1}
{"duration":"1467ms","ip":"::1","label":"HTTP","level":"info","message":"HTTP GET /api/v1/fuel?vehicle_id=1 - 403 [1467ms]","method":"GET","requestId":"2b019973-42d1-46cf-bdd6-76227f4d0252","status":403,"timestamp":"2026-07-14 23:51:42","url":"/api/v1/fuel?vehicle_id=1","userId":1}
{"duration":"827ms","ip":"::1","label":"HTTP","level":"info","message":"HTTP GET /api/v1/vehicles/1 - 200 [827ms]","method":"GET","requestId":"a95d9ee2-ec3e-4fc2-ad38-96af5274698b","status":200,"timestamp":"2026-07-14 23:51:42","url":"/api/v1/vehicles/1","userId":1}
{"duration":"519ms","ip":"::1","label":"HTTP","level":"info","message":"HTTP GET /api/v1/maintenance?vehicle_id=1 - 403 [519ms]","method":"GET","requestId":"74abb5c6-2828-441d-91c3-f1b41e87f0ca","status":403,"timestamp":"2026-07-14 23:51:42","url":"/api/v1/maintenance?vehicle_id=1","userId":1}
{"duration":"615ms","ip":"::1","label":"HTTP","level":"info","message":"HTTP GET /api/v1/expenses?vehicle_id=1 - 403 [615ms]","method":"GET","requestId":"8176ef3b-31e3-4823-af38-89d26f013fb2","status":403,"timestamp":"2026-07-14 23:51:42","url":"/api/v1/expenses?vehicle_id=1","userId":1}
{"duration":"593ms","ip":"::1","label":"HTTP","level":"info","message":"HTTP GET /api/v1/fuel?vehicle_id=1 - 403 [593ms]","method":"GET","requestId":"4d0c42f4-b958-456f-81d9-bb46eaa820b7","status":403,"timestamp":"2026-07-14 23:51:42","url":"/api/v1/fuel?vehicle_id=1","userId":1}
{"duration":"1752ms","ip":"::1","label":"HTTP","level":"info","message":"HTTP GET /api/v1/vehicles?page=1&limit=10&search=&includeDeleted=false - 200 [1752ms]","method":"GET","requestId":"fc86a8ba-710a-487b-9c30-51c36631bb7d","status":200,"timestamp":"2026-07-14 23:51:43","url":"/api/v1/vehicles?page=1&limit=10&search=&includeDeleted=false","userId":1}
{"duration":"810ms","ip":"::1","label":"HTTP","level":"info","message":"HTTP GET /api/v1/vehicles?page=1&limit=10&search=&includeDeleted=false&status=Retired - 200 [810ms]","method":"GET","requestId":"cf97c472-62d3-4a3a-be8f-e1a631bfc6be","status":200,"timestamp":"2026-07-14 23:51:58","url":"/api/v1/vehicles?page=1&limit=10&search=&includeDeleted=false&status=Retired","userId":1}
{"duration":"816ms","ip":"::1","label":"HTTP","level":"info","message":"HTTP GET /api/v1/vehicles?page=1&limit=10&search=&includeDeleted=false&status=Reserved - 200 [816ms]","method":"GET","requestId":"91c2cf56-072d-478f-8976-e0f29c37ae4f","status":200,"timestamp":"2026-07-14 23:52:02","url":"/api/v1/vehicles?page=1&limit=10&search=&includeDeleted=false&status=Reserved","userId":1}
{"duration":"843ms","ip":"::1","label":"HTTP","level":"info","message":"HTTP GET /api/v1/vehicles?page=1&limit=10&search=&includeDeleted=false&status=In+Shop - 200 [843ms]","method":"GET","requestId":"f7d1b9e9-0643-4d15-a72b-5ddd64b9357b","status":200,"timestamp":"2026-07-14 23:52:05","url":"/api/v1/vehicles?page=1&limit=10&search=&includeDeleted=false&status=In+Shop","userId":1}
{"duration":"814ms","ip":"::1","label":"HTTP","level":"info","message":"HTTP GET /api/v1/vehicles?page=1&limit=10&search=&includeDeleted=false&status=On+Trip - 200 [814ms]","method":"GET","requestId":"b3be6a11-00e9-4e6b-824b-84ba3fa707ee","status":200,"timestamp":"2026-07-14 23:52:10","url":"/api/v1/vehicles?page=1&limit=10&search=&includeDeleted=false&status=On+Trip","userId":1}
{"duration":"814ms","ip":"::1","label":"HTTP","level":"info","message":"HTTP GET /api/v1/vehicles?page=1&limit=10&search=&includeDeleted=false&status=Available - 200 [814ms]","method":"GET","requestId":"52f06119-2293-434c-bde0-fb3cbdd14642","status":200,"timestamp":"2026-07-14 23:52:18","url":"/api/v1/vehicles?page=1&limit=10&search=&includeDeleted=false&status=Available","userId":1}
{"duration":"541ms","ip":"::1","label":"HTTP","level":"info","message":"HTTP GET /api/v1/drivers?page=1&limit=10&search=&includeDeleted=false - 403 [541ms]","method":"GET","requestId":"aba1bb2e-3b04-4d31-8c71-5c6b69206b8f","status":403,"timestamp":"2026-07-14 23:52:42","url":"/api/v1/drivers?page=1&limit=10&search=&includeDeleted=false","userId":1}
{"duration":"548ms","ip":"::1","label":"HTTP","level":"info","message":"HTTP GET /api/v1/drivers?page=1&limit=10&search=&includeDeleted=false - 403 [548ms]","method":"GET","requestId":"929c70a0-198a-4273-9961-d969a57d3232","status":403,"timestamp":"2026-07-14 23:52:44","url":"/api/v1/drivers?page=1&limit=10&search=&includeDeleted=false","userId":1}
{"duration":"2084ms","ip":"::1","label":"HTTP","level":"info","message":"HTTP GET /api/v1/drivers?page=1&limit=10&search=&includeDeleted=false - 200 [2084ms]","method":"GET","requestId":"aec7c1d4-561c-4005-8e1e-b5fed17bd74d","status":200,"timestamp":"2026-07-14 23:54:58","url":"/api/v1/drivers?page=1&limit=10&search=&includeDeleted=false","userId":1}
{"duration":"1657ms","ip":"::1","label":"HTTP","level":"info","message":"HTTP GET /api/v1/drivers?page=1&limit=10&search=&includeDeleted=false - 200 [1657ms]","method":"GET","requestId":"cd13df2b-080c-4ad5-8276-b4f0cb819d02","status":200,"timestamp":"2026-07-14 23:55:09","url":"/api/v1/drivers?page=1&limit=10&search=&includeDeleted=false","userId":1}
{"duration":"2020ms","ip":"::1","label":"HTTP","level":"info","message":"HTTP GET /api/v1/drivers?page=2&limit=10&search=&includeDeleted=false - 200 [2020ms]","method":"GET","requestId":"f259b2c2-4d12-488e-a99b-30b23beb60a2","status":200,"timestamp":"2026-07-14 23:55:10","url":"/api/v1/drivers?page=2&limit=10&search=&includeDeleted=false","userId":1}
