{"duration":"15ms","ip":"::1","label":"HTTP","level":"info","message":"HTTP GET /api/v1/auth/me - 401 [15ms]","method":"GET","requestId":"f66ec23b-25dc-42bd-b397-2be2cb48c85d","status":401,"timestamp":"2026-07-17 00:47:13","url":"/api/v1/auth/me","userId":null}
{"duration":"3ms","ip":"::1","label":"HTTP","level":"info","message":"HTTP GET /api/v1/auth/me - 401 [3ms]","method":"GET","requestId":"c878c9be-b50b-43fe-af63-bc4d8669c321","status":401,"timestamp":"2026-07-17 00:47:13","url":"/api/v1/auth/me","userId":null}
{"duration":"1831ms","ip":"::1","label":"HTTP","level":"info","message":"HTTP POST /api/v1/auth/refresh - 200 [1831ms]","method":"POST","requestId":"43ec1cc7-362e-46c2-a518-96f47206926e","status":200,"timestamp":"2026-07-17 00:47:15","url":"/api/v1/auth/refresh","userId":null}
{"duration":"584ms","ip":"::1","label":"HTTP","level":"info","message":"HTTP GET /api/v1/auth/me - 200 [584ms]","method":"GET","requestId":"e1835085-f011-4fba-9769-a3e94cfa1cb7","status":200,"timestamp":"2026-07-17 00:47:16","url":"/api/v1/auth/me","userId":1}
{"duration":"575ms","ip":"::1","label":"HTTP","level":"info","message":"HTTP GET /api/v1/auth/me - 200 [575ms]","method":"GET","requestId":"45c1e760-d5d6-4542-8878-b03992b34449","status":200,"timestamp":"2026-07-17 00:47:16","url":"/api/v1/auth/me","userId":1}
{"duration":"1505ms","ip":"::1","label":"HTTP","level":"info","message":"HTTP GET /api/v1/maintenance/dashboard-kpis - 403 [1505ms]","method":"GET","requestId":"67b295f8-328a-43ea-9994-33ae210d4610","status":403,"timestamp":"2026-07-17 00:47:18","url":"/api/v1/maintenance/dashboard-kpis","userId":1}
{"duration":"580ms","ip":"::1","label":"HTTP","level":"info","message":"HTTP GET /api/v1/maintenance/dashboard-kpis - 403 [580ms]","method":"GET","requestId":"e7d3f832-10cb-46e7-9483-81ec0ed0978f","status":403,"timestamp":"2026-07-17 00:47:18","url":"/api/v1/maintenance/dashboard-kpis","userId":1}
{"duration":"2304ms","ip":"::1","label":"HTTP","level":"info","message":"HTTP GET /api/v1/maintenance?page=1&limit=100 - 200 [2304ms]","method":"GET","requestId":"314f87a8-2f32-411b-8604-649fa397042e","status":200,"timestamp":"2026-07-17 00:47:18","url":"/api/v1/maintenance?page=1&limit=100","userId":1}
{"duration":"1167ms","ip":"::1","label":"HTTP","level":"info","message":"HTTP GET /api/v1/maintenance?page=1&limit=100 - 200 [1167ms]","method":"GET","requestId":"0476af2b-0dad-4401-b81c-a7c6a50d35c0","status":200,"timestamp":"2026-07-17 00:47:19","url":"/api/v1/maintenance?page=1&limit=100","userId":1}
{"duration":"574ms","ip":"::1","label":"HTTP","level":"info","message":"HTTP GET /api/v1/maintenance/dashboard-kpis - 403 [574ms]","method":"GET","requestId":"a3ba66cd-4e28-4fa6-a4f7-e7b814fa0e23","status":403,"timestamp":"2026-07-17 00:47:22","url":"/api/v1/maintenance/dashboard-kpis","userId":1}
{"duration":"1152ms","ip":"::1","label":"HTTP","level":"info","message":"HTTP GET /api/v1/maintenance?page=1&limit=100 - 200 [1152ms]","method":"GET","requestId":"9c6abea6-9fd7-4845-9208-218eb00f9238","status":200,"timestamp":"2026-07-17 00:47:22","url":"/api/v1/maintenance?page=1&limit=100","userId":1}
{"duration":"2614ms","ip":"::1","label":"HTTP","level":"info","message":"HTTP GET /api/v1/auth/me - 200 [2614ms]","method":"GET","requestId":"2d4a7b20-570f-4863-9f48-19ad411fc130","status":200,"timestamp":"2026-07-17 00:59:40","url":"/api/v1/auth/me","userId":1}
{"duration":"813ms","ip":"::1","label":"HTTP","level":"info","message":"HTTP GET /api/v1/auth/me - 200 [813ms]","method":"GET","requestId":"2466c4f5-e85e-4562-bc01-7175464c2f52","status":200,"timestamp":"2026-07-17 00:59:41","url":"/api/v1/auth/me","userId":1}
{"duration":"2220ms","ip":"::1","label":"HTTP","level":"info","message":"HTTP GET /api/v1/maintenance/dashboard-kpis - 403 [2220ms]","method":"GET","requestId":"b74d3440-1d83-42cc-ab83-b0e0e3cd0f60","status":403,"timestamp":"2026-07-17 00:59:43","url":"/api/v1/maintenance/dashboard-kpis","userId":1}
{"duration":"2896ms","ip":"::1","label":"HTTP","level":"info","message":"HTTP GET /api/v1/maintenance?page=1&limit=100 - 200 [2896ms]","method":"GET","requestId":"08370a9f-afdf-4680-ac98-590bd074b49a","status":200,"timestamp":"2026-07-17 00:59:44","url":"/api/v1/maintenance?page=1&limit=100","userId":1}
{"duration":"1120ms","ip":"::1","label":"HTTP","level":"info","message":"HTTP GET /api/v1/maintenance/dashboard-kpis - 403 [1120ms]","method":"GET","requestId":"147cf709-1536-4273-8d87-0eda12698d8a","status":403,"timestamp":"2026-07-17 00:59:45","url":"/api/v1/maintenance/dashboard-kpis","userId":1}
{"duration":"1968ms","ip":"::1","label":"HTTP","level":"info","message":"HTTP GET /api/v1/maintenance?page=1&limit=100 - 200 [1968ms]","method":"GET","requestId":"56561edd-0bad-4f00-8a7b-72f3ef3f397b","status":200,"timestamp":"2026-07-17 00:59:46","url":"/api/v1/maintenance?page=1&limit=100","userId":1}
{"duration":"583ms","ip":"::1","label":"HTTP","level":"info","message":"HTTP GET /api/v1/maintenance/dashboard-kpis - 403 [583ms]","method":"GET","requestId":"21b2e150-2e9d-4c96-94f3-ecdcad285541","status":403,"timestamp":"2026-07-17 01:00:12","url":"/api/v1/maintenance/dashboard-kpis","userId":1}
{"duration":"1159ms","ip":"::1","label":"HTTP","level":"info","message":"HTTP GET /api/v1/maintenance?page=1&limit=100 - 200 [1159ms]","method":"GET","requestId":"a877c199-c9de-4e51-ad8b-258a814bd373","status":200,"timestamp":"2026-07-17 01:00:12","url":"/api/v1/maintenance?page=1&limit=100","userId":1}
{"duration":"1199ms","ip":"::1","label":"HTTP","level":"info","message":"HTTP GET /api/v1/trips?page=1&limit=10&search= - 200 [1199ms]","method":"GET","requestId":"fdd79b29-8192-417f-8405-cd048a88b469","status":200,"timestamp":"2026-07-17 01:00:27","url":"/api/v1/trips?page=1&limit=10&search=","userId":1}
{"duration":"1161ms","ip":"::1","label":"HTTP","level":"info","message":"HTTP GET /api/v1/drivers?page=1&limit=10&search=&includeDeleted=false - 200 [1161ms]","method":"GET","requestId":"27eff909-4213-4a35-92bd-090c2e438e4f","status":200,"timestamp":"2026-07-17 01:00:31","url":"/api/v1/drivers?page=1&limit=10&search=&includeDeleted=false","userId":1}
{"duration":"3909ms","ip":"::1","label":"HTTP","level":"info","message":"HTTP GET /api/v1/dashboard - 200 [3909ms]","method":"GET","requestId":"ff13deca-b065-4644-96f6-437b67e4ee1e","status":200,"timestamp":"2026-07-17 01:00:40","url":"/api/v1/dashboard","userId":1}
{"duration":"4919ms","ip":"::1","label":"HTTP","level":"info","message":"HTTP GET /api/v1/dashboard - 200 [4919ms]","method":"GET","requestId":"29a61ad5-8668-4a3f-aa30-c19b6d6b265f","status":200,"timestamp":"2026-07-17 01:00:45","url":"/api/v1/dashboard","userId":1}
{"duration":"1129ms","ip":"::1","label":"HTTP","level":"info","message":"HTTP GET /api/v1/vehicles?page=1&limit=10&search=&includeDeleted=false - 200 [1129ms]","method":"GET","requestId":"76ee0ad3-da1c-4213-be45-654f57221e31","status":200,"timestamp":"2026-07-17 01:01:42","url":"/api/v1/vehicles?page=1&limit=10&search=&includeDeleted=false","userId":1}
{"duration":"3ms","ip":"::1","label":"HTTP","level":"info","message":"HTTP GET /api/v1/drivers?page=1&limit=10&search=&includeDeleted=false - 401 [3ms]","method":"GET","requestId":"d2256074-a768-468b-9899-1e4d9fab989c","status":401,"timestamp":"2026-07-17 01:03:10","url":"/api/v1/drivers?page=1&limit=10&search=&includeDeleted=false","userId":null}
{"duration":"529ms","ip":"::1","label":"HTTP","level":"info","message":"HTTP POST /api/v1/auth/refresh - 200 [529ms]","method":"POST","requestId":"283bcc44-748f-4554-880d-f138df8e2769","status":200,"timestamp":"2026-07-17 01:03:10","url":"/api/v1/auth/refresh","userId":null}
{"duration":"1047ms","ip":"::1","label":"HTTP","level":"info","message":"HTTP GET /api/v1/drivers?page=1&limit=10&search=&includeDeleted=false - 200 [1047ms]","method":"GET","requestId":"0314e427-f999-47fc-aa25-f2edb67eb870","status":200,"timestamp":"2026-07-17 01:03:11","url":"/api/v1/drivers?page=1&limit=10&search=&includeDeleted=false","userId":1}
{"duration":"2611ms","ip":"::1","label":"HTTP","level":"info","message":"HTTP GET /api/v1/dashboard - 200 [2611ms]","method":"GET","requestId":"2d40e71d-a2a4-4629-bed5-e64ee1f44143","status":200,"timestamp":"2026-07-17 01:03:53","url":"/api/v1/dashboard","userId":1}
{"duration":"2632ms","ip":"::1","label":"HTTP","level":"info","message":"HTTP GET /api/v1/dashboard - 200 [2632ms]","method":"GET","requestId":"d94c346d-db2e-4250-baac-653565576407","status":200,"timestamp":"2026-07-17 01:03:55","url":"/api/v1/dashboard","userId":1}
{"duration":"1050ms","ip":"::1","label":"HTTP","level":"info","message":"HTTP GET /api/v1/drivers?page=1&limit=10&search=&includeDeleted=false - 200 [1050ms]","method":"GET","requestId":"84376229-b4d1-41a1-9204-f3de09362180","status":200,"timestamp":"2026-07-17 01:03:57","url":"/api/v1/drivers?page=1&limit=10&search=&includeDeleted=false","userId":1}
{"duration":"1072ms","ip":"::1","label":"HTTP","level":"info","message":"HTTP GET /api/v1/drivers?page=1&limit=10&search=&includeDeleted=false - 200 [1072ms]","method":"GET","requestId":"4df5f698-70ba-4fa0-943d-8cdfe4121c70","status":200,"timestamp":"2026-07-17 01:04:19","url":"/api/v1/drivers?page=1&limit=10&search=&includeDeleted=false","userId":1}
{"duration":"1072ms","ip":"::1","label":"HTTP","level":"info","message":"HTTP GET /api/v1/trips?page=1&limit=10&search= - 200 [1072ms]","method":"GET","requestId":"25031c04-c5a1-4f00-8495-47f1fc8df3ac","status":200,"timestamp":"2026-07-17 01:04:20","url":"/api/v1/trips?page=1&limit=10&search=","userId":1}
{"duration":"810ms","ip":"::1","label":"HTTP","level":"info","message":"HTTP GET /api/v1/trips/41 - 200 [810ms]","method":"GET","requestId":"a9def81e-71d1-4443-9742-fa20b02820d1","status":200,"timestamp":"2026-07-17 01:05:04","url":"/api/v1/trips/41","userId":1}
{"duration":"788ms","ip":"::1","label":"HTTP","level":"info","message":"HTTP GET /api/v1/vehicles/1 - 200 [788ms]","method":"GET","requestId":"c25c03e0-4039-4d51-861c-a91468f2f9ad","status":200,"timestamp":"2026-07-17 01:05:05","url":"/api/v1/vehicles/1","userId":1}
{"duration":"803ms","ip":"::1","label":"HTTP","level":"info","message":"HTTP GET /api/v1/trips/41 - 200 [803ms]","method":"GET","requestId":"60570f85-e8f3-4210-97a0-ac321b136be5","status":200,"timestamp":"2026-07-17 01:05:05","url":"/api/v1/trips/41","userId":1}
{"duration":"810ms","ip":"::1","label":"HTTP","level":"info","message":"HTTP GET /api/v1/drivers/3 - 200 [810ms]","method":"GET","requestId":"d66ed32d-c803-4ec8-85e6-55c2a6fa901f","status":200,"timestamp":"2026-07-17 01:05:05","url":"/api/v1/drivers/3","userId":1}
{"duration":"781ms","ip":"::1","label":"HTTP","level":"info","message":"HTTP GET /api/v1/drivers/3 - 200 [781ms]","method":"GET","requestId":"b32e5637-b113-4ced-aab1-e30ab4a89ef9","status":200,"timestamp":"2026-07-17 01:05:05","url":"/api/v1/drivers/3","userId":1}
{"duration":"813ms","ip":"::1","label":"HTTP","level":"info","message":"HTTP GET /api/v1/vehicles/1 - 200 [813ms]","method":"GET","requestId":"b738bb94-9988-4574-a474-ac4d4de44aa6","status":200,"timestamp":"2026-07-17 01:05:05","url":"/api/v1/vehicles/1","userId":1}
{"duration":"1065ms","ip":"::1","label":"HTTP","level":"info","message":"HTTP GET /api/v1/drivers?page=1&limit=10&search=&includeDeleted=false - 200 [1065ms]","method":"GET","requestId":"82f4f846-ae55-45dd-a1c3-fef50c8e8070","status":200,"timestamp":"2026-07-17 01:06:16","url":"/api/v1/drivers?page=1&limit=10&search=&includeDeleted=false","userId":1}
{"duration":"1074ms","ip":"::1","label":"HTTP","level":"info","message":"HTTP GET /api/v1/trips?page=1&limit=10&search= - 200 [1074ms]","method":"GET","requestId":"05b7fb73-c744-480b-b43a-20b7d841d98f","status":200,"timestamp":"2026-07-17 01:07:08","url":"/api/v1/trips?page=1&limit=10&search=","userId":1}
{"duration":"815ms","ip":"::1","label":"HTTP","level":"info","message":"HTTP GET /api/v1/trips/41 - 200 [815ms]","method":"GET","requestId":"8d2cdc71-c181-453b-801a-80a7c12020ed","status":200,"timestamp":"2026-07-17 01:07:14","url":"/api/v1/trips/41","userId":1}
{"duration":"789ms","ip":"::1","label":"HTTP","level":"info","message":"HTTP GET /api/v1/trips/41 - 200 [789ms]","method":"GET","requestId":"96504e62-8d46-4e81-b33f-b390469be050","status":200,"timestamp":"2026-07-17 01:07:15","url":"/api/v1/trips/41","userId":1}
{"duration":"801ms","ip":"::1","label":"HTTP","level":"info","message":"HTTP GET /api/v1/vehicles/1 - 200 [801ms]","method":"GET","requestId":"9188aa60-e89d-4407-b9a8-7020f897be80","status":200,"timestamp":"2026-07-17 01:07:15","url":"/api/v1/vehicles/1","userId":1}
{"duration":"802ms","ip":"::1","label":"HTTP","level":"info","message":"HTTP GET /api/v1/drivers/3 - 200 [802ms]","method":"GET","requestId":"4348c1f2-8b2d-4ca7-abfd-7309b1e2c0ec","status":200,"timestamp":"2026-07-17 01:07:15","url":"/api/v1/drivers/3","userId":1}
{"duration":"777ms","ip":"::1","label":"HTTP","level":"info","message":"HTTP GET /api/v1/drivers/3 - 200 [777ms]","method":"GET","requestId":"6117cbab-aed5-40a3-a4d2-b1eed3efc485","status":200,"timestamp":"2026-07-17 01:07:16","url":"/api/v1/drivers/3","userId":1}
{"duration":"808ms","ip":"::1","label":"HTTP","level":"info","message":"HTTP GET /api/v1/vehicles/1 - 200 [808ms]","method":"GET","requestId":"32bef987-5f41-43c6-a3e5-679249e23d6b","status":200,"timestamp":"2026-07-17 01:07:16","url":"/api/v1/vehicles/1","userId":1}
{"duration":"542ms","ip":"::1","label":"HTTP","level":"info","message":"HTTP GET /api/v1/maintenance/dashboard-kpis - 403 [542ms]","method":"GET","requestId":"ac1da2b5-5d66-47a3-8b95-338c19febac6","status":403,"timestamp":"2026-07-17 01:07:18","url":"/api/v1/maintenance/dashboard-kpis","userId":1}
{"duration":"1045ms","ip":"::1","label":"HTTP","level":"info","message":"HTTP GET /api/v1/maintenance?page=1&limit=100 - 200 [1045ms]","method":"GET","requestId":"165f744b-8e5e-43c7-ad0a-c62fbc8b2b13","status":200,"timestamp":"2026-07-17 01:07:19","url":"/api/v1/maintenance?page=1&limit=100","userId":1}
{"duration":"888ms","ip":"::1","label":"HTTP","level":"info","message":"HTTP GET /api/v1/maintenance/dashboard-kpis - 403 [888ms]","method":"GET","requestId":"57b2e3c2-9fb5-4b5a-9ec8-74b674e3eb31","status":403,"timestamp":"2026-07-17 01:07:19","url":"/api/v1/maintenance/dashboard-kpis","userId":1}
{"duration":"1065ms","ip":"::1","label":"HTTP","level":"info","message":"HTTP GET /api/v1/maintenance?page=1&limit=100 - 200 [1065ms]","method":"GET","requestId":"f986d095-04d0-48d8-b27c-a0a77d9a5e2f","status":200,"timestamp":"2026-07-17 01:07:20","url":"/api/v1/maintenance?page=1&limit=100","userId":1}
{"duration":"1110ms","ip":"::1","label":"HTTP","level":"info","message":"HTTP GET /api/v1/fuel - 200 [1110ms]","method":"GET","requestId":"1aac6141-6e0a-4ee3-a859-2ee17c1a407a","status":200,"timestamp":"2026-07-17 01:07:22","url":"/api/v1/fuel","userId":1}
{"duration":"839ms","ip":"::1","label":"HTTP","level":"info","message":"HTTP GET /api/v1/fuel - 200 [839ms]","method":"GET","requestId":"2ab19680-af2c-4729-b32c-b7b12e4a712b","status":200,"timestamp":"2026-07-17 01:07:23","url":"/api/v1/fuel","userId":1}
{"duration":"535ms","ip":"::1","label":"HTTP","level":"info","message":"HTTP GET /api/v1/auth/me - 200 [535ms]","method":"GET","requestId":"1b4bae78-fc91-47df-ba22-9a8a7f208bf4","status":200,"timestamp":"2026-07-17 01:09:26","url":"/api/v1/auth/me","userId":1}
{"duration":"536ms","ip":"::1","label":"HTTP","level":"info","message":"HTTP GET /api/v1/auth/me - 200 [536ms]","method":"GET","requestId":"9df1a1c8-9535-4488-b112-6dddee888e9b","status":200,"timestamp":"2026-07-17 01:09:26","url":"/api/v1/auth/me","userId":1}
{"duration":"806ms","ip":"::1","label":"HTTP","level":"info","message":"HTTP GET /api/v1/fuel - 200 [806ms]","method":"GET","requestId":"cf6a47fa-e08d-4c0b-b9f2-afe960942a7f","status":200,"timestamp":"2026-07-17 01:09:27","url":"/api/v1/fuel","userId":1}
{"duration":"811ms","ip":"::1","label":"HTTP","level":"info","message":"HTTP GET /api/v1/fuel - 200 [811ms]","method":"GET","requestId":"4cb0ea0a-52cd-491b-8d93-75492fd826f4","status":200,"timestamp":"2026-07-17 01:09:28","url":"/api/v1/fuel","userId":1}
{"duration":"570ms","ip":"::1","label":"HTTP","level":"info","message":"HTTP GET /api/v1/maintenance/dashboard-kpis - 403 [570ms]","method":"GET","requestId":"29794a96-ec1c-4fb0-81c9-d2c5b15e6187","status":403,"timestamp":"2026-07-17 01:09:39","url":"/api/v1/maintenance/dashboard-kpis","userId":1}
{"duration":"1102ms","ip":"::1","label":"HTTP","level":"info","message":"HTTP GET /api/v1/maintenance?page=1&limit=100 - 200 [1102ms]","method":"GET","requestId":"e15cf17c-b39d-47d6-88f0-a75f5e2fa070","status":200,"timestamp":"2026-07-17 01:09:40","url":"/api/v1/maintenance?page=1&limit=100","userId":1}
{"duration":"542ms","ip":"::1","label":"HTTP","level":"info","message":"HTTP GET /api/v1/maintenance/dashboard-kpis - 403 [542ms]","method":"GET","requestId":"089791a8-df98-43e1-89f0-895656e5a1b1","status":403,"timestamp":"2026-07-17 01:09:40","url":"/api/v1/maintenance/dashboard-kpis","userId":1}
{"duration":"1083ms","ip":"::1","label":"HTTP","level":"info","message":"HTTP GET /api/v1/maintenance?page=1&limit=100 - 200 [1083ms]","method":"GET","requestId":"e4f6deb1-5800-4420-b9f0-4903acc0ca0b","status":200,"timestamp":"2026-07-17 01:09:41","url":"/api/v1/maintenance?page=1&limit=100","userId":1}
{"duration":"1087ms","ip":"::1","label":"HTTP","level":"info","message":"HTTP GET /api/v1/trips?page=1&limit=10&search= - 200 [1087ms]","method":"GET","requestId":"f283b48d-a68e-41aa-bd28-e78f3642db7a","status":200,"timestamp":"2026-07-17 01:09:43","url":"/api/v1/trips?page=1&limit=10&search=","userId":1}
{"duration":"806ms","ip":"::1","label":"HTTP","level":"info","message":"HTTP GET /api/v1/trips/41 - 200 [806ms]","method":"GET","requestId":"b21cf8ec-5902-48ea-982b-7726f84b7676","status":200,"timestamp":"2026-07-17 01:09:49","url":"/api/v1/trips/41","userId":1}
{"duration":"801ms","ip":"::1","label":"HTTP","level":"info","message":"HTTP GET /api/v1/trips/41 - 200 [801ms]","method":"GET","requestId":"4178b167-f172-4a75-8bb8-e2a1589b133c","status":200,"timestamp":"2026-07-17 01:09:50","url":"/api/v1/trips/41","userId":1}
{"duration":"811ms","ip":"::1","label":"HTTP","level":"info","message":"HTTP GET /api/v1/vehicles/1 - 200 [811ms]","method":"GET","requestId":"25371d19-290c-4719-a5ea-19d362c2193e","status":200,"timestamp":"2026-07-17 01:09:50","url":"/api/v1/vehicles/1","userId":1}
{"duration":"826ms","ip":"::1","label":"HTTP","level":"info","message":"HTTP GET /api/v1/drivers/3 - 200 [826ms]","method":"GET","requestId":"042d1c60-634f-4dd1-ad38-a742aa916908","status":200,"timestamp":"2026-07-17 01:09:50","url":"/api/v1/drivers/3","userId":1}
{"duration":"801ms","ip":"::1","label":"HTTP","level":"info","message":"HTTP GET /api/v1/vehicles/1 - 200 [801ms]","method":"GET","requestId":"4b671d3f-9816-4d36-a420-5e0f1d66ace7","status":200,"timestamp":"2026-07-17 01:09:51","url":"/api/v1/vehicles/1","userId":1}
{"duration":"836ms","ip":"::1","label":"HTTP","level":"info","message":"HTTP GET /api/v1/drivers/3 - 200 [836ms]","method":"GET","requestId":"3a5e4e51-9f20-4e55-ace6-a3035ff4a302","status":200,"timestamp":"2026-07-17 01:09:51","url":"/api/v1/drivers/3","userId":1}
{"duration":"548ms","ip":"::1","label":"HTTP","level":"info","message":"HTTP GET /api/v1/maintenance/dashboard-kpis - 403 [548ms]","method":"GET","requestId":"1dbf3447-6b95-45d1-ab71-ddd518eb0a08","status":403,"timestamp":"2026-07-17 01:10:04","url":"/api/v1/maintenance/dashboard-kpis","userId":1}
{"duration":"538ms","ip":"::1","label":"HTTP","level":"info","message":"HTTP GET /api/v1/maintenance/dashboard-kpis - 403 [538ms]","method":"GET","requestId":"6de37ba2-714d-4a1e-9b6a-4f889d905c0a","status":403,"timestamp":"2026-07-17 01:10:05","url":"/api/v1/maintenance/dashboard-kpis","userId":1}
{"duration":"1108ms","ip":"::1","label":"HTTP","level":"info","message":"HTTP GET /api/v1/maintenance?page=1&limit=100 - 200 [1108ms]","method":"GET","requestId":"560acd84-6379-4d02-b0fa-28c755698e0e","status":200,"timestamp":"2026-07-17 01:10:05","url":"/api/v1/maintenance?page=1&limit=100","userId":1}
{"duration":"1108ms","ip":"::1","label":"HTTP","level":"info","message":"HTTP GET /api/v1/maintenance?page=1&limit=100 - 200 [1108ms]","method":"GET","requestId":"9b2bd5f9-fe2c-4ece-8aaf-385ba6428c0f","status":200,"timestamp":"2026-07-17 01:10:06","url":"/api/v1/maintenance?page=1&limit=100","userId":1}
{"duration":"1104ms","ip":"::1","label":"HTTP","level":"info","message":"HTTP GET /api/v1/trips?page=1&limit=10&search= - 200 [1104ms]","method":"GET","requestId":"db0a6005-3897-4408-a483-267ac2452dcd","status":200,"timestamp":"2026-07-17 01:10:07","url":"/api/v1/trips?page=1&limit=10&search=","userId":1}
{"duration":"1064ms","ip":"::1","label":"HTTP","level":"info","message":"HTTP GET /api/v1/drivers - 200 [1064ms]","method":"GET","requestId":"a5087365-0633-40e4-b1b9-3af3eb6b8829","status":200,"timestamp":"2026-07-17 01:10:08","url":"/api/v1/drivers","userId":1}
{"duration":"1086ms","ip":"::1","label":"HTTP","level":"info","message":"HTTP GET /api/v1/vehicles - 200 [1086ms]","method":"GET","requestId":"81484fe3-2ee8-458f-bbcf-4f72634d8eb9","status":200,"timestamp":"2026-07-17 01:10:08","url":"/api/v1/vehicles","userId":1}
{"duration":"1064ms","ip":"::1","label":"HTTP","level":"info","message":"HTTP GET /api/v1/drivers - 200 [1064ms]","method":"GET","requestId":"b08e9c60-144a-450a-bf9b-807127b34f86","status":200,"timestamp":"2026-07-17 01:10:09","url":"/api/v1/drivers","userId":1}
{"duration":"1120ms","ip":"::1","label":"HTTP","level":"info","message":"HTTP GET /api/v1/vehicles - 200 [1120ms]","method":"GET","requestId":"e1ba2f71-df34-4f6e-83d1-8d88ceb10cf5","status":200,"timestamp":"2026-07-17 01:10:09","url":"/api/v1/vehicles","userId":1}
{"duration":"2257ms","ip":"::1","label":"HTTP","level":"info","message":"HTTP GET /api/v1/routes - 200 [2257ms]","method":"GET","requestId":"df0f545b-2138-4ab9-80ee-01b5dc5d703a","status":200,"timestamp":"2026-07-17 01:10:10","url":"/api/v1/routes","userId":1}
{"duration":"1093ms","ip":"::1","label":"HTTP","level":"info","message":"HTTP GET /api/v1/routes - 200 [1093ms]","method":"GET","requestId":"bd1f6ffe-f0bd-4316-a204-9e4552517159","status":200,"timestamp":"2026-07-17 01:10:11","url":"/api/v1/routes","userId":1}
{"duration":"576ms","ip":"::1","label":"HTTP","level":"info","message":"HTTP GET /api/v1/maintenance/dashboard-kpis - 403 [576ms]","method":"GET","requestId":"47c6c4bd-91e4-4c78-998a-e7325c86fdf2","status":403,"timestamp":"2026-07-17 01:14:43","url":"/api/v1/maintenance/dashboard-kpis","userId":1}
{"duration":"1410ms","ip":"::1","label":"HTTP","level":"info","message":"HTTP GET /api/v1/maintenance?page=1&limit=100 - 200 [1410ms]","method":"GET","requestId":"c63a98f2-7ed7-44c1-b8d7-fa2b2ce6cb03","status":200,"timestamp":"2026-07-17 01:14:44","url":"/api/v1/maintenance?page=1&limit=100","userId":1}
{"duration":"579ms","ip":"::1","label":"HTTP","level":"info","message":"HTTP GET /api/v1/maintenance/dashboard-kpis - 403 [579ms]","method":"GET","requestId":"93d6cc68-8cb2-4d74-a1af-3278697b4c72","status":403,"timestamp":"2026-07-17 01:14:44","url":"/api/v1/maintenance/dashboard-kpis","userId":1}
{"duration":"1135ms","ip":"::1","label":"HTTP","level":"info","message":"HTTP GET /api/v1/maintenance?page=1&limit=100 - 200 [1135ms]","method":"GET","requestId":"9062eed9-f7a1-43da-9f59-9cab9111fb20","status":200,"timestamp":"2026-07-17 01:14:45","url":"/api/v1/maintenance?page=1&limit=100","userId":1}
{"duration":"1266ms","ip":"::1","label":"HTTP","level":"info","message":"HTTP POST /api/v1/auth/login - 200 [1266ms]","method":"POST","requestId":"c655443b-7f98-4d8c-ba74-97655fee9208","status":200,"timestamp":"2026-07-17 01:29:28","url":"/api/v1/auth/login","userId":null}
{"duration":"651ms","ip":"::1","label":"HTTP","level":"info","message":"HTTP GET /api/v1/auth/me - 200 [651ms]","method":"GET","requestId":"4ec798d9-1bc8-41f0-8bd5-37f546f1af0c","status":200,"timestamp":"2026-07-17 01:29:28","url":"/api/v1/auth/me","userId":1}
{"duration":"3206ms","ip":"::1","label":"HTTP","level":"info","message":"HTTP GET /api/v1/dashboard - 200 [3206ms]","method":"GET","requestId":"5b59f628-664f-4c46-924d-41802ad563e0","status":200,"timestamp":"2026-07-17 01:29:32","url":"/api/v1/dashboard","userId":1}
{"duration":"3098ms","ip":"::1","label":"HTTP","level":"info","message":"HTTP GET /api/v1/dashboard - 200 [3098ms]","method":"GET","requestId":"7d0c51b0-d1b9-4497-a204-8c16c38b289d","status":200,"timestamp":"2026-07-17 01:29:35","url":"/api/v1/dashboard","userId":1}
{"duration":"1273ms","ip":"::1","label":"HTTP","level":"info","message":"HTTP GET /api/v1/maintenance?page=1&limit=100 - 200 [1273ms]","method":"GET","requestId":"59ff06a0-c65b-47f7-b592-8b3c75b31f41","status":200,"timestamp":"2026-07-17 01:30:20","url":"/api/v1/maintenance?page=1&limit=100","userId":1}
{"duration":"1500ms","ip":"::1","label":"HTTP","level":"info","message":"HTTP GET /api/v1/maintenance/dashboard-kpis - 403 [1500ms]","method":"GET","requestId":"a10ae894-a54a-421d-ba3c-891835ea327e","status":403,"timestamp":"2026-07-17 01:30:21","url":"/api/v1/maintenance/dashboard-kpis","userId":1}
{"duration":"537ms","ip":"::1","label":"HTTP","level":"info","message":"HTTP GET /api/v1/maintenance/dashboard-kpis - 403 [537ms]","method":"GET","requestId":"b63edd82-fb7f-42a3-815d-b36be0a372c7","status":403,"timestamp":"2026-07-17 01:30:21","url":"/api/v1/maintenance/dashboard-kpis","userId":1}
{"duration":"1218ms","ip":"::1","label":"HTTP","level":"info","message":"HTTP GET /api/v1/maintenance?page=1&limit=100 - 200 [1218ms]","method":"GET","requestId":"47289627-127e-4fd9-9bfc-9b10234e921f","status":200,"timestamp":"2026-07-17 01:30:22","url":"/api/v1/maintenance?page=1&limit=100","userId":1}
{"duration":"612ms","ip":"::1","label":"HTTP","level":"info","message":"HTTP GET /api/v1/maintenance/dashboard-kpis - 403 [612ms]","method":"GET","requestId":"90049694-89b2-4946-ba48-e58608fb24b1","status":403,"timestamp":"2026-07-17 01:30:23","url":"/api/v1/maintenance/dashboard-kpis","userId":1}
{"duration":"1539ms","ip":"::1","label":"HTTP","level":"info","message":"HTTP GET /api/v1/maintenance?page=1&limit=100 - 200 [1539ms]","method":"GET","requestId":"c9b8e164-f512-416b-9915-196f53c97522","status":200,"timestamp":"2026-07-17 01:30:24","url":"/api/v1/maintenance?page=1&limit=100","userId":1}
{"duration":"1369ms","ip":"::1","label":"HTTP","level":"info","message":"HTTP GET /api/v1/maintenance?page=1&limit=100 - 200 [1369ms]","method":"GET","requestId":"622b578d-4f7c-4403-a590-4ba34b4cd552","status":200,"timestamp":"2026-07-17 01:31:59","url":"/api/v1/maintenance?page=1&limit=100","userId":1}
{"duration":"1692ms","ip":"::1","label":"HTTP","level":"info","message":"HTTP GET /api/v1/maintenance/dashboard-kpis - 500 [1692ms]","method":"GET","requestId":"b196d9e5-f477-4996-b603-5a25f8c5ded7","status":500,"timestamp":"2026-07-17 01:31:59","url":"/api/v1/maintenance/dashboard-kpis","userId":1}
{"duration":"1275ms","ip":"::1","label":"HTTP","level":"info","message":"HTTP GET /api/v1/maintenance?page=1&limit=100 - 200 [1275ms]","method":"GET","requestId":"2368d19c-6ab9-4b48-8a50-87e3415ee2f4","status":200,"timestamp":"2026-07-17 01:33:27","url":"/api/v1/maintenance?page=1&limit=100","userId":1}
{"duration":"2182ms","ip":"::1","label":"HTTP","level":"info","message":"HTTP GET /api/v1/maintenance/dashboard-kpis - 200 [2182ms]","method":"GET","requestId":"c079655d-c1f8-4f58-ad78-dc95e977e15d","status":200,"timestamp":"2026-07-17 01:33:28","url":"/api/v1/maintenance/dashboard-kpis","userId":1}
{"duration":"1261ms","ip":"::1","label":"HTTP","level":"info","message":"HTTP GET /api/v1/vehicles - 200 [1261ms]","method":"GET","requestId":"0df5be10-7352-4a56-8a79-33ec59f98a85","status":200,"timestamp":"2026-07-17 01:33:55","url":"/api/v1/vehicles","userId":1}
{"duration":"1228ms","ip":"::1","label":"HTTP","level":"info","message":"HTTP GET /api/v1/vehicles - 200 [1228ms]","method":"GET","requestId":"4798f982-bb78-4716-9134-b7cf929239cc","status":200,"timestamp":"2026-07-17 01:33:57","url":"/api/v1/vehicles","userId":1}
{"duration":"1099ms","ip":"::1","label":"HTTP","level":"info","message":"HTTP GET /api/v1/maintenance/dashboard-kpis - 200 [1099ms]","method":"GET","requestId":"0cc04246-d332-4790-a911-72fff036c307","status":200,"timestamp":"2026-07-17 01:36:31","url":"/api/v1/maintenance/dashboard-kpis","userId":1}
{"duration":"1119ms","ip":"::1","label":"HTTP","level":"info","message":"HTTP GET /api/v1/maintenance?page=1&limit=100 - 200 [1119ms]","method":"GET","requestId":"cfb6ad9a-abe1-40fb-9260-4191adbc50fc","status":200,"timestamp":"2026-07-17 01:36:31","url":"/api/v1/maintenance?page=1&limit=100","userId":1}
{"duration":"1202ms","ip":"::1","label":"HTTP","level":"info","message":"HTTP GET /api/v1/maintenance/dashboard-kpis - 200 [1202ms]","method":"GET","requestId":"8060904c-e265-4f8d-998d-bf5b88aa855c","status":200,"timestamp":"2026-07-17 01:36:32","url":"/api/v1/maintenance/dashboard-kpis","userId":1}
{"duration":"1216ms","ip":"::1","label":"HTTP","level":"info","message":"HTTP GET /api/v1/maintenance?page=1&limit=100 - 200 [1216ms]","method":"GET","requestId":"6c79a031-f0ca-49a2-8813-c5d53da64e76","status":200,"timestamp":"2026-07-17 01:36:32","url":"/api/v1/maintenance?page=1&limit=100","userId":1}
{"duration":"1223ms","ip":"::1","label":"HTTP","level":"info","message":"HTTP GET /api/v1/vehicles - 200 [1223ms]","method":"GET","requestId":"c3575b5f-dcb1-48c5-b78b-22fe490eda58","status":200,"timestamp":"2026-07-17 01:37:30","url":"/api/v1/vehicles","userId":1}
{"duration":"1188ms","ip":"::1","label":"HTTP","level":"info","message":"HTTP GET /api/v1/vehicles - 200 [1188ms]","method":"GET","requestId":"7e2becda-f26d-4549-bd3c-b8cf669280e7","status":200,"timestamp":"2026-07-17 01:37:32","url":"/api/v1/vehicles","userId":1}
{"duration":"615ms","ip":"::1","label":"HTTP","level":"info","message":"HTTP POST /api/v1/maintenance - 400 [615ms]","method":"POST","requestId":"8576340b-8674-4aac-8928-efcd76bb8ee5","status":400,"timestamp":"2026-07-17 01:38:14","url":"/api/v1/maintenance","userId":1}
{"duration":"672ms","ip":"::1","label":"HTTP","level":"info","message":"HTTP POST /api/v1/maintenance - 400 [672ms]","method":"POST","requestId":"8d0f83e5-1e71-4884-908c-44548f0615f8","status":400,"timestamp":"2026-07-17 01:38:21","url":"/api/v1/maintenance","userId":1}
{"duration":"668ms","ip":"::1","label":"HTTP","level":"info","message":"HTTP POST /api/v1/maintenance - 400 [668ms]","method":"POST","requestId":"7613dc0f-58f7-4cbe-8aa7-f8c63bf1d668","status":400,"timestamp":"2026-07-17 01:38:35","url":"/api/v1/maintenance","userId":1}
{"duration":"650ms","ip":"::1","label":"HTTP","level":"info","message":"HTTP POST /api/v1/maintenance - 400 [650ms]","method":"POST","requestId":"f666a3b3-d83e-4f07-ae49-a89fd27c08a6","status":400,"timestamp":"2026-07-17 01:38:52","url":"/api/v1/maintenance","userId":1}
{"duration":"664ms","ip":"::1","label":"HTTP","level":"info","message":"HTTP POST /api/v1/maintenance - 400 [664ms]","method":"POST","requestId":"ad4b0283-653e-4da1-b632-b1782e7ddeb2","status":400,"timestamp":"2026-07-17 01:39:06","url":"/api/v1/maintenance","userId":1}
{"duration":"603ms","ip":"::1","label":"HTTP","level":"info","message":"HTTP POST /api/v1/maintenance - 400 [603ms]","method":"POST","requestId":"bd8caec4-57b1-47fa-8947-f867bfa34b31","status":400,"timestamp":"2026-07-17 01:39:30","url":"/api/v1/maintenance","userId":1}
{"duration":"651ms","ip":"::1","label":"HTTP","level":"info","message":"HTTP POST /api/v1/maintenance - 400 [651ms]","method":"POST","requestId":"17afaf67-d35b-409b-ad22-be5a3c4d081f","status":400,"timestamp":"2026-07-17 01:39:57","url":"/api/v1/maintenance","userId":1}
{"duration":"15ms","ip":"::1","label":"HTTP","level":"info","message":"HTTP POST /api/v1/maintenance - 401 [15ms]","method":"POST","requestId":"0fd28bb3-179a-449b-9ae0-a8089715fd7e","status":401,"timestamp":"2026-07-17 01:44:31","url":"/api/v1/maintenance","userId":null}
{"duration":"782ms","ip":"::1","label":"HTTP","level":"info","message":"HTTP POST /api/v1/auth/refresh - 200 [782ms]","method":"POST","requestId":"4e15bce8-87dd-4ce5-aba6-34bd6db98f34","status":200,"timestamp":"2026-07-17 01:44:32","url":"/api/v1/auth/refresh","userId":null}
{"duration":"2821ms","ip":"::1","label":"HTTP","level":"info","message":"HTTP POST /api/v1/maintenance - 201 [2821ms]","method":"POST","requestId":"e5107e6f-5866-4a79-a333-9f78bf60539f","status":201,"timestamp":"2026-07-17 01:44:35","url":"/api/v1/maintenance","userId":1}
{"duration":"1282ms","ip":"::1","label":"HTTP","level":"info","message":"HTTP GET /api/v1/maintenance?page=1&limit=100 - 200 [1282ms]","method":"GET","requestId":"985f35e0-b776-427b-859f-2a15c71c26a8","status":200,"timestamp":"2026-07-17 01:44:37","url":"/api/v1/maintenance?page=1&limit=100","userId":1}
{"duration":"2267ms","ip":"::1","label":"HTTP","level":"info","message":"HTTP GET /api/v1/maintenance/dashboard-kpis - 200 [2267ms]","method":"GET","requestId":"03b4e9da-cda8-4f82-b23b-3a9006eddf2e","status":200,"timestamp":"2026-07-17 01:44:38","url":"/api/v1/maintenance/dashboard-kpis","userId":1}
{"duration":"1197ms","ip":"::1","label":"HTTP","level":"info","message":"HTTP GET /api/v1/maintenance?page=1&limit=100 - 200 [1197ms]","method":"GET","requestId":"8a0ac880-f636-4c48-b0ee-ad6d668d5e12","status":200,"timestamp":"2026-07-17 01:44:38","url":"/api/v1/maintenance?page=1&limit=100","userId":1}
{"duration":"1176ms","ip":"::1","label":"HTTP","level":"info","message":"HTTP GET /api/v1/maintenance/dashboard-kpis - 200 [1176ms]","method":"GET","requestId":"fbca0fef-cae4-4c1c-97fb-1bc3ebc0f30a","status":200,"timestamp":"2026-07-17 01:44:39","url":"/api/v1/maintenance/dashboard-kpis","userId":1}
{"duration":"1182ms","ip":"::1","label":"HTTP","level":"info","message":"HTTP GET /api/v1/maintenance?page=1&limit=100 - 200 [1182ms]","method":"GET","requestId":"98b1b29e-fd15-428c-9d00-fa7e383f0cac","status":200,"timestamp":"2026-07-17 01:54:31","url":"/api/v1/maintenance?page=1&limit=100","userId":1}
{"duration":"2270ms","ip":"::1","label":"HTTP","level":"info","message":"HTTP GET /api/v1/maintenance/dashboard-kpis - 200 [2270ms]","method":"GET","requestId":"c59b458d-8c6c-47e1-9972-51c83632aa3c","status":200,"timestamp":"2026-07-17 01:54:32","url":"/api/v1/maintenance/dashboard-kpis","userId":1}
{"duration":"31ms","ip":"::1","label":"HTTP","level":"info","message":"HTTP GET /api/v1/maintenance?page=1&limit=100 - 401 [31ms]","method":"GET","requestId":"9795a6ff-3711-476d-b275-83bcd8be7703","status":401,"timestamp":"2026-07-17 02:23:02","url":"/api/v1/maintenance?page=1&limit=100","userId":null}
{"duration":"15ms","ip":"::1","label":"HTTP","level":"info","message":"HTTP GET /api/v1/maintenance/dashboard-kpis - 401 [15ms]","method":"GET","requestId":"379d57de-7650-42ec-8a1a-7e42ac51082c","status":401,"timestamp":"2026-07-17 02:23:02","url":"/api/v1/maintenance/dashboard-kpis","userId":null}
{"duration":"695ms","ip":"::1","label":"HTTP","level":"info","message":"HTTP POST /api/v1/auth/refresh - 200 [695ms]","method":"POST","requestId":"a74a8dc1-86da-44e5-aa45-0c63dddeacec","status":200,"timestamp":"2026-07-17 02:23:03","url":"/api/v1/auth/refresh","userId":null}
{"duration":"1285ms","ip":"::1","label":"HTTP","level":"info","message":"HTTP GET /api/v1/maintenance?page=1&limit=100 - 200 [1285ms]","method":"GET","requestId":"b180fec1-5a72-477e-900c-038538b5c641","status":200,"timestamp":"2026-07-17 02:23:04","url":"/api/v1/maintenance?page=1&limit=100","userId":1}
{"duration":"2221ms","ip":"::1","label":"HTTP","level":"info","message":"HTTP GET /api/v1/maintenance/dashboard-kpis - 200 [2221ms]","method":"GET","requestId":"a95c0875-b9a3-4110-8faf-539aa5e5fc4f","status":200,"timestamp":"2026-07-17 02:23:05","url":"/api/v1/maintenance/dashboard-kpis","userId":1}
{"duration":"1264ms","ip":"::1","label":"HTTP","level":"info","message":"HTTP GET /api/v1/maintenance/dashboard-kpis - 200 [1264ms]","method":"GET","requestId":"80abf10a-cb4c-41b5-a300-221dde042411","status":200,"timestamp":"2026-07-17 02:23:14","url":"/api/v1/maintenance/dashboard-kpis","userId":1}
{"duration":"1285ms","ip":"::1","label":"HTTP","level":"info","message":"HTTP GET /api/v1/maintenance?page=1&limit=100 - 200 [1285ms]","method":"GET","requestId":"aba0471b-a12f-4d19-ba24-d4dd0986486f","status":200,"timestamp":"2026-07-17 02:23:14","url":"/api/v1/maintenance?page=1&limit=100","userId":1}
{"duration":"1108ms","ip":"::1","label":"HTTP","level":"info","message":"HTTP GET /api/v1/maintenance/dashboard-kpis - 200 [1108ms]","method":"GET","requestId":"3e6cd1ab-3710-4f9e-9d09-b1eeafbc3333","status":200,"timestamp":"2026-07-17 02:23:28","url":"/api/v1/maintenance/dashboard-kpis","userId":1}
{"duration":"1121ms","ip":"::1","label":"HTTP","level":"info","message":"HTTP GET /api/v1/maintenance?page=1&limit=100 - 200 [1121ms]","method":"GET","requestId":"59d09322-508f-4a57-9129-0b12d4ec3f9f","status":200,"timestamp":"2026-07-17 02:23:28","url":"/api/v1/maintenance?page=1&limit=100","userId":1}
{"duration":"1174ms","ip":"::1","label":"HTTP","level":"info","message":"HTTP GET /api/v1/maintenance/dashboard-kpis - 200 [1174ms]","method":"GET","requestId":"614f440f-7dd4-474f-99a5-9b8d3787cc47","status":200,"timestamp":"2026-07-17 02:23:39","url":"/api/v1/maintenance/dashboard-kpis","userId":1}
{"duration":"1185ms","ip":"::1","label":"HTTP","level":"info","message":"HTTP GET /api/v1/maintenance?page=1&limit=100 - 200 [1185ms]","method":"GET","requestId":"d8bcd3fa-43f1-45e8-82c3-d3b67137b8ef","status":200,"timestamp":"2026-07-17 02:23:39","url":"/api/v1/maintenance?page=1&limit=100","userId":1}
{"duration":"26ms","ip":"::1","label":"HTTP","level":"info","message":"HTTP GET /api/v1/maintenance?page=1&limit=100 - 401 [26ms]","method":"GET","requestId":"6b48694c-e568-4c42-be54-27a4c6b423d0","status":401,"timestamp":"2026-07-17 02:53:23","url":"/api/v1/maintenance?page=1&limit=100","userId":null}
{"duration":"25ms","ip":"::1","label":"HTTP","level":"info","message":"HTTP GET /api/v1/maintenance/dashboard-kpis - 401 [25ms]","method":"GET","requestId":"3cd45a4e-439b-4356-a0bf-159a571bbac1","status":401,"timestamp":"2026-07-17 02:53:23","url":"/api/v1/maintenance/dashboard-kpis","userId":null}
{"duration":"687ms","ip":"::1","label":"HTTP","level":"info","message":"HTTP POST /api/v1/auth/refresh - 200 [687ms]","method":"POST","requestId":"358a082d-f517-4e2c-871d-c375e8e63bfa","status":200,"timestamp":"2026-07-17 02:53:24","url":"/api/v1/auth/refresh","userId":null}
{"duration":"1229ms","ip":"::1","label":"HTTP","level":"info","message":"HTTP GET /api/v1/maintenance?page=1&limit=100 - 200 [1229ms]","method":"GET","requestId":"a29d3a90-92da-4842-8c90-b1d09b38d387","status":200,"timestamp":"2026-07-17 02:53:25","url":"/api/v1/maintenance?page=1&limit=100","userId":1}
{"duration":"2204ms","ip":"::1","label":"HTTP","level":"info","message":"HTTP GET /api/v1/maintenance/dashboard-kpis - 200 [2204ms]","method":"GET","requestId":"a3d150cf-ec49-4101-a4d1-83e46104f72e","status":200,"timestamp":"2026-07-17 02:53:26","url":"/api/v1/maintenance/dashboard-kpis","userId":1}
{"duration":"856ms","ip":"::1","label":"HTTP","level":"info","message":"HTTP GET /api/v1/fuel - 200 [856ms]","method":"GET","requestId":"9cf378db-1fc9-4ea4-a431-a2f0c62e3e91","status":200,"timestamp":"2026-07-17 02:53:30","url":"/api/v1/fuel","userId":1}
{"duration":"851ms","ip":"::1","label":"HTTP","level":"info","message":"HTTP GET /api/v1/fuel - 200 [851ms]","method":"GET","requestId":"aad703b5-5cae-4b7d-b21b-541e35eece48","status":200,"timestamp":"2026-07-17 02:53:31","url":"/api/v1/fuel","userId":1}
{"duration":"2558ms","ip":"::1","label":"HTTP","level":"info","message":"HTTP GET /api/v1/expenses/dashboard-kpis?dateRange=Last+30+Days - 200 [2558ms]","method":"GET","requestId":"33483bcc-2d89-4d63-9036-0a8ca4665bb5","status":200,"timestamp":"2026-07-17 02:53:44","url":"/api/v1/expenses/dashboard-kpis?dateRange=Last+30+Days","userId":1}
{"duration":"2621ms","ip":"::1","label":"HTTP","level":"info","message":"HTTP GET /api/v1/expenses/dashboard-kpis?dateRange=Last+30+Days - 200 [2621ms]","method":"GET","requestId":"3082c59a-7d66-48b3-bb7a-e03ff3ad4c89","status":200,"timestamp":"2026-07-17 02:53:47","url":"/api/v1/expenses/dashboard-kpis?dateRange=Last+30+Days","userId":1}
{"duration":"898ms","ip":"::1","label":"HTTP","level":"info","message":"HTTP GET /api/v1/fuel - 200 [898ms]","method":"GET","requestId":"36cea5fb-a62f-40d1-a8c5-abc36a63e144","status":200,"timestamp":"2026-07-17 02:53:50","url":"/api/v1/fuel","userId":1}
{"duration":"855ms","ip":"::1","label":"HTTP","level":"info","message":"HTTP GET /api/v1/fuel - 200 [855ms]","method":"GET","requestId":"07a3cdd4-fa5a-4639-8f69-f88a2793cb1a","status":200,"timestamp":"2026-07-17 02:53:51","url":"/api/v1/fuel","userId":1}
{"duration":"12ms","ip":"::1","label":"HTTP","level":"info","message":"HTTP GET /api/v1/auth/me - 401 [12ms]","method":"GET","requestId":"35d88d9b-11a8-4acb-856c-09c7a819700b","status":401,"timestamp":"2026-07-17 03:13:12","url":"/api/v1/auth/me","userId":null}
{"duration":"5ms","ip":"::1","label":"HTTP","level":"info","message":"HTTP GET /api/v1/auth/me - 401 [5ms]","method":"GET","requestId":"eef1a4a1-e51d-494e-ae87-e5f53c45aab2","status":401,"timestamp":"2026-07-17 03:13:12","url":"/api/v1/auth/me","userId":null}
{"duration":"1659ms","ip":"::1","label":"HTTP","level":"info","message":"HTTP POST /api/v1/auth/refresh - 200 [1659ms]","method":"POST","requestId":"b003b1b0-8b70-4e93-83c6-011d0bae14d2","status":200,"timestamp":"2026-07-17 03:13:14","url":"/api/v1/auth/refresh","userId":null}
{"duration":"591ms","ip":"::1","label":"HTTP","level":"info","message":"HTTP GET /api/v1/auth/me - 200 [591ms]","method":"GET","requestId":"7bfe644d-b048-4099-8c9f-2a4f80f1262a","status":200,"timestamp":"2026-07-17 03:13:14","url":"/api/v1/auth/me","userId":1}
{"duration":"599ms","ip":"::1","label":"HTTP","level":"info","message":"HTTP GET /api/v1/auth/me - 200 [599ms]","method":"GET","requestId":"700d8008-44a8-48fb-bfd6-fccd6e06a845","status":200,"timestamp":"2026-07-17 03:13:15","url":"/api/v1/auth/me","userId":1}
{"duration":"1882ms","ip":"::1","label":"HTTP","level":"info","message":"HTTP GET /api/v1/fuel - 200 [1882ms]","method":"GET","requestId":"7aaf5eb7-b32d-4fc8-8a3e-3756d48ae133","status":200,"timestamp":"2026-07-17 03:13:17","url":"/api/v1/fuel","userId":1}
{"duration":"882ms","ip":"::1","label":"HTTP","level":"info","message":"HTTP GET /api/v1/fuel - 200 [882ms]","method":"GET","requestId":"bda2f329-1d23-4433-af0e-8b9f27788114","status":200,"timestamp":"2026-07-17 03:13:18","url":"/api/v1/fuel","userId":1}
{"duration":"1789ms","ip":"::1","label":"HTTP","level":"info","message":"HTTP POST /api/v1/auth/login - 200 [1789ms]","method":"POST","requestId":"ef6d2b8e-ec76-4334-9afd-51181f2ea570","status":200,"timestamp":"2026-07-17 09:23:46","url":"/api/v1/auth/login","userId":null}
{"duration":"2605ms","ip":"::1","label":"HTTP","level":"info","message":"HTTP GET /api/v1/auth/me - 200 [2605ms]","method":"GET","requestId":"f664ef12-135b-4aec-8399-48bab734c9d2","status":200,"timestamp":"2026-07-17 09:23:48","url":"/api/v1/auth/me","userId":1}
{"duration":"5482ms","ip":"::1","label":"HTTP","level":"info","message":"HTTP GET /api/v1/dashboard - 200 [5482ms]","method":"GET","requestId":"b6ebfeaa-4fdf-4076-81e2-4a8a546c7c3b","status":200,"timestamp":"2026-07-17 09:23:54","url":"/api/v1/dashboard","userId":1}
{"duration":"1957ms","ip":"::1","label":"HTTP","level":"info","message":"HTTP GET /api/v1/vehicles?page=1&limit=10&search=&includeDeleted=false - 200 [1957ms]","method":"GET","requestId":"cc5caffb-5a3b-42a3-9121-13c923209713","status":200,"timestamp":"2026-07-17 09:24:02","url":"/api/v1/vehicles?page=1&limit=10&search=&includeDeleted=false","userId":1}
{"duration":"1596ms","ip":"::1","label":"HTTP","level":"info","message":"HTTP GET /api/v1/drivers?page=1&limit=10&search=&includeDeleted=false - 200 [1596ms]","method":"GET","requestId":"2ca32600-e0d9-4564-b495-18dfdc289450","status":200,"timestamp":"2026-07-17 09:25:12","url":"/api/v1/drivers?page=1&limit=10&search=&includeDeleted=false","userId":1}
{"duration":"1387ms","ip":"::1","label":"HTTP","level":"info","message":"HTTP GET /api/v1/trips?page=1&limit=10&search= - 200 [1387ms]","method":"GET","requestId":"f9c9ee4a-a321-4ba8-871c-16b9bcf88c97","status":200,"timestamp":"2026-07-17 09:25:27","url":"/api/v1/trips?page=1&limit=10&search=","userId":1}
{"duration":"1401ms","ip":"::1","label":"HTTP","level":"info","message":"HTTP GET /api/v1/drivers - 200 [1401ms]","method":"GET","requestId":"a3e18fff-e694-4585-94d0-ef2abbb02891","status":200,"timestamp":"2026-07-17 09:25:38","url":"/api/v1/drivers","userId":1}
{"duration":"1252ms","ip":"::1","label":"HTTP","level":"info","message":"HTTP GET /api/v1/drivers - 200 [1252ms]","method":"GET","requestId":"aa9c6329-2fd9-4483-a46a-ae459264da04","status":200,"timestamp":"2026-07-17 09:25:40","url":"/api/v1/drivers","userId":1}
{"duration":"2659ms","ip":"::1","label":"HTTP","level":"info","message":"HTTP GET /api/v1/routes - 200 [2659ms]","method":"GET","requestId":"833a487e-722a-4cf2-8a4a-e889baff07f0","status":200,"timestamp":"2026-07-17 09:25:40","url":"/api/v1/routes","userId":1}
{"duration":"2698ms","ip":"::1","label":"HTTP","level":"info","message":"HTTP GET /api/v1/vehicles - 200 [2698ms]","method":"GET","requestId":"8443d18b-6ee5-4d20-aab9-524f984bfd78","status":200,"timestamp":"2026-07-17 09:25:40","url":"/api/v1/vehicles","userId":1}
{"duration":"1249ms","ip":"::1","label":"HTTP","level":"info","message":"HTTP GET /api/v1/routes - 200 [1249ms]","method":"GET","requestId":"15e79f0b-f967-4378-b94e-cfe5bed558a4","status":200,"timestamp":"2026-07-17 09:25:41","url":"/api/v1/routes","userId":1}
{"duration":"1230ms","ip":"::1","label":"HTTP","level":"info","message":"HTTP GET /api/v1/vehicles - 200 [1230ms]","method":"GET","requestId":"ba4c0c4a-071b-4d4b-8846-b62389ef2b22","status":200,"timestamp":"2026-07-17 09:25:41","url":"/api/v1/vehicles","userId":1}
{"duration":"1442ms","ip":"::1","label":"HTTP","level":"info","message":"HTTP POST /api/v1/trips - 201 [1442ms]","method":"POST","requestId":"0f85aa6d-26c1-4eee-b87d-b97a92c5d953","status":201,"timestamp":"2026-07-17 09:26:21","url":"/api/v1/trips","userId":1}
{"duration":"1558ms","ip":"::1","label":"HTTP","level":"info","message":"HTTP GET /api/v1/trips?page=1&limit=10&search= - 200 [1558ms]","method":"GET","requestId":"4bb16816-9c19-4355-a23d-d699b56b3aa4","status":200,"timestamp":"2026-07-17 09:26:23","url":"/api/v1/trips?page=1&limit=10&search=","userId":1}
{"duration":"4911ms","ip":"::1","label":"HTTP","level":"info","message":"HTTP POST /api/v1/trips/42/dispatch - 200 [4911ms]","method":"POST","requestId":"1db10ce9-9ae8-4a29-8e69-37dc589b7100","status":200,"timestamp":"2026-07-17 09:26:58","url":"/api/v1/trips/42/dispatch","userId":1}
{"duration":"1196ms","ip":"::1","label":"HTTP","level":"info","message":"HTTP GET /api/v1/trips?page=1&limit=10&search= - 200 [1196ms]","method":"GET","requestId":"9b36685a-8026-4f7b-8d5a-cc3fdf0fb1d7","status":200,"timestamp":"2026-07-17 09:26:59","url":"/api/v1/trips?page=1&limit=10&search=","userId":1}
{"duration":"1334ms","ip":"::1","label":"HTTP","level":"info","message":"HTTP GET /api/v1/fuel - 200 [1334ms]","method":"GET","requestId":"abbaef5b-99cb-45a0-ba81-be11b5967bc2","status":200,"timestamp":"2026-07-17 09:27:55","url":"/api/v1/fuel","userId":1}
{"duration":"923ms","ip":"::1","label":"HTTP","level":"info","message":"HTTP GET /api/v1/fuel - 200 [923ms]","method":"GET","requestId":"c9b19952-a757-4eb3-9b5a-33efb98037e5","status":200,"timestamp":"2026-07-17 09:27:56","url":"/api/v1/fuel","userId":1}
{"duration":"1688ms","ip":"::1","label":"HTTP","level":"info","message":"HTTP GET /api/v1/maintenance/dashboard-kpis - 200 [1688ms]","method":"GET","requestId":"e7e91b18-b3ae-4783-b568-8bd735ccd397","status":200,"timestamp":"2026-07-17 09:28:09","url":"/api/v1/maintenance/dashboard-kpis","userId":1}
{"duration":"1758ms","ip":"::1","label":"HTTP","level":"info","message":"HTTP GET /api/v1/maintenance?page=1&limit=100 - 200 [1758ms]","method":"GET","requestId":"932629a0-2061-45cd-bd1c-cef9e69ad637","status":200,"timestamp":"2026-07-17 09:28:09","url":"/api/v1/maintenance?page=1&limit=100","userId":1}
{"duration":"1265ms","ip":"::1","label":"HTTP","level":"info","message":"HTTP GET /api/v1/maintenance/dashboard-kpis - 200 [1265ms]","method":"GET","requestId":"72dfc16c-04fa-4fed-b7f3-70da5cb1fd6f","status":200,"timestamp":"2026-07-17 09:28:10","url":"/api/v1/maintenance/dashboard-kpis","userId":1}
{"duration":"1247ms","ip":"::1","label":"HTTP","level":"info","message":"HTTP GET /api/v1/maintenance?page=1&limit=100 - 200 [1247ms]","method":"GET","requestId":"b9a8fff1-1b4e-4506-a7d9-551cabb0390e","status":200,"timestamp":"2026-07-17 09:28:10","url":"/api/v1/maintenance?page=1&limit=100","userId":1}
{"duration":"3744ms","ip":"::1","label":"HTTP","level":"info","message":"HTTP GET /api/v1/expenses/dashboard-kpis?dateRange=Last+30+Days - 200 [3744ms]","method":"GET","requestId":"0643e590-06de-4b94-87e7-0980b0b4dd9e","status":200,"timestamp":"2026-07-17 09:28:32","url":"/api/v1/expenses/dashboard-kpis?dateRange=Last+30+Days","userId":1}
{"duration":"3067ms","ip":"::1","label":"HTTP","level":"info","message":"HTTP GET /api/v1/expenses/dashboard-kpis?dateRange=Last+30+Days - 200 [3067ms]","method":"GET","requestId":"e0c2b4bd-f23a-4291-bce1-70fc54bf1515","status":200,"timestamp":"2026-07-17 09:28:36","url":"/api/v1/expenses/dashboard-kpis?dateRange=Last+30+Days","userId":1}
{"duration":"3284ms","ip":"::1","label":"HTTP","level":"info","message":"HTTP GET /api/v1/dashboard - 200 [3284ms]","method":"GET","requestId":"2a32e5ec-3636-4fb0-8748-0ce7ebbdb7ec","status":200,"timestamp":"2026-07-17 09:28:41","url":"/api/v1/dashboard","userId":1}
{"duration":"3072ms","ip":"::1","label":"HTTP","level":"info","message":"HTTP GET /api/v1/dashboard - 200 [3072ms]","method":"GET","requestId":"417897d9-ccfa-4cbc-b1cf-843979938638","status":200,"timestamp":"2026-07-17 09:28:44","url":"/api/v1/dashboard","userId":1}
{"duration":"1230ms","ip":"::1","label":"HTTP","level":"info","message":"HTTP GET /api/v1/vehicles?page=1&limit=10&search=&includeDeleted=false - 200 [1230ms]","method":"GET","requestId":"b89554a7-7944-44c8-89d9-8dc6a63647f0","status":200,"timestamp":"2026-07-17 09:29:23","url":"/api/v1/vehicles?page=1&limit=10&search=&includeDeleted=false","userId":1}
{"duration":"1844ms","ip":"::1","label":"HTTP","level":"info","message":"HTTP GET /api/v1/drivers?page=1&limit=10&search=&includeDeleted=false - 200 [1844ms]","method":"GET","requestId":"842cd133-4382-40a1-900c-775cfc673e07","status":200,"timestamp":"2026-07-17 09:30:54","url":"/api/v1/drivers?page=1&limit=10&search=&includeDeleted=false","userId":1}
{"duration":"1291ms","ip":"::1","label":"HTTP","level":"info","message":"HTTP GET /api/v1/vehicles?page=1&limit=10&search=&includeDeleted=false - 200 [1291ms]","method":"GET","requestId":"8b594207-4cb8-4923-9647-3fc6d6a6df8c","status":200,"timestamp":"2026-07-17 09:30:55","url":"/api/v1/vehicles?page=1&limit=10&search=&includeDeleted=false","userId":1}
{"duration":"1271ms","ip":"::1","label":"HTTP","level":"info","message":"HTTP GET /api/v1/drivers?page=1&limit=10&search=&includeDeleted=false - 200 [1271ms]","method":"GET","requestId":"f5294b21-eb66-4fe9-a62a-a1f63e94f509","status":200,"timestamp":"2026-07-17 09:31:22","url":"/api/v1/drivers?page=1&limit=10&search=&includeDeleted=false","userId":1}
{"duration":"1307ms","ip":"::1","label":"HTTP","level":"info","message":"HTTP GET /api/v1/trips?page=1&limit=10&search= - 200 [1307ms]","method":"GET","requestId":"6a48ebc2-3656-42fe-aeb9-ea3e565a036f","status":200,"timestamp":"2026-07-17 09:31:41","url":"/api/v1/trips?page=1&limit=10&search=","userId":1}
{"duration":"1166ms","ip":"::1","label":"HTTP","level":"info","message":"HTTP GET /api/v1/vehicles?page=1&limit=10&search=&includeDeleted=false - 200 [1166ms]","method":"GET","requestId":"99f6f4c9-3bf1-4cc3-90da-9c456f761150","status":200,"timestamp":"2026-07-17 09:33:55","url":"/api/v1/vehicles?page=1&limit=10&search=&includeDeleted=false","userId":1}
{"duration":"1218ms","ip":"::1","label":"HTTP","level":"info","message":"HTTP GET /api/v1/drivers?page=1&limit=10&search=&includeDeleted=false - 200 [1218ms]","method":"GET","requestId":"9670691c-2b2e-4884-a0c2-a2113521ba92","status":200,"timestamp":"2026-07-17 09:33:57","url":"/api/v1/drivers?page=1&limit=10&search=&includeDeleted=false","userId":1}
{"duration":"1252ms","ip":"::1","label":"HTTP","level":"info","message":"HTTP GET /api/v1/trips?page=1&limit=10&search= - 200 [1252ms]","method":"GET","requestId":"dee3ddbb-6b22-49a6-b9c8-9a1d6571f8b5","status":200,"timestamp":"2026-07-17 09:33:58","url":"/api/v1/trips?page=1&limit=10&search=","userId":1}
{"duration":"1298ms","ip":"::1","label":"HTTP","level":"info","message":"HTTP GET /api/v1/maintenance/dashboard-kpis - 200 [1298ms]","method":"GET","requestId":"b699d443-295d-4a10-a51b-7f3c3bfb3200","status":200,"timestamp":"2026-07-17 09:37:23","url":"/api/v1/maintenance/dashboard-kpis","userId":1}
{"duration":"1372ms","ip":"::1","label":"HTTP","level":"info","message":"HTTP GET /api/v1/maintenance?page=1&limit=100 - 200 [1372ms]","method":"GET","requestId":"3da2759e-c166-40a1-a75c-cdf704745487","status":200,"timestamp":"2026-07-17 09:37:23","url":"/api/v1/maintenance?page=1&limit=100","userId":1}
{"duration":"1227ms","ip":"::1","label":"HTTP","level":"info","message":"HTTP GET /api/v1/maintenance/dashboard-kpis - 200 [1227ms]","method":"GET","requestId":"0bcf4b45-9288-4ff2-a5d3-9de1321e186c","status":200,"timestamp":"2026-07-17 09:37:24","url":"/api/v1/maintenance/dashboard-kpis","userId":1}
{"duration":"1210ms","ip":"::1","label":"HTTP","level":"info","message":"HTTP GET /api/v1/maintenance?page=1&limit=100 - 200 [1210ms]","method":"GET","requestId":"a2fed704-593e-4e82-a362-88943d6b4a9e","status":200,"timestamp":"2026-07-17 09:37:24","url":"/api/v1/maintenance?page=1&limit=100","userId":1}
{"duration":"10ms","ip":"::1","label":"HTTP","level":"info","message":"HTTP GET /api/v1/vehicles?page=1&limit=10&search=&includeDeleted=false - 401 [10ms]","method":"GET","requestId":"891e2b60-41b0-44c5-9f56-64eb7dadbdc5","status":401,"timestamp":"2026-07-17 09:47:00","url":"/api/v1/vehicles?page=1&limit=10&search=&includeDeleted=false","userId":null}
{"duration":"598ms","ip":"::1","label":"HTTP","level":"info","message":"HTTP POST /api/v1/auth/refresh - 200 [598ms]","method":"POST","requestId":"54053c59-6eb4-4f54-b8b2-244e70095dea","status":200,"timestamp":"2026-07-17 09:47:00","url":"/api/v1/auth/refresh","userId":null}
{"duration":"1154ms","ip":"::1","label":"HTTP","level":"info","message":"HTTP GET /api/v1/vehicles?page=1&limit=10&search=&includeDeleted=false - 200 [1154ms]","method":"GET","requestId":"c382e811-7a31-45b8-9bd3-29379d5313a5","status":200,"timestamp":"2026-07-17 09:47:01","url":"/api/v1/vehicles?page=1&limit=10&search=&includeDeleted=false","userId":1}
{"duration":"1276ms","ip":"::1","label":"HTTP","level":"info","message":"HTTP GET /api/v1/trips?vehicle_id=1 - 200 [1276ms]","method":"GET","requestId":"a2b26e06-039a-4e9c-8033-6d6cf37ee610","status":200,"timestamp":"2026-07-17 09:47:14","url":"/api/v1/trips?vehicle_id=1","userId":1}
{"duration":"1287ms","ip":"::1","label":"HTTP","level":"info","message":"HTTP GET /api/v1/maintenance?vehicle_id=1 - 200 [1287ms]","method":"GET","requestId":"559b3882-39c6-4366-9afc-ac8c3a3534f0","status":200,"timestamp":"2026-07-17 09:47:14","url":"/api/v1/maintenance?vehicle_id=1","userId":1}
{"duration":"1975ms","ip":"::1","label":"HTTP","level":"info","message":"HTTP GET /api/v1/fuel?vehicle_id=1 - 200 [1975ms]","method":"GET","requestId":"d70c2125-cab4-4099-a02b-89d230b263d1","status":200,"timestamp":"2026-07-17 09:47:14","url":"/api/v1/fuel?vehicle_id=1","userId":1}
{"duration":"2102ms","ip":"::1","label":"HTTP","level":"info","message":"HTTP GET /api/v1/vehicles/1 - 200 [2102ms]","method":"GET","requestId":"11efbe98-a3c5-41f4-9220-ea320ad24e6f","status":200,"timestamp":"2026-07-17 09:47:14","url":"/api/v1/vehicles/1","userId":1}
{"duration":"2156ms","ip":"::1","label":"HTTP","level":"info","message":"HTTP GET /api/v1/expenses?vehicle_id=1 - 200 [2156ms]","method":"GET","requestId":"48c4ee6a-3ff2-4003-b920-593e86929848","status":200,"timestamp":"2026-07-17 09:47:14","url":"/api/v1/expenses?vehicle_id=1","userId":1}
{"duration":"1255ms","ip":"::1","label":"HTTP","level":"info","message":"HTTP GET /api/v1/trips?vehicle_id=1 - 200 [1255ms]","method":"GET","requestId":"a9f389ae-c418-4b2e-b48a-42d46bebbab8","status":200,"timestamp":"2026-07-17 09:47:15","url":"/api/v1/trips?vehicle_id=1","userId":1}
{"duration":"1252ms","ip":"::1","label":"HTTP","level":"info","message":"HTTP GET /api/v1/maintenance?vehicle_id=1 - 200 [1252ms]","method":"GET","requestId":"5fafb9c5-0d50-4e46-8c45-09dcc29a7438","status":200,"timestamp":"2026-07-17 09:47:15","url":"/api/v1/maintenance?vehicle_id=1","userId":1}
{"duration":"3526ms","ip":"::1","label":"HTTP","level":"info","message":"HTTP GET /api/v1/vehicles/1/maintenance-stats - 200 [3526ms]","method":"GET","requestId":"e9a5ff0f-2134-4d4b-9346-c17ad5ccb655","status":200,"timestamp":"2026-07-17 09:47:16","url":"/api/v1/vehicles/1/maintenance-stats","userId":1}
{"duration":"1567ms","ip":"::1","label":"HTTP","level":"info","message":"HTTP GET /api/v1/fuel?vehicle_id=1 - 200 [1567ms]","method":"GET","requestId":"0ab02994-7dc5-4dba-94cb-34aa75de4e43","status":200,"timestamp":"2026-07-17 09:47:16","url":"/api/v1/fuel?vehicle_id=1","userId":1}
{"duration":"1627ms","ip":"::1","label":"HTTP","level":"info","message":"HTTP GET /api/v1/expenses?vehicle_id=1 - 200 [1627ms]","method":"GET","requestId":"e84a85fb-98e2-4f68-a8ce-c7ec5a0e8f20","status":200,"timestamp":"2026-07-17 09:47:16","url":"/api/v1/expenses?vehicle_id=1","userId":1}
{"duration":"1749ms","ip":"::1","label":"HTTP","level":"info","message":"HTTP GET /api/v1/vehicles/1 - 200 [1749ms]","method":"GET","requestId":"9fe7d160-8c70-45ff-bdad-9232ae0ba2da","status":200,"timestamp":"2026-07-17 09:47:16","url":"/api/v1/vehicles/1","userId":1}
{"duration":"2618ms","ip":"::1","label":"HTTP","level":"info","message":"HTTP GET /api/v1/vehicles/1/maintenance-stats - 200 [2618ms]","method":"GET","requestId":"9428366f-8870-4a94-9efd-b60ca9324b03","status":200,"timestamp":"2026-07-17 09:47:18","url":"/api/v1/vehicles/1/maintenance-stats","userId":1}
{"duration":"649ms","ip":"::1","label":"HTTP","level":"info","message":"HTTP GET /api/v1/auth/me - 200 [649ms]","method":"GET","requestId":"6468a4a0-4bc1-444b-b457-8d838f1ead8e","status":200,"timestamp":"2026-07-17 09:47:45","url":"/api/v1/auth/me","userId":1}
{"duration":"599ms","ip":"::1","label":"HTTP","level":"info","message":"HTTP GET /api/v1/auth/me - 200 [599ms]","method":"GET","requestId":"8dceda22-6af1-4453-bebb-f1792fd416e5","status":200,"timestamp":"2026-07-17 09:47:45","url":"/api/v1/auth/me","userId":1}
{"duration":"3756ms","ip":"::1","label":"HTTP","level":"info","message":"HTTP GET /api/v1/dashboard - 200 [3756ms]","method":"GET","requestId":"b2e999ba-db75-481b-a6b5-088e07b62072","status":200,"timestamp":"2026-07-17 09:47:49","url":"/api/v1/dashboard","userId":1}
{"duration":"3686ms","ip":"::1","label":"HTTP","level":"info","message":"HTTP GET /api/v1/dashboard - 200 [3686ms]","method":"GET","requestId":"5178b29e-2948-43c1-bda0-ae11ea08f587","status":200,"timestamp":"2026-07-17 09:47:53","url":"/api/v1/dashboard","userId":1}
{"duration":"1632ms","ip":"::1","label":"HTTP","level":"info","message":"HTTP GET /api/v1/vehicles?page=1&limit=10&search=&includeDeleted=false - 200 [1632ms]","method":"GET","requestId":"f27a1762-c9ce-4501-ae1b-f0e0112bfa77","status":200,"timestamp":"2026-07-17 09:47:54","url":"/api/v1/vehicles?page=1&limit=10&search=&includeDeleted=false","userId":1}
{"duration":"1221ms","ip":"::1","label":"HTTP","level":"info","message":"HTTP GET /api/v1/vehicles?page=1&limit=10&search=&includeDeleted=false - 200 [1221ms]","method":"GET","requestId":"3db6fbea-876a-4a2d-8255-bd9e344a740b","status":200,"timestamp":"2026-07-17 09:48:17","url":"/api/v1/vehicles?page=1&limit=10&search=&includeDeleted=false","userId":1}
{"duration":"1266ms","ip":"::1","label":"HTTP","level":"info","message":"HTTP GET /api/v1/drivers?page=1&limit=10&search=&includeDeleted=false - 200 [1266ms]","method":"GET","requestId":"48441290-01ac-43b1-bff3-e636773fb7af","status":200,"timestamp":"2026-07-17 09:48:19","url":"/api/v1/drivers?page=1&limit=10&search=&includeDeleted=false","userId":1}
{"duration":"1296ms","ip":"::1","label":"HTTP","level":"info","message":"HTTP GET /api/v1/trips?page=1&limit=10&search= - 200 [1296ms]","method":"GET","requestId":"b287bfba-5572-48d4-8c33-8fb1594c29d4","status":200,"timestamp":"2026-07-17 09:48:32","url":"/api/v1/trips?page=1&limit=10&search=","userId":1}
{"duration":"1245ms","ip":"::1","label":"HTTP","level":"info","message":"HTTP GET /api/v1/vehicles - 200 [1245ms]","method":"GET","requestId":"38dadebe-acdf-48b5-a8fc-b94324d064f5","status":200,"timestamp":"2026-07-17 09:48:36","url":"/api/v1/vehicles","userId":1}
{"duration":"1292ms","ip":"::1","label":"HTTP","level":"info","message":"HTTP GET /api/v1/routes - 200 [1292ms]","method":"GET","requestId":"c4330e76-29d5-467f-964b-f38429636916","status":200,"timestamp":"2026-07-17 09:48:36","url":"/api/v1/routes","userId":1}
{"duration":"1303ms","ip":"::1","label":"HTTP","level":"info","message":"HTTP GET /api/v1/drivers - 200 [1303ms]","method":"GET","requestId":"9d169345-80cc-4fd3-8df3-7cbd014cf1e0","status":200,"timestamp":"2026-07-17 09:48:36","url":"/api/v1/drivers","userId":1}
{"duration":"1248ms","ip":"::1","label":"HTTP","level":"info","message":"HTTP GET /api/v1/vehicles - 200 [1248ms]","method":"GET","requestId":"e8834151-7033-4980-bcaf-ae2b412d4ce7","status":200,"timestamp":"2026-07-17 09:48:37","url":"/api/v1/vehicles","userId":1}
{"duration":"1277ms","ip":"::1","label":"HTTP","level":"info","message":"HTTP GET /api/v1/drivers - 200 [1277ms]","method":"GET","requestId":"b4eff60a-983f-4011-b49a-0ea6e30cf634","status":200,"timestamp":"2026-07-17 09:48:37","url":"/api/v1/drivers","userId":1}
{"duration":"1300ms","ip":"::1","label":"HTTP","level":"info","message":"HTTP GET /api/v1/routes - 200 [1300ms]","method":"GET","requestId":"53dc30bc-8153-40e2-9d80-be89cb8a9399","status":200,"timestamp":"2026-07-17 09:48:37","url":"/api/v1/routes","userId":1}
{"duration":"1648ms","ip":"::1","label":"HTTP","level":"info","message":"HTTP POST /api/v1/trips - 201 [1648ms]","method":"POST","requestId":"a1c34f74-b107-465e-84f2-16e228f5da24","status":201,"timestamp":"2026-07-17 09:49:22","url":"/api/v1/trips","userId":1}
{"duration":"1542ms","ip":"::1","label":"HTTP","level":"info","message":"HTTP GET /api/v1/trips?page=1&limit=10&search= - 200 [1542ms]","method":"GET","requestId":"abf5ef82-45e1-47e3-b42c-11bc0a91ecf1","status":200,"timestamp":"2026-07-17 09:49:24","url":"/api/v1/trips?page=1&limit=10&search=","userId":1}
{"duration":"1232ms","ip":"::1","label":"HTTP","level":"info","message":"HTTP GET /api/v1/trips/43 - 200 [1232ms]","method":"GET","requestId":"a409c608-0843-4c69-8eec-e932fdf693ee","status":200,"timestamp":"2026-07-17 09:49:33","url":"/api/v1/trips/43","userId":1}
{"duration":"1007ms","ip":"::1","label":"HTTP","level":"info","message":"HTTP GET /api/v1/vehicles/4 - 200 [1007ms]","method":"GET","requestId":"4046b498-310b-45ec-9ecb-4f86807f5275","status":200,"timestamp":"2026-07-17 09:49:34","url":"/api/v1/vehicles/4","userId":1}
{"duration":"1023ms","ip":"::1","label":"HTTP","level":"info","message":"HTTP GET /api/v1/drivers/5 - 200 [1023ms]","method":"GET","requestId":"7a8c9bb7-cb64-40d2-bde7-b7ff5e477741","status":200,"timestamp":"2026-07-17 09:49:34","url":"/api/v1/drivers/5","userId":1}
{"duration":"1080ms","ip":"::1","label":"HTTP","level":"info","message":"HTTP GET /api/v1/trips/43 - 200 [1080ms]","method":"GET","requestId":"95ded2f5-9ee0-4bcf-aa41-c94eb7e56bc8","status":200,"timestamp":"2026-07-17 09:49:34","url":"/api/v1/trips/43","userId":1}
{"duration":"932ms","ip":"::1","label":"HTTP","level":"info","message":"HTTP GET /api/v1/drivers/5 - 200 [932ms]","method":"GET","requestId":"d6fb5f57-2fb9-4ffc-952e-f4044ad2bfab","status":200,"timestamp":"2026-07-17 09:49:35","url":"/api/v1/drivers/5","userId":1}
{"duration":"1004ms","ip":"::1","label":"HTTP","level":"info","message":"HTTP GET /api/v1/vehicles/4 - 200 [1004ms]","method":"GET","requestId":"1926f65c-c763-4b33-bb26-aef86f6a78d4","status":200,"timestamp":"2026-07-17 09:49:35","url":"/api/v1/vehicles/4","userId":1}
{"duration":"5809ms","ip":"::1","label":"HTTP","level":"info","message":"HTTP POST /api/v1/trips/43/dispatch - 200 [5809ms]","method":"POST","requestId":"4b0b5afb-97fb-442d-a37b-eee77b05c4e6","status":200,"timestamp":"2026-07-17 09:49:57","url":"/api/v1/trips/43/dispatch","userId":1}
{"duration":"1357ms","ip":"::1","label":"HTTP","level":"info","message":"HTTP GET /api/v1/trips/43 - 200 [1357ms]","method":"GET","requestId":"61949a32-c308-4fcc-b8dd-4483a2f772d1","status":200,"timestamp":"2026-07-17 09:49:58","url":"/api/v1/trips/43","userId":1}
{"duration":"1235ms","ip":"::1","label":"HTTP","level":"info","message":"HTTP GET /api/v1/vehicles/4 - 200 [1235ms]","method":"GET","requestId":"a9ac9fe4-a49b-4b76-aa33-abe018862dcb","status":200,"timestamp":"2026-07-17 09:49:59","url":"/api/v1/vehicles/4","userId":1}
{"duration":"1232ms","ip":"::1","label":"HTTP","level":"info","message":"HTTP GET /api/v1/drivers/5 - 200 [1232ms]","method":"GET","requestId":"b6671a79-231f-4fde-b67e-715da0f527b3","status":200,"timestamp":"2026-07-17 09:49:59","url":"/api/v1/drivers/5","userId":1}
{"duration":"5047ms","ip":"::1","label":"HTTP","level":"info","message":"HTTP POST /api/v1/trips/43/start - 200 [5047ms]","method":"POST","requestId":"c676d782-abd0-4d60-b8db-97ac9a01c997","status":200,"timestamp":"2026-07-17 09:50:16","url":"/api/v1/trips/43/start","userId":1}
{"duration":"1015ms","ip":"::1","label":"HTTP","level":"info","message":"HTTP GET /api/v1/trips/43 - 200 [1015ms]","method":"GET","requestId":"537495aa-dda1-4484-883a-aaaca301153e","status":200,"timestamp":"2026-07-17 09:50:17","url":"/api/v1/trips/43","userId":1}
{"duration":"1012ms","ip":"::1","label":"HTTP","level":"info","message":"HTTP GET /api/v1/vehicles/4 - 200 [1012ms]","method":"GET","requestId":"fc315baa-7fdb-4489-b7f3-a05deeaf8b8d","status":200,"timestamp":"2026-07-17 09:50:18","url":"/api/v1/vehicles/4","userId":1}
{"duration":"1063ms","ip":"::1","label":"HTTP","level":"info","message":"HTTP GET /api/v1/drivers/5 - 200 [1063ms]","method":"GET","requestId":"24ddaf50-e642-4f1c-bc8e-a11c08367387","status":200,"timestamp":"2026-07-17 09:50:18","url":"/api/v1/drivers/5","userId":1}
{"duration":"4224ms","ip":"::1","label":"HTTP","level":"info","message":"HTTP POST /api/v1/trips/43/complete - 500 [4224ms]","method":"POST","requestId":"aff7d37d-c3a5-4bc4-b7c8-c5f9558e89be","status":500,"timestamp":"2026-07-17 09:57:28","url":"/api/v1/trips/43/complete","userId":1}
{"duration":"1327ms","ip":"::1","label":"HTTP","level":"info","message":"HTTP GET /api/v1/maintenance/dashboard-kpis - 200 [1327ms]","method":"GET","requestId":"dd3befb7-a51b-46bd-bf16-f912b19cca11","status":200,"timestamp":"2026-07-17 09:57:41","url":"/api/v1/maintenance/dashboard-kpis","userId":1}
{"duration":"1377ms","ip":"::1","label":"HTTP","level":"info","message":"HTTP GET /api/v1/maintenance?page=1&limit=100 - 200 [1377ms]","method":"GET","requestId":"f94a2264-e3da-4437-a7f1-d05004033bd1","status":200,"timestamp":"2026-07-17 09:57:41","url":"/api/v1/maintenance?page=1&limit=100","userId":1}
{"duration":"1293ms","ip":"::1","label":"HTTP","level":"info","message":"HTTP GET /api/v1/maintenance/dashboard-kpis - 200 [1293ms]","method":"GET","requestId":"3f7eebb1-e6f6-49ae-bfe2-b256ecf153ae","status":200,"timestamp":"2026-07-17 09:57:43","url":"/api/v1/maintenance/dashboard-kpis","userId":1}
{"duration":"1356ms","ip":"::1","label":"HTTP","level":"info","message":"HTTP GET /api/v1/maintenance?page=1&limit=100 - 200 [1356ms]","method":"GET","requestId":"3d71534c-39f1-49cc-a82a-9464bb469090","status":200,"timestamp":"2026-07-17 09:57:43","url":"/api/v1/maintenance?page=1&limit=100","userId":1}
{"duration":"1064ms","ip":"::1","label":"HTTP","level":"info","message":"HTTP GET /api/v1/fuel - 200 [1064ms]","method":"GET","requestId":"dbc65042-a480-4487-af85-008a26d3bf7c","status":200,"timestamp":"2026-07-17 09:58:11","url":"/api/v1/fuel","userId":1}
{"duration":"1226ms","ip":"::1","label":"HTTP","level":"info","message":"HTTP GET /api/v1/fuel - 200 [1226ms]","method":"GET","requestId":"4a7f2ad0-6a50-4ef7-aed3-93b7b4c59c5f","status":200,"timestamp":"2026-07-17 09:58:12","url":"/api/v1/fuel","userId":1}
{"duration":"2804ms","ip":"::1","label":"HTTP","level":"info","message":"HTTP GET /api/v1/expenses/dashboard-kpis?dateRange=Last+30+Days - 200 [2804ms]","method":"GET","requestId":"31e0b6e7-da25-4415-91ff-f3859125bccb","status":200,"timestamp":"2026-07-17 09:58:23","url":"/api/v1/expenses/dashboard-kpis?dateRange=Last+30+Days","userId":1}
{"duration":"2758ms","ip":"::1","label":"HTTP","level":"info","message":"HTTP GET /api/v1/expenses/dashboard-kpis?dateRange=Last+30+Days - 200 [2758ms]","method":"GET","requestId":"79d6d00c-dd7b-48a6-905e-af221cfe9d65","status":200,"timestamp":"2026-07-17 09:58:25","url":"/api/v1/expenses/dashboard-kpis?dateRange=Last+30+Days","userId":1}
{"duration":"3214ms","ip":"::1","label":"HTTP","level":"info","message":"HTTP GET /api/v1/dashboard - 200 [3214ms]","method":"GET","requestId":"9bc76f32-077d-4ded-8f26-6388355c91a3","status":200,"timestamp":"2026-07-17 09:59:20","url":"/api/v1/dashboard","userId":1}
{"duration":"3159ms","ip":"::1","label":"HTTP","level":"info","message":"HTTP GET /api/v1/dashboard - 200 [3159ms]","method":"GET","requestId":"62ed23a2-41c1-49ed-bd85-a2f82ba42cc5","status":200,"timestamp":"2026-07-17 09:59:23","url":"/api/v1/dashboard","userId":1}
{"duration":"5ms","ip":"::1","label":"HTTP","level":"info","message":"HTTP GET /api/v1/auth/me - 401 [5ms]","method":"GET","requestId":"30b9e907-34d0-49b4-bd7d-1b10f6e88cd1","status":401,"timestamp":"2026-07-17 10:03:29","url":"/api/v1/auth/me","userId":null}
{"duration":"6ms","ip":"::1","label":"HTTP","level":"info","message":"HTTP GET /api/v1/auth/me - 401 [6ms]","method":"GET","requestId":"f0214d87-88da-44a4-9e53-9282abdb1966","status":401,"timestamp":"2026-07-17 10:03:30","url":"/api/v1/auth/me","userId":null}
{"duration":"4ms","ip":"::1","label":"HTTP","level":"info","message":"HTTP GET /api/v1/auth/me - 401 [4ms]","method":"GET","requestId":"86e79102-5146-4d44-8d84-d0bab9a6a61a","status":401,"timestamp":"2026-07-17 10:03:30","url":"/api/v1/auth/me","userId":null}
{"duration":"4ms","ip":"::1","label":"HTTP","level":"info","message":"HTTP GET /api/v1/auth/me - 401 [4ms]","method":"GET","requestId":"e916560c-8cff-4d35-b3d5-925958c7885d","status":401,"timestamp":"2026-07-17 10:03:30","url":"/api/v1/auth/me","userId":null}
{"duration":"21ms","ip":"::1","label":"HTTP","level":"info","message":"HTTP GET /api/v1/auth/me - 401 [21ms]","method":"GET","requestId":"59cb1f62-29b7-4d15-9ddc-3e8b9a593f78","status":401,"timestamp":"2026-07-17 10:03:30","url":"/api/v1/auth/me","userId":null}
{"duration":"4ms","ip":"::1","label":"HTTP","level":"info","message":"HTTP GET /api/v1/auth/me - 401 [4ms]","method":"GET","requestId":"b56e567f-ddeb-4400-b4b9-22a446b33801","status":401,"timestamp":"2026-07-17 10:03:30","url":"/api/v1/auth/me","userId":null}
{"duration":"1907ms","ip":"::1","label":"HTTP","level":"info","message":"HTTP POST /api/v1/auth/refresh - 200 [1907ms]","method":"POST","requestId":"6d7cc876-8d87-46bb-8d12-17dcc9798fc3","status":200,"timestamp":"2026-07-17 10:03:31","url":"/api/v1/auth/refresh","userId":null}
{"duration":"1469ms","ip":"::1","label":"HTTP","level":"info","message":"HTTP POST /api/v1/auth/refresh - 200 [1469ms]","method":"POST","requestId":"083c9748-6cdf-4ac6-a08f-c2abc1cdd6f6","status":200,"timestamp":"2026-07-17 10:03:31","url":"/api/v1/auth/refresh","userId":null}
{"duration":"1604ms","ip":"::1","label":"HTTP","level":"info","message":"HTTP POST /api/v1/auth/refresh - 200 [1604ms]","method":"POST","requestId":"a61eeea5-37bd-4bf4-a29a-40dc8a40a339","status":200,"timestamp":"2026-07-17 10:03:32","url":"/api/v1/auth/refresh","userId":null}
{"duration":"682ms","ip":"::1","label":"HTTP","level":"info","message":"HTTP GET /api/v1/auth/me - 200 [682ms]","method":"GET","requestId":"71d35be0-10cd-4d1b-8d48-827905233a2b","status":200,"timestamp":"2026-07-17 10:03:32","url":"/api/v1/auth/me","userId":1}
{"duration":"680ms","ip":"::1","label":"HTTP","level":"info","message":"HTTP GET /api/v1/auth/me - 200 [680ms]","method":"GET","requestId":"861b67aa-2f31-4af8-9fd3-5429936faf59","status":200,"timestamp":"2026-07-17 10:03:33","url":"/api/v1/auth/me","userId":1}
{"duration":"645ms","ip":"::1","label":"HTTP","level":"info","message":"HTTP GET /api/v1/auth/me - 200 [645ms]","method":"GET","requestId":"ccfe306b-1d9d-4a41-b29d-7ca9be935545","status":200,"timestamp":"2026-07-17 10:03:33","url":"/api/v1/auth/me","userId":1}
{"duration":"723ms","ip":"::1","label":"HTTP","level":"info","message":"HTTP GET /api/v1/auth/me - 200 [723ms]","method":"GET","requestId":"91c1d894-d1e3-4c78-a6a8-7f9fc36a34b6","status":200,"timestamp":"2026-07-17 10:03:34","url":"/api/v1/auth/me","userId":1}
{"duration":"658ms","ip":"::1","label":"HTTP","level":"info","message":"HTTP GET /api/v1/auth/me - 200 [658ms]","method":"GET","requestId":"d1d4e17b-2ebb-4cf0-9a8d-5fe39f8a292c","status":200,"timestamp":"2026-07-17 10:03:35","url":"/api/v1/auth/me","userId":1}
{"duration":"603ms","ip":"::1","label":"HTTP","level":"info","message":"HTTP GET /api/v1/auth/me - 200 [603ms]","method":"GET","requestId":"a6365869-861f-4761-bb05-65bea9fbb52f","status":200,"timestamp":"2026-07-17 10:03:36","url":"/api/v1/auth/me","userId":1}
{"duration":"3244ms","ip":"::1","label":"HTTP","level":"info","message":"HTTP GET /api/v1/dashboard - 200 [3244ms]","method":"GET","requestId":"5566f3f9-061f-4484-9900-1f3c24e0ddbb","status":200,"timestamp":"2026-07-17 10:03:36","url":"/api/v1/dashboard","userId":1}
{"duration":"1022ms","ip":"::1","label":"HTTP","level":"info","message":"HTTP GET /api/v1/fuel - 200 [1022ms]","method":"GET","requestId":"b90f1879-639b-4faf-9924-6bb4c98d8f38","status":200,"timestamp":"2026-07-17 10:03:38","url":"/api/v1/fuel","userId":1}
{"duration":"1162ms","ip":"::1","label":"HTTP","level":"info","message":"HTTP GET /api/v1/fuel - 200 [1162ms]","method":"GET","requestId":"952be724-4687-4960-a0be-b0f77d98a002","status":200,"timestamp":"2026-07-17 10:03:39","url":"/api/v1/fuel","userId":1}
{"duration":"3597ms","ip":"::1","label":"HTTP","level":"info","message":"HTTP GET /api/v1/dashboard - 200 [3597ms]","method":"GET","requestId":"0c165379-392f-4b57-8c0b-ade0e75c0afd","status":200,"timestamp":"2026-07-17 10:03:39","url":"/api/v1/dashboard","userId":1}
{"duration":"1418ms","ip":"::1","label":"HTTP","level":"info","message":"HTTP GET /api/v1/vehicles?page=1&limit=10&search=&includeDeleted=false - 200 [1418ms]","method":"GET","requestId":"5336d290-71bf-49e2-9984-55dae7572a78","status":200,"timestamp":"2026-07-17 10:09:44","url":"/api/v1/vehicles?page=1&limit=10&search=&includeDeleted=false","userId":1}
{"duration":"1391ms","ip":"::1","label":"HTTP","level":"info","message":"HTTP GET /api/v1/drivers?page=1&limit=10&search=&includeDeleted=false - 200 [1391ms]","method":"GET","requestId":"8e522278-dfb8-4740-b781-1be73b9f21fb","status":200,"timestamp":"2026-07-17 10:09:47","url":"/api/v1/drivers?page=1&limit=10&search=&includeDeleted=false","userId":1}
{"duration":"1501ms","ip":"::1","label":"HTTP","level":"info","message":"HTTP GET /api/v1/trips?page=1&limit=10&search= - 200 [1501ms]","method":"GET","requestId":"97d45b01-0c17-4ca3-ba4a-dfd5cf5b004d","status":200,"timestamp":"2026-07-17 10:09:49","url":"/api/v1/trips?page=1&limit=10&search=","userId":1}
{"duration":"921ms","ip":"::1","label":"HTTP","level":"info","message":"HTTP GET /api/v1/fuel - 200 [921ms]","method":"GET","requestId":"6fc3912e-2ce4-4cf1-aaf8-08fe5a4ce7c0","status":200,"timestamp":"2026-07-17 10:09:53","url":"/api/v1/fuel","userId":1}
{"duration":"949ms","ip":"::1","label":"HTTP","level":"info","message":"HTTP GET /api/v1/fuel - 200 [949ms]","method":"GET","requestId":"5a971717-5837-4729-bbe5-2549f6f89dea","status":200,"timestamp":"2026-07-17 10:09:54","url":"/api/v1/fuel","userId":1}
{"duration":"2730ms","ip":"::1","label":"HTTP","level":"info","message":"HTTP GET /api/v1/expenses/dashboard-kpis?dateRange=Last+30+Days - 200 [2730ms]","method":"GET","requestId":"de6b075c-7046-45a6-b332-f3c461da1b70","status":200,"timestamp":"2026-07-17 10:09:55","url":"/api/v1/expenses/dashboard-kpis?dateRange=Last+30+Days","userId":1}
{"duration":"1284ms","ip":"::1","label":"HTTP","level":"info","message":"HTTP GET /api/v1/trips - 200 [1284ms]","method":"GET","requestId":"6f5900d4-819e-47d7-b96d-4dd2df69a9ea","status":200,"timestamp":"2026-07-17 10:09:56","url":"/api/v1/trips","userId":1}
{"duration":"1384ms","ip":"::1","label":"HTTP","level":"info","message":"HTTP GET /api/v1/trips - 200 [1384ms]","method":"GET","requestId":"b9c63a8c-1ba9-489a-b7fa-5293225a0bac","status":200,"timestamp":"2026-07-17 10:09:58","url":"/api/v1/trips","userId":1}
{"duration":"2962ms","ip":"::1","label":"HTTP","level":"info","message":"HTTP GET /api/v1/expenses/dashboard-kpis?dateRange=Last+30+Days - 200 [2962ms]","method":"GET","requestId":"4290abe3-6324-4346-97a6-515db01fc59a","status":200,"timestamp":"2026-07-17 10:09:58","url":"/api/v1/expenses/dashboard-kpis?dateRange=Last+30+Days","userId":1}
{"duration":"2985ms","ip":"::1","label":"HTTP","level":"info","message":"HTTP GET /api/v1/expenses/dashboard-kpis?dateRange=Last+30+Days - 200 [2985ms]","method":"GET","requestId":"ddad9064-e22f-474d-8e2f-6bb152e157ca","status":200,"timestamp":"2026-07-17 10:10:01","url":"/api/v1/expenses/dashboard-kpis?dateRange=Last+30+Days","userId":1}
{"duration":"2937ms","ip":"::1","label":"HTTP","level":"info","message":"HTTP GET /api/v1/expenses/dashboard-kpis?dateRange=Last+30+Days - 200 [2937ms]","method":"GET","requestId":"f8b0a6c0-71f9-4697-a02e-1f339263f495","status":200,"timestamp":"2026-07-17 10:10:04","url":"/api/v1/expenses/dashboard-kpis?dateRange=Last+30+Days","userId":1}
{"duration":"1178ms","ip":"::1","label":"HTTP","level":"info","message":"HTTP GET /api/v1/vehicles?page=1&limit=10&search=&includeDeleted=false - 200 [1178ms]","method":"GET","requestId":"a38810ec-e23b-4559-9ff0-36f3a672a508","status":200,"timestamp":"2026-07-17 10:12:33","url":"/api/v1/vehicles?page=1&limit=10&search=&includeDeleted=false","userId":1}
{"duration":"1266ms","ip":"::1","label":"HTTP","level":"info","message":"HTTP GET /api/v1/drivers?page=1&limit=10&search=&includeDeleted=false - 200 [1266ms]","method":"GET","requestId":"f2937f9b-b15c-4873-bf7b-49751d3f4f56","status":200,"timestamp":"2026-07-17 10:13:02","url":"/api/v1/drivers?page=1&limit=10&search=&includeDeleted=false","userId":1}
{"duration":"1351ms","ip":"::1","label":"HTTP","level":"info","message":"HTTP GET /api/v1/trips?page=1&limit=10&search= - 200 [1351ms]","method":"GET","requestId":"504155bc-d00d-4aa6-8fb2-8fbd5c78f899","status":200,"timestamp":"2026-07-17 10:13:07","url":"/api/v1/trips?page=1&limit=10&search=","userId":1}
{"duration":"48ms","ip":"::1","label":"HTTP","level":"info","message":"HTTP GET /api/v1/auth/me - 401 [48ms]","method":"GET","requestId":"48ae0202-76bc-452b-9616-006ad428e828","status":401,"timestamp":"2026-07-17 11:14:27","url":"/api/v1/auth/me","userId":null}
{"duration":"5ms","ip":"::1","label":"HTTP","level":"info","message":"HTTP GET /api/v1/auth/me - 401 [5ms]","method":"GET","requestId":"e9064b40-e846-4e9c-893d-83e02e668779","status":401,"timestamp":"2026-07-17 11:14:27","url":"/api/v1/auth/me","userId":null}
{"duration":"8ms","ip":"::1","label":"HTTP","level":"info","message":"HTTP GET /api/v1/auth/me - 401 [8ms]","method":"GET","requestId":"f5219b36-4b78-4ab8-ae9f-b3e0381f83ab","status":401,"timestamp":"2026-07-17 11:14:27","url":"/api/v1/auth/me","userId":null}
{"duration":"5ms","ip":"::1","label":"HTTP","level":"info","message":"HTTP GET /api/v1/auth/me - 401 [5ms]","method":"GET","requestId":"40c1443a-bdc8-4579-833f-077fe818edd2","status":401,"timestamp":"2026-07-17 11:14:27","url":"/api/v1/auth/me","userId":null}
{"duration":"22ms","ip":"::1","label":"HTTP","level":"info","message":"HTTP GET /api/v1/auth/me - 401 [22ms]","method":"GET","requestId":"13f18680-1ed1-4838-acc1-1d0894cb0412","status":401,"timestamp":"2026-07-17 11:14:27","url":"/api/v1/auth/me","userId":null}
{"duration":"112ms","ip":"::1","label":"HTTP","level":"info","message":"HTTP GET /api/v1/auth/me - 401 [112ms]","method":"GET","requestId":"ba698de6-fdcb-4c87-95fa-605cfa9e7368","status":401,"timestamp":"2026-07-17 11:14:27","url":"/api/v1/auth/me","userId":null}
{"duration":"1755ms","ip":"::1","label":"HTTP","level":"info","message":"HTTP POST /api/v1/auth/refresh - 200 [1755ms]","method":"POST","requestId":"35a0fe12-5e82-498e-b680-9fdfd4ec1068","status":200,"timestamp":"2026-07-17 11:14:29","url":"/api/v1/auth/refresh","userId":null}
{"duration":"1555ms","ip":"::1","label":"HTTP","level":"info","message":"HTTP POST /api/v1/auth/refresh - 200 [1555ms]","method":"POST","requestId":"2457452a-60d7-45fb-8c6c-e8087e2c472a","status":200,"timestamp":"2026-07-17 11:14:29","url":"/api/v1/auth/refresh","userId":null}
{"duration":"1621ms","ip":"::1","label":"HTTP","level":"info","message":"HTTP POST /api/v1/auth/refresh - 200 [1621ms]","method":"POST","requestId":"39d5b84b-b86a-4ecf-a711-92f99b4ae6ac","status":200,"timestamp":"2026-07-17 11:14:29","url":"/api/v1/auth/refresh","userId":null}
{"duration":"535ms","ip":"::1","label":"HTTP","level":"info","message":"HTTP GET /api/v1/auth/me - 200 [535ms]","method":"GET","requestId":"44dee0b1-1bd7-449e-845d-28197baa6989","status":200,"timestamp":"2026-07-17 11:14:30","url":"/api/v1/auth/me","userId":1}
{"duration":"646ms","ip":"::1","label":"HTTP","level":"info","message":"HTTP GET /api/v1/auth/me - 200 [646ms]","method":"GET","requestId":"5a5a63e5-bfe3-4f45-afd5-e8a16fa7aa4d","status":200,"timestamp":"2026-07-17 11:14:30","url":"/api/v1/auth/me","userId":1}
{"duration":"553ms","ip":"::1","label":"HTTP","level":"info","message":"HTTP GET /api/v1/auth/me - 200 [553ms]","method":"GET","requestId":"038dfef3-e9aa-4fe9-8722-fd1f3a51121a","status":200,"timestamp":"2026-07-17 11:14:31","url":"/api/v1/auth/me","userId":1}
{"duration":"933ms","ip":"::1","label":"HTTP","level":"info","message":"HTTP GET /api/v1/fuel - 200 [933ms]","method":"GET","requestId":"2c56de99-e6a5-4f8d-b49d-f17a64f1d56f","status":200,"timestamp":"2026-07-17 11:14:31","url":"/api/v1/fuel","userId":1}
{"duration":"588ms","ip":"::1","label":"HTTP","level":"info","message":"HTTP GET /api/v1/auth/me - 200 [588ms]","method":"GET","requestId":"9f565271-1abf-4b25-a718-2c0515c8270a","status":200,"timestamp":"2026-07-17 11:14:32","url":"/api/v1/auth/me","userId":1}
{"duration":"627ms","ip":"::1","label":"HTTP","level":"info","message":"HTTP GET /api/v1/auth/me - 200 [627ms]","method":"GET","requestId":"21998187-42f5-478f-8240-7b0a98f74466","status":200,"timestamp":"2026-07-17 11:14:32","url":"/api/v1/auth/me","userId":1}
{"duration":"1086ms","ip":"::1","label":"HTTP","level":"info","message":"HTTP GET /api/v1/fuel - 200 [1086ms]","method":"GET","requestId":"b970d6a7-ff19-4f68-897a-90dbd604f052","status":200,"timestamp":"2026-07-17 11:14:33","url":"/api/v1/fuel","userId":1}
{"duration":"561ms","ip":"::1","label":"HTTP","level":"info","message":"HTTP GET /api/v1/auth/me - 200 [561ms]","method":"GET","requestId":"118dd1b6-f93e-4d01-adaf-a2f53223e474","status":200,"timestamp":"2026-07-17 11:14:33","url":"/api/v1/auth/me","userId":1}
{"duration":"1451ms","ip":"::1","label":"HTTP","level":"info","message":"HTTP GET /api/v1/trips?page=1&limit=10&search= - 200 [1451ms]","method":"GET","requestId":"1d7777c3-794e-40e3-9b59-ec126437547a","status":200,"timestamp":"2026-07-17 11:14:34","url":"/api/v1/trips?page=1&limit=10&search=","userId":1}
{"duration":"1884ms","ip":"::1","label":"HTTP","level":"info","message":"HTTP GET /api/v1/auth/me - 200 [1884ms]","method":"GET","requestId":"9050a80b-3eec-4f1d-b751-ce03d7bae5b2","status":200,"timestamp":"2026-07-17 11:20:49","url":"/api/v1/auth/me","userId":1}
{"duration":"583ms","ip":"::1","label":"HTTP","level":"info","message":"HTTP GET /api/v1/auth/me - 200 [583ms]","method":"GET","requestId":"a9065daf-b8ac-4534-bee0-9c9c6befe4cf","status":200,"timestamp":"2026-07-17 11:20:50","url":"/api/v1/auth/me","userId":1}
{"duration":"544ms","ip":"::1","label":"HTTP","level":"info","message":"HTTP GET /api/v1/auth/me - 200 [544ms]","method":"GET","requestId":"ccf9de7f-cf14-47b8-a085-64f6bd47e95a","status":200,"timestamp":"2026-07-17 11:20:50","url":"/api/v1/auth/me","userId":1}
{"duration":"588ms","ip":"::1","label":"HTTP","level":"info","message":"HTTP GET /api/v1/auth/me - 200 [588ms]","method":"GET","requestId":"45815d53-9cbc-45a9-97cb-2259d9c86b4d","status":200,"timestamp":"2026-07-17 11:20:51","url":"/api/v1/auth/me","userId":1}
{"duration":"562ms","ip":"::1","label":"HTTP","level":"info","message":"HTTP GET /api/v1/auth/me - 200 [562ms]","method":"GET","requestId":"2f71681a-ddae-4db1-a961-c91cb9d55b8c","status":200,"timestamp":"2026-07-17 11:20:51","url":"/api/v1/auth/me","userId":1}
{"duration":"536ms","ip":"::1","label":"HTTP","level":"info","message":"HTTP GET /api/v1/auth/me - 200 [536ms]","method":"GET","requestId":"6679e008-1d74-4f89-a9c0-3a2fe059bc94","status":200,"timestamp":"2026-07-17 11:20:52","url":"/api/v1/auth/me","userId":1}
{"duration":"1653ms","ip":"::1","label":"HTTP","level":"info","message":"HTTP GET /api/v1/fuel - 200 [1653ms]","method":"GET","requestId":"419269e1-49f4-4788-be80-3e442ec8f645","status":200,"timestamp":"2026-07-17 11:20:53","url":"/api/v1/fuel","userId":1}
{"duration":"920ms","ip":"::1","label":"HTTP","level":"info","message":"HTTP GET /api/v1/fuel - 200 [920ms]","method":"GET","requestId":"8026bb24-8621-446d-a96c-3caa9a5c0470","status":200,"timestamp":"2026-07-17 11:20:54","url":"/api/v1/fuel","userId":1}
{"duration":"2168ms","ip":"::1","label":"HTTP","level":"info","message":"HTTP GET /api/v1/trips?page=1&limit=10&search= - 200 [2168ms]","method":"GET","requestId":"19d285f4-dd8c-41fd-9e7a-b64359125469","status":200,"timestamp":"2026-07-17 11:20:54","url":"/api/v1/trips?page=1&limit=10&search=","userId":1}
{"duration":"1405ms","ip":"::1","label":"HTTP","level":"info","message":"HTTP POST /api/v1/auth/login - 200 [1405ms]","method":"POST","requestId":"644a2cff-1527-4578-bdf7-bd0e118d139a","status":200,"timestamp":"2026-07-17 19:23:31","url":"/api/v1/auth/login","userId":null}
{"duration":"618ms","ip":"::1","label":"HTTP","level":"info","message":"HTTP GET /api/v1/auth/me - 200 [618ms]","method":"GET","requestId":"24f20d27-1ced-45e8-b7a8-b5a632c3c554","status":200,"timestamp":"2026-07-17 19:23:32","url":"/api/v1/auth/me","userId":1}
{"duration":"3243ms","ip":"::1","label":"HTTP","level":"info","message":"HTTP GET /api/v1/dashboard - 200 [3243ms]","method":"GET","requestId":"97f91807-1c5a-486a-9fce-a02a58fc0e82","status":200,"timestamp":"2026-07-17 19:23:36","url":"/api/v1/dashboard","userId":1}
{"duration":"3030ms","ip":"::1","label":"HTTP","level":"info","message":"HTTP GET /api/v1/dashboard - 200 [3030ms]","method":"GET","requestId":"21aeb2d1-e9bd-499c-8cb0-b785c37364a7","status":200,"timestamp":"2026-07-17 19:23:39","url":"/api/v1/dashboard","userId":1}
{"duration":"9ms","ip":"::1","label":"HTTP","level":"info","message":"HTTP GET /api/v1/trips?page=1&limit=10&search= - 401 [9ms]","method":"GET","requestId":"0d8b3958-83f9-4ba8-8dc1-1428292cede5","status":401,"timestamp":"2026-07-17 19:24:01","url":"/api/v1/trips?page=1&limit=10&search=","userId":null}
{"duration":"311ms","ip":"::1","label":"HTTP","level":"info","message":"HTTP POST /api/v1/auth/refresh - 401 [311ms]","method":"POST","requestId":"233a2449-d17f-441c-a365-e5cb8d8ec9da","status":401,"timestamp":"2026-07-17 19:24:01","url":"/api/v1/auth/refresh","userId":null}
{"duration":"1558ms","ip":"::1","label":"HTTP","level":"info","message":"HTTP POST /api/v1/auth/login - 200 [1558ms]","method":"POST","requestId":"a3470951-b494-4fe9-a755-8de6c331a613","status":200,"timestamp":"2026-07-17 19:24:50","url":"/api/v1/auth/login","userId":null}
{"duration":"668ms","ip":"::1","label":"HTTP","level":"info","message":"HTTP GET /api/v1/auth/me - 200 [668ms]","method":"GET","requestId":"b542d93a-c999-453f-8f48-745491bdf742","status":200,"timestamp":"2026-07-17 19:24:50","url":"/api/v1/auth/me","userId":1}
{"duration":"2994ms","ip":"::1","label":"HTTP","level":"info","message":"HTTP GET /api/v1/dashboard - 200 [2994ms]","method":"GET","requestId":"693f116a-a90b-46ba-b6d3-04b1dc37b27c","status":200,"timestamp":"2026-07-17 19:24:54","url":"/api/v1/dashboard","userId":1}
{"duration":"3080ms","ip":"::1","label":"HTTP","level":"info","message":"HTTP GET /api/v1/dashboard - 200 [3080ms]","method":"GET","requestId":"ded2b4dc-07b6-4e50-bace-595ea81a93a3","status":200,"timestamp":"2026-07-17 19:24:57","url":"/api/v1/dashboard","userId":1}
{"duration":"1374ms","ip":"::1","label":"HTTP","level":"info","message":"HTTP GET /api/v1/maintenance?page=1&limit=100 - 200 [1374ms]","method":"GET","requestId":"afb83424-d6b7-47a0-a5f4-81cafb3ebc80","status":200,"timestamp":"2026-07-17 19:25:34","url":"/api/v1/maintenance?page=1&limit=100","userId":1}
{"duration":"1290ms","ip":"::1","label":"HTTP","level":"info","message":"HTTP GET /api/v1/maintenance?page=1&limit=100 - 200 [1290ms]","method":"GET","requestId":"96ca5249-2406-4d9f-95d1-e538956ad3ee","status":200,"timestamp":"2026-07-17 19:25:35","url":"/api/v1/maintenance?page=1&limit=100","userId":1}
{"duration":"5868ms","ip":"::1","label":"HTTP","level":"info","message":"HTTP GET /api/v1/maintenance/dashboard-kpis - 200 [5868ms]","method":"GET","requestId":"7d01a5d1-ed15-43bd-bb51-333e2e02065a","status":200,"timestamp":"2026-07-17 19:25:39","url":"/api/v1/maintenance/dashboard-kpis","userId":1}
{"duration":"1715ms","ip":"::1","label":"HTTP","level":"info","message":"HTTP GET /api/v1/maintenance/dashboard-kpis - 200 [1715ms]","method":"GET","requestId":"d18fead9-9d32-4c6f-b52e-263b56f11862","status":200,"timestamp":"2026-07-17 19:25:40","url":"/api/v1/maintenance/dashboard-kpis","userId":1}
{"duration":"1573ms","ip":"::1","label":"HTTP","level":"info","message":"HTTP GET /api/v1/fuel - 200 [1573ms]","method":"GET","requestId":"d4fa5e33-add6-4b20-a503-330ba6888bf9","status":200,"timestamp":"2026-07-17 19:27:29","url":"/api/v1/fuel","userId":1}
{"duration":"1224ms","ip":"::1","label":"HTTP","level":"info","message":"HTTP GET /api/v1/fuel - 200 [1224ms]","method":"GET","requestId":"d69d49d2-af72-4a3b-8e4c-247d34a10fca","status":200,"timestamp":"2026-07-17 19:27:31","url":"/api/v1/fuel","userId":1}
